#
# A fatal error has been detected by the Java Runtime Environment:
#
#  EXCEPTION_ACCESS_VIOLATION (0xc0000005) at pc=0x0000019862080f84, pid=10260, tid=7884
#
# JRE version: OpenJDK Runtime Environment Temurin-21.0.1+12 (21.0.1+12) (build 21.0.1+12-LTS)
# Java VM: OpenJDK 64-Bit Server VM Temurin-21.0.1+12 (21.0.1+12-LTS, mixed mode, emulated-client, sharing, tiered, compressed oops, compressed class ptrs, g1 gc, windows-amd64)
# Problematic frame:
# v  ~BufferBlob::MethodHandles adapters 0x0000019862080f84
#
# No core dump will be written. Minidumps are not enabled by default on client versions of Windows
#
# If you would like to submit a bug report, please visit:
#   https://github.com/adoptium/adoptium-support/issues
#

---------------  S U M M A R Y ------------

Command Line: -XX:+ShowCodeDetailsInExceptionMessages -agentlib:jdwp=transport=dt_socket,suspend=y,address=localhost:49719 -Dcom.sun.management.jmxremote -Dcom.sun.management.jmxremote.port=49718 -Dcom.sun.management.jmxremote.authenticate=false -Dcom.sun.management.jmxremote.ssl=false -Djava.rmi.server.hostname=localhost -Dspring.jmx.enabled=true -Dmanagement.endpoints.jmx.exposure.include=* -Dspring.application.admin.enabled=true -XX:TieredStopAtLevel=1 -Dspring.boot.project.name=triplanner -javaagent:C:\pleiades\2023-12\eclipse\configuration\org.eclipse.osgi\249\0\.cp\lib\javaagent-shaded.jar -Dfile.encoding=UTF-8 -Dstdout.encoding=UTF-8 -Dstderr.encoding=UTF-8 com.example.triplanner.TriplannerApplication --spring.output.ansi.enabled=always

Host: Intel(R) Core(TM) i7-5500U CPU @ 2.40GHz, 4 cores, 7G,  Windows 10 , 64 bit Build 19041 (10.0.19041.3636)
Time: Wed Feb 14 19:32:07 2024  Windows 10 , 64 bit Build 19041 (10.0.19041.3636) elapsed time: 3519.602637 seconds (0d 0h 58m 39s)

---------------  T H R E A D  ---------------

Current thread (0x0000019871172da0):  JavaThread "http-nio-8080-exec-6" daemon [_thread_in_Java, id=7884, stack(0x000000501fd00000,0x000000501fe00000) (1024K)]

Stack: [0x000000501fd00000,0x000000501fe00000],  sp=0x000000501fdfd118,  free space=1012k
Native frames: (J=compiled Java code, j=interpreted, Vv=VM code, C=native code)
C  0x0000019862080f84

The last pc belongs to _linkToVirtual (printed below).

siginfo: EXCEPTION_ACCESS_VIOLATION (0xc0000005), reading address 0x000001a86b40443e


Registers:
RAX=0x000001986205958b, RBX=0x00000000837480f0, RCX=0x000000501fdfd130, RDX=0x0000000000000004
RSP=0x000000501fdfd118, RBP=0x000000501fdfd178, RSI=0x000001986e631c88, RDI=0x0000019871327620
R8 =0x0000000000000004, R9 =0x0000000000000004, R10=0x000001986b404276, R11=0x0000000200000000
R12=0x0000000000000000, R13=0x000000501fdfd118, R14=0x000000501fdfd1a8, R15=0x0000019871172da0
RIP=0x0000019862080f84, EFLAGS=0x0000000000010202


Register to memory mapping:

RAX=0x000001986205958b is at code_begin+4363 in an Interpreter codelet
return entry points  [0x0000019862058480, 0x000001986205a298]  7704 bytes
RBX=0x00000000837480f0 is an oop: org.springframework.validation.support.BindingAwareModelMap 
{0x00000000837480f0} - klass: 'org/springframework/validation/support/BindingAwareModelMap'
 - ---- fields (total size 8 words):
 - transient 'keySet' 'Ljava/util/Set;' @12  null (0x00000000)
 - transient 'values' 'Ljava/util/Collection;' @16  null (0x00000000)
 - transient 'size' 'I' @20  2 (0x00000002)
 - transient 'modCount' 'I' @24  2 (0x00000002)
 - 'threshold' 'I' @28  3 (0x00000003)
 - final 'loadFactor' 'F' @32  0.750000 (0x3f400000)
 - transient 'table' '[Ljava/util/HashMap$Node;' @36  a 'java/util/HashMap$Node'[4] {0x0000000084086bb8} (0x84086bb8)
 - transient 'entrySet' 'Ljava/util/Set;' @40  null (0x00000000)
 - transient 'putMode' 'I' @44  0 (0x00000000)
 - final 'accessOrder' 'Z' @48  false (0x00)
 - transient 'head' 'Ljava/util/LinkedHashMap$Entry;' @52  a 'java/util/LinkedHashMap$Entry'{0x0000000084086a60} (0x84086a60)
 - transient 'tail' 'Ljava/util/LinkedHashMap$Entry;' @56  a 'java/util/LinkedHashMap$Entry'{0x00000000840867b8} (0x840867b8)
RCX=0x000000501fdfd130 is pointing into the stack for thread: 0x0000019871172da0
RDX=0x0000000000000004 is an unknown value
RSP=0x000000501fdfd118 is pointing into the stack for thread: 0x0000019871172da0
RBP=0x000000501fdfd178 is pointing into the stack for thread: 0x0000019871172da0
RSI=0x000001986e631c88 points into unknown readable memory: 0x88007298044fb1c6 | c6 b1 4f 04 98 72 00 88
RDI=0x0000019871327620 points into unknown readable memory: 0x0000002800000080 | 80 00 00 00 28 00 00 00
R8 =0x0000000000000004 is an unknown value
R9 =0x0000000000000004 is an unknown value
R10=0x000001986b404276 is pointing into metadata
R11=0x0000000200000000 is an unknown value
R12=0x0 is null
R13=0x000000501fdfd118 is pointing into the stack for thread: 0x0000019871172da0
R14=0x000000501fdfd1a8 is pointing into the stack for thread: 0x0000019871172da0
R15=0x0000019871172da0 is a thread

Top of Stack: (sp=0x000000501fdfd118)
0x000000501fdfd118:   000001986205958b 00000000837480c0
0x000000501fdfd128:   0000000082d70fd8 000000501fdfd130
0x000000501fdfd138:   000001986b404276 0000000000000006
0x000000501fdfd148:   000001986b4043c8 000000501fdfd218
0x000000501fdfd158:   0000000082744f70 000001986b404288
0x000000501fdfd168:   000000501fdfd118 000000501fdfd1b0
0x000000501fdfd178:   000000501fdfd218 000001986205958b
0x000000501fdfd188:   00000000837481c0 00000000837480f0
0x000000501fdfd198:   00000000837480c0 0000000082d70fd8
0x000000501fdfd1a8:   0000000083748198 0000000085570080
0x000000501fdfd1b8:   00000000851677e0 0000000082d70fd8
0x000000501fdfd1c8:   00000000851966e0 000000501fdfd1d0
0x000000501fdfd1d8:   000001986bb95b01 000000000000000c
0x000000501fdfd1e8:   000001986bb95c50 0000000000000000
0x000000501fdfd1f8:   0000000082733a90 000001986bb95b10
0x000000501fdfd208:   000000501fdfd1b0 000000501fdfd280
0x000000501fdfd218:   000000501fdfd530 0000019862abc1ca
0x000000501fdfd228:   0000000083748198 0000000082d70fd8
0x000000501fdfd238:   0000000083748270 00000000837480c0
0x000000501fdfd248:   0000000083748248 00000000837480f0
0x000000501fdfd258:   0000000083748220 00000000837480f0
0x000000501fdfd268:   00000000837480c0 0000000082d70fd8
0x000000501fdfd278:   00000000837481f0 00007ff900000000
0x000000501fdfd288:   0000000082e85330 0000000082300b00
0x000000501fdfd298:   0000000085196b68 0000000085196b38
0x000000501fdfd2a8:   00007ff900000001 0000000082300b00
0x000000501fdfd2b8:   00000000830dfcd0 0000000082e84f80
0x000000501fdfd2c8:   0000000085195dc8 000000501fdfd530
0x000000501fdfd2d8:   00000198623fb7ec 0000000000000020
0x000000501fdfd2e8:   0000019871172da0 000000501fdfd530
0x000000501fdfd2f8:   0000019862c3d66c 0000000000000000
0x000000501fdfd308:   0000000000000000 0000000000000000 

Instructions: (pc=0x0000019862080f84)
0x0000019862080e84:   00 00 00 00 01 00 00 00 00 00 00 00 10 e6 ed 1c
0x0000019862080e94:   f9 7f 00 00 00 0f 08 62 98 01 00 00 80 1f 08 62
0x0000019862080ea4:   98 01 00 00 00 0f 08 62 98 01 00 00 80 1f 08 62
0x0000019862080eb4:   98 01 00 00 f0 0e 08 62 98 01 00 00 f0 0e 08 62
0x0000019862080ec4:   98 01 00 00 00 00 00 00 00 00 00 00 a8 e6 ed 1c
0x0000019862080ed4:   f9 7f 00 00 f0 10 00 00 60 00 00 00 ff ff ff ff
0x0000019862080ee4:   f0 10 00 00 00 00 00 00 00 00 00 00 00 00 00 00
0x0000019862080ef4:   00 00 00 00 00 00 00 00 00 00 00 00 f4 66 66 66
0x0000019862080f04:   0f 1f 84 00 00 00 00 00 66 66 66 90 66 66 66 0f
0x0000019862080f14:   1f 84 00 00 00 00 00 66 66 66 90 90 48 8b 53 08
0x0000019862080f24:   0f b7 52 2e 48 8b 0c d4 8b 59 14 8b 5b 28 8b 5b
0x0000019862080f34:   24 48 8b 5b 10 48 85 db 0f 84 10 00 00 00 41 80
0x0000019862080f44:   bf e0 05 00 00 00 74 03 ff 63 38 ff 63 50 e9 a9
0x0000019862080f54:   16 00 00 66 0f 1f 84 00 00 00 00 00 48 8b 53 08
0x0000019862080f64:   0f b7 52 2e 48 8b 0c d4 58 5b 50 44 8b 51 08 49
0x0000019862080f74:   bb 00 00 00 00 98 01 00 00 4d 03 d3 4c 8b 5b 10
0x0000019862080f84:   4b 8b 9c da c8 01 00 00 48 85 db 0f 84 10 00 00
0x0000019862080f94:   00 41 80 bf e0 05 00 00 00 74 03 ff 63 38 ff 63
0x0000019862080fa4:   50 e9 56 16 00 00 66 66 66 0f 1f 84 00 00 00 00
0x0000019862080fb4:   00 66 66 66 90 0f 1f 80 00 00 00 00 58 5b 50 8b
0x0000019862080fc4:   5b 24 48 8b 5b 10 48 85 db 0f 84 10 00 00 00 41
0x0000019862080fd4:   80 bf e0 05 00 00 00 74 03 ff 63 38 ff 63 50 e9
0x0000019862080fe4:   18 16 00 00 66 66 66 0f 1f 84 00 00 00 00 00 66
0x0000019862080ff4:   66 66 90 66 0f 1f 84 00 00 00 00 00 48 8b 53 08
0x0000019862081004:   0f b7 52 2e 48 8b 0c d4 58 5b 50 48 3b 01 8b 5b
0x0000019862081014:   24 48 8b 5b 10 48 85 db 0f 84 10 00 00 00 41 80
0x0000019862081024:   bf e0 05 00 00 00 74 03 ff 63 38 ff 63 50 e9 c9
0x0000019862081034:   15 00 00 66 0f 1f 84 00 00 00 00 00 48 8b 53 08
0x0000019862081044:   0f b7 52 2e 48 8b 0c d4 58 5b 50 44 8b 51 08 49
0x0000019862081054:   bb 00 00 00 00 98 01 00 00 4d 03 d3 8b 43 18 48
0x0000019862081064:   8b 40 10 48 8b 5b 10 45 8b 9a a0 00 00 00 4f 8d
0x0000019862081074:   9c da c8 01 00 00 4d 8d 14 da 49 8b 1b 48 3b c3 


Stack slot to memory mapping:

stack at sp + 0 slots: 0x000001986205958b is at code_begin+4363 in an Interpreter codelet
return entry points  [0x0000019862058480, 0x000001986205a298]  7704 bytes
stack at sp + 1 slots: 0x00000000837480c0 is an oop: com.example.triplanner.form.ItineraryForm 
{0x00000000837480c0} - klass: 'com/example/triplanner/form/ItineraryForm'
 - ---- fields (total size 6 words):
 - private 'rowSequences' 'Ljava/util/List;' @12  a 'java/util/ArrayList'{0x0000000084086700} (0x84086700)
 - private 'purposeIds' 'Ljava/util/List;' @16  null (0x00000000)
 - private 'startTimes' 'Ljava/util/List;' @20  a 'java/util/ArrayList'{0x0000000084086570} (0x84086570)
 - private 'endTimes' 'Ljava/util/List;' @24  a 'java/util/ArrayList'{0x00000000840863c8} (0x840863c8)
 - private 'departureNames' 'Ljava/util/List;' @28  a 'java/util/ArrayList'{0x0000000084086388} (0x84086388)
 - private 'departurePrefectureIds' 'Ljava/util/List;' @32  null (0x00000000)
 - private 'arrivalNames' 'Ljava/util/List;' @36  a 'java/util/ArrayList'{0x0000000084086348} (0x84086348)
 - private 'titles' 'Ljava/util/List;' @40  null (0x00000000)
 - private 'descriptions' 'Ljava/util/List;' @44  null (0x00000000)
stack at sp + 2 slots: 0x0000000082d70fd8 is an oop: com.example.triplanner.controller.TripsController 
{0x0000000082d70fd8} - klass: 'com/example/triplanner/controller/TripsController'
 - ---- fields (total size 3 words):
 - private 'tagRepository' 'Lcom/example/triplanner/repository/TagRepository;' @12  a 'jdk/proxy4/$Proxy116'{0x0000000083837348} (0x83837348)
 - private 'regionRepository' 'Lcom/example/triplanner/repository/RegionRepository;' @16  a 'jdk/proxy4/$Proxy119'{0x0000000083825788} (0x83825788)
 - private 'prefectureRepository' 'Lcom/example/triplanner/repository/PrefectureRepository;' @20  a 'jdk/proxy4/$Proxy120'{0x0000000083814af8} (0x83814af8)
stack at sp + 3 slots: 0x000000501fdfd130 is pointing into the stack for thread: 0x0000019871172da0
stack at sp + 4 slots: 0x000001986b404276 is pointing into metadata
stack at sp + 5 slots: 0x0000000000000006 is an unknown value
stack at sp + 6 slots: 0x000001986b4043c8 is pointing into metadata
stack at sp + 7 slots: 0x000000501fdfd218 is pointing into the stack for thread: 0x0000019871172da0

MethodHandle::interpreter_entry::_linkToVirtual [0x0000019862080f57, 0x0000019862080faa] (83 bytes)
[MachCode]
  0x0000019862080f57: 660f 1f84 | 0000 0000 | 0048 8b53 | 080f b752 | 2e48 8b0c | d458 5b50 | 448b 5108 | 49bb 0000 
  0x0000019862080f77: 0000 9801 | 0000 4d03 | d34c 8b5b | 104b 8b9c | dac8 0100 | 0048 85db | 0f84 1000 | 0000 4180 
  0x0000019862080f97: bfe0 0500 | 0000 7403 | ff63 38ff | 6350 e956 | 
[/MachCode]

---------------  P R O C E S S  ---------------

Threads class SMR info:
_java_thread_list=0x00000198719fb180, length=27, elements={
0x0000019869aade40, 0x0000019869aaeb60, 0x0000019869aafc90, 0x0000019869ab1980,
0x0000019869ab43f0, 0x0000019869ac3770, 0x0000019869ac6950, 0x0000019869ac16a0,
0x0000019869cca840, 0x0000019869ccd0e0, 0x0000019869ccd820, 0x0000019869ac1d30,
0x0000019869ac30e0, 0x0000019869ac23c0, 0x0000019869ac2a50, 0x000001986ee6f190,
0x000001986ee718f0, 0x000001986ee70bd0, 0x000001986ee6eb00, 0x000001986ee6feb0,
0x000001986ee72610, 0x000001986ee6d0c0, 0x000001986ee6d750, 0x000001986ee71260,
0x0000019871172da0, 0x0000019871173ac0, 0x0000019871174150
}

Java Threads: ( => current thread )
  0x0000019869aade40 JavaThread "Reference Handler"          daemon [_thread_blocked, id=1404, stack(0x000000501d500000,0x000000501d600000) (1024K)]
  0x0000019869aaeb60 JavaThread "Finalizer"                  daemon [_thread_blocked, id=12504, stack(0x000000501d600000,0x000000501d700000) (1024K)]
  0x0000019869aafc90 JavaThread "Signal Dispatcher"          daemon [_thread_blocked, id=15028, stack(0x000000501d700000,0x000000501d800000) (1024K)]
  0x0000019869ab1980 JavaThread "Attach Listener"            daemon [_thread_blocked, id=252, stack(0x000000501d800000,0x000000501d900000) (1024K)]
  0x0000019869ab43f0 JavaThread "Service Thread"             daemon [_thread_blocked, id=3224, stack(0x000000501d900000,0x000000501da00000) (1024K)]
  0x0000019869ac3770 JavaThread "Monitor Deflation Thread"   daemon [_thread_blocked, id=14560, stack(0x000000501da00000,0x000000501db00000) (1024K)]
  0x0000019869ac6950 JavaThread "C1 CompilerThread0"         daemon [_thread_blocked, id=4948, stack(0x000000501db00000,0x000000501dc00000) (1024K)]
  0x0000019869ac16a0 JavaThread "Common-Cleaner"             daemon [_thread_blocked, id=14848, stack(0x000000501dc00000,0x000000501dd00000) (1024K)]
  0x0000019869cca840 JavaThread "JDWP Transport Listener: dt_socket" daemon [_thread_blocked, id=6964, stack(0x000000501de00000,0x000000501df00000) (1024K)]
  0x0000019869ccd0e0 JavaThread "JDWP Event Helper Thread"   daemon [_thread_blocked, id=14876, stack(0x000000501df00000,0x000000501e000000) (1024K)]
  0x0000019869ccd820 JavaThread "JDWP Command Reader"        daemon [_thread_in_native, id=15168, stack(0x000000501e000000,0x000000501e100000) (1024K)]
  0x0000019869ac1d30 JavaThread "Notification Thread"        daemon [_thread_blocked, id=7908, stack(0x000000501e100000,0x000000501e200000) (1024K)]
  0x0000019869ac30e0 JavaThread "RMI TCP Accept-0"           daemon [_thread_in_native, id=11092, stack(0x000000501e600000,0x000000501e700000) (1024K)]
  0x0000019869ac23c0 JavaThread "RMI TCP Accept-49718"       daemon [_thread_in_native, id=10180, stack(0x000000501e700000,0x000000501e800000) (1024K)]
  0x0000019869ac2a50 JavaThread "RMI TCP Accept-0"           daemon [_thread_in_native, id=8576, stack(0x000000501e800000,0x000000501e900000) (1024K)]
  0x000001986ee6f190 JavaThread "RMI Scheduler(0)"           daemon [_thread_blocked, id=13360, stack(0x000000501ec00000,0x000000501ed00000) (1024K)]
  0x000001986ee718f0 JavaThread "RMI TCP Connection(idle)"   daemon [_thread_blocked, id=14280, stack(0x000000501ed00000,0x000000501ee00000) (1024K)]
  0x000001986ee70bd0 JavaThread "JMX server connection timeout 36" daemon [_thread_blocked, id=3400, stack(0x000000501ee00000,0x000000501ef00000) (1024K)]
  0x000001986ee6eb00 JavaThread "PostgreSQL-JDBC-Cleaner"    daemon [_thread_blocked, id=15164, stack(0x000000501f000000,0x000000501f100000) (1024K)]
  0x000001986ee6feb0 JavaThread "HikariPool-1 housekeeper"   daemon [_thread_blocked, id=14416, stack(0x000000501f100000,0x000000501f200000) (1024K)]
  0x000001986ee72610 JavaThread "Catalina-utility-1"                [_thread_blocked, id=15088, stack(0x000000501f200000,0x000000501f300000) (1024K)]
  0x000001986ee6d0c0 JavaThread "Catalina-utility-2"                [_thread_blocked, id=6420, stack(0x000000501f300000,0x000000501f400000) (1024K)]
  0x000001986ee6d750 JavaThread "container-0"                       [_thread_blocked, id=380, stack(0x000000501f400000,0x000000501f500000) (1024K)]
  0x000001986ee71260 JavaThread "Live Reload Server"         daemon [_thread_in_native, id=9768, stack(0x000000501f800000,0x000000501f900000) (1024K)]
=>0x0000019871172da0 JavaThread "http-nio-8080-exec-6"       daemon [_thread_in_Java, id=7884, stack(0x000000501fd00000,0x000000501fe00000) (1024K)]
  0x0000019871173ac0 JavaThread "DestroyJavaVM"                     [_thread_blocked, id=12824, stack(0x000000501cd00000,0x000000501ce00000) (1024K)]
  0x0000019871174150 JavaThread "Thread-5"                          [_thread_blocked, id=15096, stack(0x000000501ca00000,0x000000501cb00000) (1024K)]
Total: 27

Other Threads:
  0x0000019869a90760 VMThread "VM Thread"                           [id=14592, stack(0x000000501d400000,0x000000501d500000) (1024K)]
  0x0000019869a7a240 WatcherThread "VM Periodic Task Thread"        [id=7432, stack(0x000000501d300000,0x000000501d400000) (1024K)]
  0x00000198599e29b0 WorkerThread "GC Thread#0"                     [id=10328, stack(0x000000501ce00000,0x000000501cf00000) (1024K)]
  0x000001986e5c0030 WorkerThread "GC Thread#1"                     [id=5848, stack(0x000000501e200000,0x000000501e300000) (1024K)]
  0x000001986e5c23e0 WorkerThread "GC Thread#2"                     [id=14352, stack(0x000000501e300000,0x000000501e400000) (1024K)]
  0x000001986e5f2b00 WorkerThread "GC Thread#3"                     [id=15352, stack(0x000000501e400000,0x000000501e500000) (1024K)]
  0x00000198599f3f70 ConcurrentGCThread "G1 Main Marker"            [id=12884, stack(0x000000501cf00000,0x000000501d000000) (1024K)]
  0x00000198599f4980 WorkerThread "G1 Conc#0"                       [id=15144, stack(0x000000501d000000,0x000000501d100000) (1024K)]
  0x0000019859a4e840 ConcurrentGCThread "G1 Refine#0"               [id=12196, stack(0x000000501d100000,0x000000501d200000) (1024K)]
  0x000001986993c500 ConcurrentGCThread "G1 Service"                [id=9312, stack(0x000000501d200000,0x000000501d300000) (1024K)]
Total: 10

Threads with active compile tasks:
Total: 0

VM state: not at safepoint (normal execution)

VM Mutex/Monitor currently owned by a thread: None

Heap address: 0x0000000081400000, size: 2028 MB, Compressed Oops mode: 32-bit

CDS archive(s) mapped at: [0x0000019800000000-0x0000019800c90000-0x0000019800c90000), size 13172736, SharedBaseAddress: 0x0000019800000000, ArchiveRelocationMode: 1.
Compressed class space mapped at: 0x0000019801000000-0x0000019841000000, reserved size: 1073741824
Narrow klass base: 0x0000019800000000, Narrow klass shift: 0, Narrow klass range: 0x100000000

GC Precious Log:
 CardTable entry size: 512
 Card Set container configuration: InlinePtr #cards 5 size 8 Array Of Cards #cards 12 size 40 Howl #buckets 4 coarsen threshold 1843 Howl Bitmap #cards 512 size 80 coarsen threshold 460 Card regions per heap region 1 cards per card region 2048
 CPUs: 4 total, 4 available
 Memory: 8107M
 Large Page Support: Disabled
 NUMA Support: Disabled
 Compressed Oops: Enabled (32-bit)
 Heap Region Size: 1M
 Heap Min Capacity: 8M
 Heap Initial Capacity: 128M
 Heap Max Capacity: 2028M
 Pre-touch: Disabled
 Parallel Workers: 4
 Concurrent Workers: 1
 Concurrent Refinement Workers: 4
 Periodic GC: Disabled

Heap:
 garbage-first heap   total 113664K, used 65587K [0x0000000081400000, 0x0000000100000000)
  region size 1024K, 24 young (24576K), 1 survivors (1024K)
 Metaspace       used 72039K, committed 73600K, reserved 1114112K
  class space    used 9870K, committed 10496K, reserved 1048576K

Heap Regions: E=young(eden), S=young(survivor), O=old, HS=humongous(starts), HC=humongous(continues), CS=collection set, F=free, TAMS=top-at-mark-start, PB=parsable bottom
|   0|0x0000000081400000, 0x0000000081500000, 0x0000000081500000|100%|HS|  |TAMS 0x0000000081400000| PB 0x0000000081400000| Complete 
|   1|0x0000000081500000, 0x0000000081600000, 0x0000000081600000|100%| O|  |TAMS 0x0000000081500000| PB 0x0000000081500000| Untracked 
|   2|0x0000000081600000, 0x0000000081700000, 0x0000000081700000|100%| O|  |TAMS 0x0000000081600000| PB 0x0000000081600000| Untracked 
|   3|0x0000000081700000, 0x0000000081800000, 0x0000000081800000|100%| O|  |TAMS 0x0000000081700000| PB 0x0000000081700000| Untracked 
|   4|0x0000000081800000, 0x0000000081900000, 0x0000000081900000|100%| O|  |TAMS 0x0000000081800000| PB 0x0000000081800000| Untracked 
|   5|0x0000000081900000, 0x0000000081a00000, 0x0000000081a00000|100%| O|  |TAMS 0x0000000081900000| PB 0x0000000081900000| Untracked 
|   6|0x0000000081a00000, 0x0000000081b00000, 0x0000000081b00000|100%| O|  |TAMS 0x0000000081a00000| PB 0x0000000081a00000| Untracked 
|   7|0x0000000081b00000, 0x0000000081c00000, 0x0000000081c00000|100%| O|  |TAMS 0x0000000081b00000| PB 0x0000000081b00000| Untracked 
|   8|0x0000000081c00000, 0x0000000081d00000, 0x0000000081d00000|100%| O|  |TAMS 0x0000000081c00000| PB 0x0000000081c00000| Untracked 
|   9|0x0000000081d00000, 0x0000000081e00000, 0x0000000081e00000|100%| O|  |TAMS 0x0000000081d00000| PB 0x0000000081d00000| Untracked 
|  10|0x0000000081e00000, 0x0000000081f00000, 0x0000000081f00000|100%| O|  |TAMS 0x0000000081e00000| PB 0x0000000081e00000| Untracked 
|  11|0x0000000081f00000, 0x0000000082000000, 0x0000000082000000|100%| O|  |TAMS 0x0000000081f00000| PB 0x0000000081f00000| Untracked 
|  12|0x0000000082000000, 0x0000000082100000, 0x0000000082100000|100%| O|  |TAMS 0x0000000082000000| PB 0x0000000082000000| Untracked 
|  13|0x0000000082100000, 0x0000000082200000, 0x0000000082200000|100%| O|  |TAMS 0x0000000082100000| PB 0x0000000082100000| Untracked 
|  14|0x0000000082200000, 0x0000000082300000, 0x0000000082300000|100%| O|Cm|TAMS 0x0000000082200000| PB 0x0000000082200000| Complete 
|  15|0x0000000082300000, 0x0000000082400000, 0x0000000082400000|100%| O|  |TAMS 0x0000000082300000| PB 0x0000000082300000| Untracked 
|  16|0x0000000082400000, 0x0000000082500000, 0x0000000082500000|100%| O|Cm|TAMS 0x0000000082400000| PB 0x0000000082400000| Complete 
|  17|0x0000000082500000, 0x0000000082600000, 0x0000000082600000|100%| O|  |TAMS 0x0000000082500000| PB 0x0000000082500000| Untracked 
|  18|0x0000000082600000, 0x0000000082700000, 0x0000000082700000|100%| O|  |TAMS 0x0000000082600000| PB 0x0000000082600000| Untracked 
|  19|0x0000000082700000, 0x0000000082800000, 0x0000000082800000|100%| O|  |TAMS 0x0000000082700000| PB 0x0000000082700000| Untracked 
|  20|0x0000000082800000, 0x0000000082900000, 0x0000000082900000|100%| O|  |TAMS 0x0000000082800000| PB 0x0000000082800000| Untracked 
|  21|0x0000000082900000, 0x0000000082a00000, 0x0000000082a00000|100%| O|  |TAMS 0x0000000082900000| PB 0x0000000082900000| Untracked 
|  22|0x0000000082a00000, 0x0000000082b00000, 0x0000000082b00000|100%| O|  |TAMS 0x0000000082a00000| PB 0x0000000082a00000| Untracked 
|  23|0x0000000082b00000, 0x0000000082c00000, 0x0000000082c00000|100%| O|  |TAMS 0x0000000082b00000| PB 0x0000000082b00000| Untracked 
|  24|0x0000000082c00000, 0x0000000082d00000, 0x0000000082d00000|100%| O|  |TAMS 0x0000000082c00000| PB 0x0000000082c00000| Untracked 
|  25|0x0000000082d00000, 0x0000000082e00000, 0x0000000082e00000|100%| O|  |TAMS 0x0000000082d00000| PB 0x0000000082d00000| Untracked 
|  26|0x0000000082e00000, 0x0000000082f00000, 0x0000000082f00000|100%| O|  |TAMS 0x0000000082e00000| PB 0x0000000082e00000| Untracked 
|  27|0x0000000082f00000, 0x0000000083000000, 0x0000000083000000|100%| O|  |TAMS 0x0000000082f00000| PB 0x0000000082f00000| Untracked 
|  28|0x0000000083000000, 0x0000000083100000, 0x0000000083100000|100%| O|Cm|TAMS 0x0000000083000000| PB 0x0000000083000000| Complete 
|  29|0x0000000083100000, 0x0000000083200000, 0x0000000083200000|100%| O|  |TAMS 0x0000000083100000| PB 0x0000000083100000| Untracked 
|  30|0x0000000083200000, 0x0000000083300000, 0x0000000083300000|100%| O|  |TAMS 0x0000000083200000| PB 0x0000000083200000| Untracked 
|  31|0x0000000083300000, 0x0000000083400000, 0x0000000083400000|100%| O|  |TAMS 0x0000000083300000| PB 0x0000000083300000| Untracked 
|  32|0x0000000083400000, 0x0000000083500000, 0x0000000083500000|100%| O|Cm|TAMS 0x0000000083400000| PB 0x0000000083400000| Complete 
|  33|0x0000000083500000, 0x0000000083600000, 0x0000000083600000|100%| O|  |TAMS 0x0000000083500000| PB 0x0000000083500000| Untracked 
|  34|0x0000000083600000, 0x0000000083700000, 0x0000000083700000|100%| O|Cm|TAMS 0x0000000083600000| PB 0x0000000083600000| Complete 
|  35|0x0000000083700000, 0x0000000083800000, 0x0000000083800000|100%| O|  |TAMS 0x0000000083700000| PB 0x0000000083700000| Untracked 
|  36|0x0000000083800000, 0x0000000083900000, 0x0000000083900000|100%| O|  |TAMS 0x0000000083800000| PB 0x0000000083800000| Untracked 
|  37|0x0000000083900000, 0x0000000083a00000, 0x0000000083a00000|100%| O|  |TAMS 0x0000000083900000| PB 0x0000000083900000| Untracked 
|  38|0x0000000083a00000, 0x0000000083b00000, 0x0000000083b00000|100%| O|  |TAMS 0x0000000083a00000| PB 0x0000000083a00000| Untracked 
|  39|0x0000000083b00000, 0x0000000083b00000, 0x0000000083c00000|  0%| F|  |TAMS 0x0000000083b00000| PB 0x0000000083b00000| Untracked 
|  40|0x0000000083c00000, 0x0000000083c00000, 0x0000000083d00000|  0%| F|  |TAMS 0x0000000083c00000| PB 0x0000000083c00000| Untracked 
|  41|0x0000000083d00000, 0x0000000083d00000, 0x0000000083e00000|  0%| F|  |TAMS 0x0000000083d00000| PB 0x0000000083d00000| Untracked 
|  42|0x0000000083e00000, 0x0000000083e00000, 0x0000000083f00000|  0%| F|  |TAMS 0x0000000083e00000| PB 0x0000000083e00000| Untracked 
|  43|0x0000000083f00000, 0x0000000083f00000, 0x0000000084000000|  0%| F|  |TAMS 0x0000000083f00000| PB 0x0000000083f00000| Untracked 
|  44|0x0000000084000000, 0x0000000084100000, 0x0000000084100000|100%| O|  |TAMS 0x0000000084000000| PB 0x0000000084000000| Untracked 
|  45|0x0000000084100000, 0x0000000084148080, 0x0000000084200000| 28%| O|  |TAMS 0x0000000084100000| PB 0x0000000084100000| Untracked 
|  46|0x0000000084200000, 0x0000000084200000, 0x0000000084300000|  0%| F|  |TAMS 0x0000000084200000| PB 0x0000000084200000| Untracked 
|  47|0x0000000084300000, 0x0000000084300000, 0x0000000084400000|  0%| F|  |TAMS 0x0000000084300000| PB 0x0000000084300000| Untracked 
|  48|0x0000000084400000, 0x0000000084400000, 0x0000000084500000|  0%| F|  |TAMS 0x0000000084400000| PB 0x0000000084400000| Untracked 
|  49|0x0000000084500000, 0x0000000084500000, 0x0000000084600000|  0%| F|  |TAMS 0x0000000084500000| PB 0x0000000084500000| Untracked 
|  50|0x0000000084600000, 0x00000000846c4f20, 0x0000000084700000| 76%| S|CS|TAMS 0x0000000084600000| PB 0x0000000084600000| Complete 
|  51|0x0000000084700000, 0x0000000084700000, 0x0000000084800000|  0%| F|  |TAMS 0x0000000084700000| PB 0x0000000084700000| Untracked 
|  52|0x0000000084800000, 0x0000000084800000, 0x0000000084900000|  0%| F|  |TAMS 0x0000000084800000| PB 0x0000000084800000| Untracked 
|  53|0x0000000084900000, 0x0000000084900000, 0x0000000084a00000|  0%| F|  |TAMS 0x0000000084900000| PB 0x0000000084900000| Untracked 
|  54|0x0000000084a00000, 0x0000000084a00000, 0x0000000084b00000|  0%| F|  |TAMS 0x0000000084a00000| PB 0x0000000084a00000| Untracked 
|  55|0x0000000084b00000, 0x0000000084b00000, 0x0000000084c00000|  0%| F|  |TAMS 0x0000000084b00000| PB 0x0000000084b00000| Untracked 
|  56|0x0000000084c00000, 0x0000000084c00000, 0x0000000084d00000|  0%| F|  |TAMS 0x0000000084c00000| PB 0x0000000084c00000| Untracked 
|  57|0x0000000084d00000, 0x0000000084d00000, 0x0000000084e00000|  0%| F|  |TAMS 0x0000000084d00000| PB 0x0000000084d00000| Untracked 
|  58|0x0000000084e00000, 0x0000000084e00000, 0x0000000084f00000|  0%| F|  |TAMS 0x0000000084e00000| PB 0x0000000084e00000| Untracked 
|  59|0x0000000084f00000, 0x0000000084f00000, 0x0000000085000000|  0%| F|  |TAMS 0x0000000084f00000| PB 0x0000000084f00000| Untracked 
|  60|0x0000000085000000, 0x0000000085000000, 0x0000000085100000|  0%| F|  |TAMS 0x0000000085000000| PB 0x0000000085000000| Untracked 
|  61|0x0000000085100000, 0x0000000085100000, 0x0000000085200000|  0%| F|  |TAMS 0x0000000085100000| PB 0x0000000085100000| Untracked 
|  62|0x0000000085200000, 0x0000000085200000, 0x0000000085300000|  0%| F|  |TAMS 0x0000000085200000| PB 0x0000000085200000| Untracked 
|  63|0x0000000085300000, 0x0000000085300000, 0x0000000085400000|  0%| F|  |TAMS 0x0000000085300000| PB 0x0000000085300000| Untracked 
|  64|0x0000000085400000, 0x0000000085400000, 0x0000000085500000|  0%| F|  |TAMS 0x0000000085400000| PB 0x0000000085400000| Untracked 
|  65|0x0000000085500000, 0x0000000085500000, 0x0000000085600000|  0%| F|  |TAMS 0x0000000085500000| PB 0x0000000085500000| Untracked 
|  66|0x0000000085600000, 0x0000000085600000, 0x0000000085700000|  0%| F|  |TAMS 0x0000000085600000| PB 0x0000000085600000| Untracked 
|  67|0x0000000085700000, 0x0000000085700000, 0x0000000085800000|  0%| F|  |TAMS 0x0000000085700000| PB 0x0000000085700000| Untracked 
|  68|0x0000000085800000, 0x0000000085800000, 0x0000000085900000|  0%| F|  |TAMS 0x0000000085800000| PB 0x0000000085800000| Untracked 
|  69|0x0000000085900000, 0x0000000085900000, 0x0000000085a00000|  0%| F|  |TAMS 0x0000000085900000| PB 0x0000000085900000| Untracked 
|  70|0x0000000085a00000, 0x0000000085a00000, 0x0000000085b00000|  0%| F|  |TAMS 0x0000000085a00000| PB 0x0000000085a00000| Untracked 
|  71|0x0000000085b00000, 0x0000000085b00000, 0x0000000085c00000|  0%| F|  |TAMS 0x0000000085b00000| PB 0x0000000085b00000| Untracked 
|  72|0x0000000085c00000, 0x0000000085c00000, 0x0000000085d00000|  0%| F|  |TAMS 0x0000000085c00000| PB 0x0000000085c00000| Untracked 
|  73|0x0000000085d00000, 0x0000000085d00000, 0x0000000085e00000|  0%| F|  |TAMS 0x0000000085d00000| PB 0x0000000085d00000| Untracked 
|  74|0x0000000085e00000, 0x0000000085e00000, 0x0000000085f00000|  0%| F|  |TAMS 0x0000000085e00000| PB 0x0000000085e00000| Untracked 
|  75|0x0000000085f00000, 0x0000000085f00000, 0x0000000086000000|  0%| F|  |TAMS 0x0000000085f00000| PB 0x0000000085f00000| Untracked 
|  76|0x0000000086000000, 0x0000000086000000, 0x0000000086100000|  0%| F|  |TAMS 0x0000000086000000| PB 0x0000000086000000| Untracked 
|  77|0x0000000086100000, 0x0000000086100000, 0x0000000086200000|  0%| F|  |TAMS 0x0000000086100000| PB 0x0000000086100000| Untracked 
|  78|0x0000000086200000, 0x0000000086200000, 0x0000000086300000|  0%| F|  |TAMS 0x0000000086200000| PB 0x0000000086200000| Untracked 
|  79|0x0000000086300000, 0x0000000086300000, 0x0000000086400000|  0%| F|  |TAMS 0x0000000086300000| PB 0x0000000086300000| Untracked 
|  80|0x0000000086400000, 0x0000000086400000, 0x0000000086500000|  0%| F|  |TAMS 0x0000000086400000| PB 0x0000000086400000| Untracked 
|  81|0x0000000086500000, 0x0000000086500000, 0x0000000086600000|  0%| F|  |TAMS 0x0000000086500000| PB 0x0000000086500000| Untracked 
|  82|0x0000000086600000, 0x0000000086600000, 0x0000000086700000|  0%| F|  |TAMS 0x0000000086600000| PB 0x0000000086600000| Untracked 
|  83|0x0000000086700000, 0x0000000086700000, 0x0000000086800000|  0%| F|  |TAMS 0x0000000086700000| PB 0x0000000086700000| Untracked 
|  84|0x0000000086800000, 0x0000000086800000, 0x0000000086900000|  0%| F|  |TAMS 0x0000000086800000| PB 0x0000000086800000| Untracked 
|  85|0x0000000086900000, 0x0000000086900000, 0x0000000086a00000|  0%| F|  |TAMS 0x0000000086900000| PB 0x0000000086900000| Untracked 
|  86|0x0000000086a00000, 0x0000000086a00000, 0x0000000086b00000|  0%| F|  |TAMS 0x0000000086a00000| PB 0x0000000086a00000| Untracked 
|  87|0x0000000086b00000, 0x0000000086c00000, 0x0000000086c00000|100%| E|  |TAMS 0x0000000086b00000| PB 0x0000000086b00000| Complete 
|  88|0x0000000086c00000, 0x0000000086d00000, 0x0000000086d00000|100%| E|CS|TAMS 0x0000000086c00000| PB 0x0000000086c00000| Complete 
|  89|0x0000000086d00000, 0x0000000086e00000, 0x0000000086e00000|100%| E|CS|TAMS 0x0000000086d00000| PB 0x0000000086d00000| Complete 
|  90|0x0000000086e00000, 0x0000000086f00000, 0x0000000086f00000|100%| E|CS|TAMS 0x0000000086e00000| PB 0x0000000086e00000| Complete 
|  91|0x0000000086f00000, 0x0000000087000000, 0x0000000087000000|100%| E|CS|TAMS 0x0000000086f00000| PB 0x0000000086f00000| Complete 
|  92|0x0000000087000000, 0x0000000087100000, 0x0000000087100000|100%| E|CS|TAMS 0x0000000087000000| PB 0x0000000087000000| Complete 
|  93|0x0000000087100000, 0x0000000087200000, 0x0000000087200000|100%| E|CS|TAMS 0x0000000087100000| PB 0x0000000087100000| Complete 
|  94|0x0000000087200000, 0x0000000087300000, 0x0000000087300000|100%| E|CS|TAMS 0x0000000087200000| PB 0x0000000087200000| Complete 
|  95|0x0000000087300000, 0x0000000087400000, 0x0000000087400000|100%| E|CS|TAMS 0x0000000087300000| PB 0x0000000087300000| Complete 
|  96|0x0000000087400000, 0x0000000087500000, 0x0000000087500000|100%| E|CS|TAMS 0x0000000087400000| PB 0x0000000087400000| Complete 
|  97|0x0000000087500000, 0x0000000087600000, 0x0000000087600000|100%| E|CS|TAMS 0x0000000087500000| PB 0x0000000087500000| Complete 
|  98|0x0000000087600000, 0x0000000087700000, 0x0000000087700000|100%| E|CS|TAMS 0x0000000087600000| PB 0x0000000087600000| Complete 
|  99|0x0000000087700000, 0x0000000087800000, 0x0000000087800000|100%| E|CS|TAMS 0x0000000087700000| PB 0x0000000087700000| Complete 
| 100|0x0000000087800000, 0x0000000087900000, 0x0000000087900000|100%| E|CS|TAMS 0x0000000087800000| PB 0x0000000087800000| Complete 
| 101|0x0000000087900000, 0x0000000087a00000, 0x0000000087a00000|100%| E|CS|TAMS 0x0000000087900000| PB 0x0000000087900000| Complete 
| 102|0x0000000087a00000, 0x0000000087b00000, 0x0000000087b00000|100%| E|CS|TAMS 0x0000000087a00000| PB 0x0000000087a00000| Complete 
| 103|0x0000000087b00000, 0x0000000087c00000, 0x0000000087c00000|100%| E|CS|TAMS 0x0000000087b00000| PB 0x0000000087b00000| Complete 
| 104|0x0000000087c00000, 0x0000000087d00000, 0x0000000087d00000|100%| E|CS|TAMS 0x0000000087c00000| PB 0x0000000087c00000| Complete 
| 105|0x0000000087d00000, 0x0000000087e00000, 0x0000000087e00000|100%| E|CS|TAMS 0x0000000087d00000| PB 0x0000000087d00000| Complete 
| 106|0x0000000087e00000, 0x0000000087f00000, 0x0000000087f00000|100%| E|CS|TAMS 0x0000000087e00000| PB 0x0000000087e00000| Complete 
| 125|0x0000000089100000, 0x0000000089200000, 0x0000000089200000|100%| E|CS|TAMS 0x0000000089100000| PB 0x0000000089100000| Complete 
| 126|0x0000000089200000, 0x0000000089300000, 0x0000000089300000|100%| E|CS|TAMS 0x0000000089200000| PB 0x0000000089200000| Complete 
| 127|0x0000000089300000, 0x0000000089400000, 0x0000000089400000|100%| E|CS|TAMS 0x0000000089300000| PB 0x0000000089300000| Complete 
|2027|0x00000000fff00000, 0x0000000100000000, 0x0000000100000000|100%| O|Cm|TAMS 0x00000000fff00000| PB 0x00000000fff00000| Complete 

Card table byte_map: [0x0000019865450000,0x0000019865850000] _byte_map_base: 0x0000019865046000

Marking Bits: (CMBitMap*) 0x00000198599e2fc0
 Bits: [0x0000019865850000, 0x0000019867800000)

Polling page: 0x0000019857930000

Metaspace:

Usage:
  Non-class:     60.71 MB used.
      Class:      9.64 MB used.
       Both:     70.35 MB used.

Virtual space:
  Non-class space:       64.00 MB reserved,      61.62 MB ( 96%) committed,  1 nodes.
      Class space:        1.00 GB reserved,      10.25 MB (  1%) committed,  1 nodes.
             Both:        1.06 GB reserved,      71.88 MB (  7%) committed. 

Chunk freelists:
   Non-Class:  2.73 MB
       Class:  5.92 MB
        Both:  8.65 MB

MaxMetaspaceSize: unlimited
CompressedClassSpaceSize: 1.00 GB
Initial GC threshold: 21.00 MB
Current GC threshold: 119.81 MB
CDS: on
 - commit_granule_bytes: 65536.
 - commit_granule_words: 8192.
 - virtual_space_node_default_size: 8388608.
 - enlarge_chunks_in_place: 1.
 - use_allocation_guard: 0.


Internal statistics:

num_allocs_failed_limit: 12.
num_arena_births: 1814.
num_arena_deaths: 510.
num_vsnodes_births: 2.
num_vsnodes_deaths: 0.
num_space_committed: 1150.
num_space_uncommitted: 0.
num_chunks_returned_to_freelist: 602.
num_chunks_taken_from_freelist: 4521.
num_chunk_merges: 140.
num_chunk_splits: 3180.
num_chunks_enlarged: 2321.
num_inconsistent_stats: 0.

CodeCache: size=49152Kb used=15430Kb max_used=16091Kb free=33721Kb
 bounds [0x0000019862050000, 0x0000019863010000, 0x0000019865050000]
 total_blobs=8534 nmethods=7572 adapters=886
 compilation: enabled
              stopped_count=0, restarted_count=0
 full_count=0

Compilation events (20 events):
Event: 3301.579 Thread 0x0000019869ac6950 7662       1       java.io.ObjectStreamClass$FieldReflectorKey::hashCode (5 bytes)
Event: 3301.579 Thread 0x0000019869ac6950 nmethod 7662 0x0000019862e03410 code [0x0000019862e035a0, 0x0000019862e03668]
Event: 3482.273 Thread 0x0000019869ac6950 7665       1       java.io.FileDescriptor::<init> (17 bytes)
Event: 3482.273 Thread 0x0000019869ac6950 nmethod 7665 0x0000019862e03110 code [0x0000019862e032a0, 0x0000019862e03378]
Event: 3515.209 Thread 0x0000019869ac6950 7666       1       java.util.regex.Pattern$CharPropertyGreedy::match (160 bytes)
Event: 3515.210 Thread 0x0000019869ac6950 nmethod 7666 0x0000019862e02990 code [0x0000019862e02b80, 0x0000019862e02f40]
Event: 3515.214 Thread 0x0000019869ac6950 7667       1       java.util.Formatter$FixedString::<init> (20 bytes)
Event: 3515.214 Thread 0x0000019869ac6950 nmethod 7667 0x0000019862e02690 code [0x0000019862e02820, 0x0000019862e02938]
Event: 3515.214 Thread 0x0000019869ac6950 7670       1       java.time.format.DateTimePrintContext::getValue (36 bytes)
Event: 3515.214 Thread 0x0000019869ac6950 nmethod 7670 0x0000019862e02210 code [0x0000019862e023e0, 0x0000019862e02588]
Event: 3515.214 Thread 0x0000019869ac6950 7668       1       java.util.Formatter$FixedString::print (23 bytes)
Event: 3515.215 Thread 0x0000019869ac6950 nmethod 7668 0x0000019862e01e90 code [0x0000019862e02040, 0x0000019862e02168]
Event: 3515.215 Thread 0x0000019869ac6950 7669       1       java.lang.StringBuilder::append (8 bytes)
Event: 3515.215 Thread 0x0000019869ac6950 nmethod 7669 0x0000019862e01b10 code [0x0000019862e01cc0, 0x0000019862e01dd8]
Event: 3515.226 Thread 0x0000019869ac6950 7671       1       org.springframework.context.event.AbstractApplicationEventMulticaster::supportsEvent (56 bytes)
Event: 3515.227 Thread 0x0000019869ac6950 nmethod 7671 0x0000019862e01310 code [0x0000019862e01500, 0x0000019862e01958]
Event: 3515.228 Thread 0x0000019869ac6950 7672       1       org.springframework.context.event.GenericApplicationListenerAdapter::resolveDeclaredEventType (57 bytes)
Event: 3515.232 Thread 0x0000019869ac6950 nmethod 7672 0x0000019862e00c10 code [0x0000019862e00e00, 0x0000019862e01130]
Event: 3515.249 Thread 0x0000019869ac6950 7673       1       org.apache.tomcat.util.net.AbstractEndpoint::isPaused (5 bytes)
Event: 3515.250 Thread 0x0000019869ac6950 nmethod 7673 0x0000019862e00910 code [0x0000019862e00aa0, 0x0000019862e00b70]

GC Heap History (20 events):
Event: 7.480 GC heap before
{Heap before GC invocations=16 (full 0):
 garbage-first heap   total 89088K, used 73407K [0x0000000081400000, 0x0000000100000000)
  region size 1024K, 52 young (53248K), 4 survivors (4096K)
 Metaspace       used 51360K, committed 51904K, reserved 1114112K
  class space    used 6932K, committed 7168K, reserved 1048576K
}
Event: 7.487 GC heap after
{Heap after GC invocations=17 (full 0):
 garbage-first heap   total 89088K, used 27770K [0x0000000081400000, 0x0000000100000000)
  region size 1024K, 7 young (7168K), 7 survivors (7168K)
 Metaspace       used 51360K, committed 51904K, reserved 1114112K
  class space    used 6932K, committed 7168K, reserved 1048576K
}
Event: 8.025 GC heap before
{Heap before GC invocations=17 (full 0):
 garbage-first heap   total 89088K, used 72826K [0x0000000081400000, 0x0000000100000000)
  region size 1024K, 52 young (53248K), 7 survivors (7168K)
 Metaspace       used 55487K, committed 56064K, reserved 1114112K
  class space    used 7630K, committed 7872K, reserved 1048576K
}
Event: 8.032 GC heap after
{Heap after GC invocations=18 (full 0):
 garbage-first heap   total 89088K, used 28074K [0x0000000081400000, 0x0000000100000000)
  region size 1024K, 4 young (4096K), 4 survivors (4096K)
 Metaspace       used 55487K, committed 56064K, reserved 1114112K
  class space    used 7630K, committed 7872K, reserved 1048576K
}
Event: 8.562 GC heap before
{Heap before GC invocations=18 (full 0):
 garbage-first heap   total 89088K, used 77226K [0x0000000081400000, 0x0000000100000000)
  region size 1024K, 52 young (53248K), 4 survivors (4096K)
 Metaspace       used 59793K, committed 60480K, reserved 1114112K
  class space    used 8204K, committed 8512K, reserved 1048576K
}
Event: 8.570 GC heap after
{Heap after GC invocations=19 (full 0):
 garbage-first heap   total 89088K, used 28474K [0x0000000081400000, 0x0000000100000000)
  region size 1024K, 4 young (4096K), 4 survivors (4096K)
 Metaspace       used 59793K, committed 60480K, reserved 1114112K
  class space    used 8204K, committed 8512K, reserved 1048576K
}
Event: 8.578 GC heap before
{Heap before GC invocations=19 (full 0):
 garbage-first heap   total 89088K, used 28474K [0x0000000081400000, 0x0000000100000000)
  region size 1024K, 5 young (5120K), 4 survivors (4096K)
 Metaspace       used 59853K, committed 60480K, reserved 1114112K
  class space    used 8214K, committed 8512K, reserved 1048576K
}
Event: 8.583 GC heap after
{Heap after GC invocations=20 (full 0):
 garbage-first heap   total 89088K, used 28447K [0x0000000081400000, 0x0000000100000000)
  region size 1024K, 4 young (4096K), 4 survivors (4096K)
 Metaspace       used 59853K, committed 60480K, reserved 1114112K
  class space    used 8214K, committed 8512K, reserved 1048576K
}
Event: 9.142 GC heap before
{Heap before GC invocations=21 (full 0):
 garbage-first heap   total 89088K, used 77599K [0x0000000081400000, 0x0000000100000000)
  region size 1024K, 52 young (53248K), 4 survivors (4096K)
 Metaspace       used 62318K, committed 62976K, reserved 1114112K
  class space    used 8625K, committed 8960K, reserved 1048576K
}
Event: 9.150 GC heap after
{Heap after GC invocations=22 (full 0):
 garbage-first heap   total 89088K, used 30946K [0x0000000081400000, 0x0000000100000000)
  region size 1024K, 6 young (6144K), 6 survivors (6144K)
 Metaspace       used 62318K, committed 62976K, reserved 1114112K
  class space    used 8625K, committed 8960K, reserved 1048576K
}
Event: 16.714 GC heap before
{Heap before GC invocations=22 (full 0):
 garbage-first heap   total 89088K, used 77026K [0x0000000081400000, 0x0000000100000000)
  region size 1024K, 51 young (52224K), 6 survivors (6144K)
 Metaspace       used 66077K, committed 66880K, reserved 1114112K
  class space    used 9153K, committed 9536K, reserved 1048576K
}
Event: 16.728 GC heap after
{Heap after GC invocations=23 (full 0):
 garbage-first heap   total 107520K, used 32762K [0x0000000081400000, 0x0000000100000000)
  region size 1024K, 5 young (5120K), 5 survivors (5120K)
 Metaspace       used 66077K, committed 66880K, reserved 1114112K
  class space    used 9153K, committed 9536K, reserved 1048576K
}
Event: 17.654 GC heap before
{Heap before GC invocations=23 (full 0):
 garbage-first heap   total 107520K, used 101370K [0x0000000081400000, 0x0000000100000000)
  region size 1024K, 63 young (64512K), 5 survivors (5120K)
 Metaspace       used 70490K, committed 71552K, reserved 1114112K
  class space    used 9694K, committed 10176K, reserved 1048576K
}
Event: 17.670 GC heap after
{Heap after GC invocations=24 (full 0):
 garbage-first heap   total 113664K, used 38885K [0x0000000081400000, 0x0000000100000000)
  region size 1024K, 8 young (8192K), 8 survivors (8192K)
 Metaspace       used 70490K, committed 71552K, reserved 1114112K
  class space    used 9694K, committed 10176K, reserved 1048576K
}
Event: 353.729 GC heap before
{Heap before GC invocations=24 (full 0):
 garbage-first heap   total 113664K, used 98277K [0x0000000081400000, 0x0000000100000000)
  region size 1024K, 66 young (67584K), 8 survivors (8192K)
 Metaspace       used 72473K, committed 73600K, reserved 1114112K
  class space    used 9981K, committed 10496K, reserved 1048576K
}
Event: 353.745 GC heap after
{Heap after GC invocations=25 (full 0):
 garbage-first heap   total 113664K, used 42665K [0x0000000081400000, 0x0000000100000000)
  region size 1024K, 5 young (5120K), 5 survivors (5120K)
 Metaspace       used 72473K, committed 73600K, reserved 1114112K
  class space    used 9981K, committed 10496K, reserved 1048576K
}
Event: 1718.387 GC heap before
{Heap before GC invocations=25 (full 0):
 garbage-first heap   total 113664K, used 101033K [0x0000000081400000, 0x0000000100000000)
  region size 1024K, 62 young (63488K), 5 survivors (5120K)
 Metaspace       used 72473K, committed 73600K, reserved 1114112K
  class space    used 9981K, committed 10496K, reserved 1048576K
}
Event: 1718.399 GC heap after
{Heap after GC invocations=26 (full 0):
 garbage-first heap   total 113664K, used 43233K [0x0000000081400000, 0x0000000100000000)
  region size 1024K, 1 young (1024K), 1 survivors (1024K)
 Metaspace       used 72473K, committed 73600K, reserved 1114112K
  class space    used 9981K, committed 10496K, reserved 1048576K
}
Event: 3013.667 GC heap before
{Heap before GC invocations=27 (full 0):
 garbage-first heap   total 113664K, used 102625K [0x0000000081400000, 0x0000000100000000)
  region size 1024K, 59 young (60416K), 1 survivors (1024K)
 Metaspace       used 71988K, committed 73600K, reserved 1114112K
  class space    used 9857K, committed 10496K, reserved 1048576K
}
Event: 3013.678 GC heap after
{Heap after GC invocations=28 (full 0):
 garbage-first heap   total 113664K, used 43059K [0x0000000081400000, 0x0000000100000000)
  region size 1024K, 1 young (1024K), 1 survivors (1024K)
 Metaspace       used 71988K, committed 73600K, reserved 1114112K
  class space    used 9857K, committed 10496K, reserved 1048576K
}

Dll operation events (12 events):
Event: 0.014 Loaded shared library C:\pleiades\2023-12\java\21\bin\java.dll
Event: 0.306 Loaded shared library C:\pleiades\2023-12\java\21\bin\zip.dll
Event: 0.313 Loaded shared library C:\pleiades\2023-12\java\21\bin\instrument.dll
Event: 0.319 Loaded shared library C:\pleiades\2023-12\java\21\bin\net.dll
Event: 0.321 Loaded shared library C:\pleiades\2023-12\java\21\bin\nio.dll
Event: 0.325 Loaded shared library C:\pleiades\2023-12\java\21\bin\zip.dll
Event: 0.565 Loaded shared library C:\pleiades\2023-12\java\21\bin\jimage.dll
Event: 0.652 Loaded shared library C:\pleiades\2023-12\java\21\bin\management.dll
Event: 0.670 Loaded shared library C:\pleiades\2023-12\java\21\bin\management_ext.dll
Event: 0.918 Loaded shared library C:\pleiades\2023-12\java\21\bin\verify.dll
Event: 1.035 Loaded shared library C:\pleiades\2023-12\java\21\bin\extnet.dll
Event: 2.918 Loaded shared library C:\pleiades\2023-12\java\21\bin\sunmscapi.dll

Deoptimization events (20 events):
Event: 3515.207 Thread 0x000001986ee6f820 DEOPT PACKING pc=0x000001986284855c sp=0x000000501f6fee00
Event: 3515.207 Thread 0x000001986ee6f820 DEOPT UNPACKING pc=0x00000198620a4e42 sp=0x000000501f6fe420 mode 1
Event: 3515.207 Thread 0x000001986ee6f820 DEOPT PACKING pc=0x00000198625152d9 sp=0x000000501f6fe260
Event: 3515.207 Thread 0x000001986ee6f820 DEOPT UNPACKING pc=0x00000198620a4e42 sp=0x000000501f6fd6b8 mode 1
Event: 3515.207 Thread 0x000001986ee6f820 DEOPT PACKING pc=0x0000019862502fac sp=0x000000501f6fe2f0
Event: 3515.207 Thread 0x000001986ee6f820 DEOPT UNPACKING pc=0x00000198620a4e42 sp=0x000000501f6fd798 mode 1
Event: 3515.207 Thread 0x000001986ee6f820 DEOPT PACKING pc=0x00000198624d0d14 sp=0x000000501f6fed70
Event: 3515.207 Thread 0x000001986ee6f820 DEOPT UNPACKING pc=0x00000198620a4e42 sp=0x000000501f6fe238 mode 1
Event: 3515.207 Thread 0x000001986ee6f820 DEOPT PACKING pc=0x000001986284855c sp=0x000000501f6fee00
Event: 3515.207 Thread 0x000001986ee6f820 DEOPT UNPACKING pc=0x00000198620a4e42 sp=0x000000501f6fe420 mode 1
Event: 3515.208 Thread 0x000001986ee6f820 DEOPT PACKING pc=0x00000198625152d9 sp=0x000000501f6fe260
Event: 3515.208 Thread 0x000001986ee6f820 DEOPT UNPACKING pc=0x00000198620a4e42 sp=0x000000501f6fd6b8 mode 1
Event: 3515.208 Thread 0x000001986ee6f820 DEOPT PACKING pc=0x0000019862502fac sp=0x000000501f6fe2f0
Event: 3515.208 Thread 0x000001986ee6f820 DEOPT UNPACKING pc=0x00000198620a4e42 sp=0x000000501f6fd798 mode 1
Event: 3515.208 Thread 0x000001986ee6f820 DEOPT PACKING pc=0x00000198624d0d14 sp=0x000000501f6fed70
Event: 3515.208 Thread 0x000001986ee6f820 DEOPT UNPACKING pc=0x00000198620a4e42 sp=0x000000501f6fe238 mode 1
Event: 3515.208 Thread 0x000001986ee6f820 DEOPT PACKING pc=0x000001986284855c sp=0x000000501f6fee00
Event: 3515.208 Thread 0x000001986ee6f820 DEOPT UNPACKING pc=0x00000198620a4e42 sp=0x000000501f6fe420 mode 1
Event: 3519.504 Thread 0x0000019871172da0 DEOPT PACKING pc=0x0000019862f2c644 sp=0x000000501fdfd130
Event: 3519.504 Thread 0x0000019871172da0 DEOPT UNPACKING pc=0x00000198620a4e42 sp=0x000000501fdfc5d8 mode 0

Classes loaded (20 events):
Event: 18.071 Loading class java/util/Collections$UnmodifiableRandomAccessListCustomizer
Event: 18.071 Loading class java/util/Collections$UnmodifiableRandomAccessListCustomizer done
Event: 18.072 Loading class java/util/Collections$UnmodifiableRandomAccessListCustomizer
Event: 18.072 Loading class java/util/Collections$UnmodifiableRandomAccessListCustomizer done
Event: 18.347 Loading class java/util/ArrayList$SubList$2
Event: 18.347 Loading class java/util/ArrayList$SubList$2 done
Event: 18.376 Loading class java/time/format/DateTimeFormatterBuilder$ZoneTextPrinterParser
Event: 18.376 Loading class java/time/format/DateTimeFormatterBuilder$ZoneTextPrinterParser done
Event: 18.377 Loading class java/time/format/DateTimeFormatterBuilder$ReducedPrinterParser
Event: 18.377 Loading class java/time/format/DateTimeFormatterBuilder$ReducedPrinterParser done
Event: 18.383 Loading class java/util/concurrent/locks/ReentrantReadWriteLock$Sync$HoldCounter
Event: 18.383 Loading class java/util/concurrent/locks/ReentrantReadWriteLock$Sync$HoldCounter done
Event: 20.817 Loading class java/time/format/DateTimeParseContext
Event: 20.817 Loading class java/time/format/DateTimeParseContext done
Event: 20.817 Loading class java/time/format/Parsed
Event: 20.818 Loading class java/time/format/Parsed done
Event: 20.822 Loading class sun/util/locale/provider/JavaTimeDateTimePatternImpl
Event: 20.822 Loading class sun/util/locale/provider/JavaTimeDateTimePatternImpl done
Event: 3515.271 Loading class java/util/concurrent/locks/AbstractQueuedSynchronizer$SharedNode
Event: 3515.271 Loading class java/util/concurrent/locks/AbstractQueuedSynchronizer$SharedNode done

Classes unloaded (20 events):
Event: 1718.468 Thread 0x0000019869a90760 Unloading class 0x00000198010c7000 'java/lang/invoke/LambdaForm$DMH+0x00000198010c7000'
Event: 1718.468 Thread 0x0000019869a90760 Unloading class 0x00000198010c0400 'java/lang/invoke/LambdaForm$DMH+0x00000198010c0400'
Event: 1718.468 Thread 0x0000019869a90760 Unloading class 0x00000198010c0000 'java/lang/invoke/LambdaForm$DMH+0x00000198010c0000'
Event: 1718.468 Thread 0x0000019869a90760 Unloading class 0x000001980100b800 'java/lang/invoke/LambdaForm$MH+0x000001980100b800'
Event: 1718.468 Thread 0x0000019869a90760 Unloading class 0x000001980100ac00 'java/lang/invoke/LambdaForm$MH+0x000001980100ac00'
Event: 1718.468 Thread 0x0000019869a90760 Unloading class 0x000001980100a800 'java/lang/invoke/LambdaForm$MH+0x000001980100a800'
Event: 1718.468 Thread 0x0000019869a90760 Unloading class 0x000001980100a400 'java/lang/invoke/LambdaForm$MH+0x000001980100a400'
Event: 1718.468 Thread 0x0000019869a90760 Unloading class 0x0000019801009c00 'java/lang/invoke/LambdaForm$MH+0x0000019801009c00'
Event: 1718.468 Thread 0x0000019869a90760 Unloading class 0x0000019801009000 'java/lang/invoke/LambdaForm$MH+0x0000019801009000'
Event: 1718.468 Thread 0x0000019869a90760 Unloading class 0x0000019801008000 'java/lang/invoke/LambdaForm$MH+0x0000019801008000'
Event: 1718.468 Thread 0x0000019869a90760 Unloading class 0x0000019801007c00 'java/lang/invoke/LambdaForm$MH+0x0000019801007c00'
Event: 1718.468 Thread 0x0000019869a90760 Unloading class 0x0000019801007400 'java/lang/invoke/LambdaForm$MH+0x0000019801007400'
Event: 1718.468 Thread 0x0000019869a90760 Unloading class 0x0000019801006c00 'java/lang/invoke/LambdaForm$MH+0x0000019801006c00'
Event: 1718.468 Thread 0x0000019869a90760 Unloading class 0x0000019801006400 'java/lang/invoke/LambdaForm$MH+0x0000019801006400'
Event: 1718.468 Thread 0x0000019869a90760 Unloading class 0x0000019801005c00 'java/lang/invoke/LambdaForm$MH+0x0000019801005c00'
Event: 1718.468 Thread 0x0000019869a90760 Unloading class 0x0000019801005400 'java/lang/invoke/LambdaForm$MH+0x0000019801005400'
Event: 1718.468 Thread 0x0000019869a90760 Unloading class 0x0000019801004000 'java/lang/invoke/LambdaForm$MH+0x0000019801004000'
Event: 1718.468 Thread 0x0000019869a90760 Unloading class 0x0000019801003c00 'java/lang/invoke/LambdaForm$MH+0x0000019801003c00'
Event: 1718.468 Thread 0x0000019869a90760 Unloading class 0x0000019801003800 'java/lang/invoke/LambdaForm$MH+0x0000019801003800'
Event: 1718.468 Thread 0x0000019869a90760 Unloading class 0x0000019801003400 'java/lang/invoke/LambdaForm$MH+0x0000019801003400'

Classes redefined (1 events):
Event: 3519.535 Thread 0x0000019869a90760 redefined class name=com.example.triplanner.controller.TripsController, count=1

Internal exceptions (20 events):
Event: 18.067 Thread 0x000001986ee70540 Exception <a 'java/lang/ClassNotFoundException'{0x0000000086436498}: java/util/Collections$UnmodifiableListBeanInfo> (0x0000000086436498) 
thrown [s\src\hotspot\share\classfile\systemDictionary.cpp, line 312]
Event: 18.068 Thread 0x000001986ee70540 Exception <a 'java/lang/ClassNotFoundException'{0x000000008643ad60}: java/util/Collections$UnmodifiableListCustomizer> (0x000000008643ad60) 
thrown [s\src\hotspot\share\classfile\systemDictionary.cpp, line 312]
Event: 18.072 Thread 0x000001986ee70540 Exception <a 'java/lang/ClassNotFoundException'{0x000000008647cc48}: java/util/Collections$UnmodifiableRandomAccessListCustomizer> (0x000000008647cc48) 
thrown [s\src\hotspot\share\classfile\systemDictionary.cpp, line 312]
Event: 18.162 Thread 0x000001986ee70540 Exception <a 'java/lang/ClassNotFoundException'{0x00000000862f0da8}: org/thymeleaf/standard/expression/GenericTokenExpressionBeanInfo> (0x00000000862f0da8) 
thrown [s\src\hotspot\share\classfile\systemDictionary.cpp, line 312]
Event: 18.164 Thread 0x000001986ee70540 Exception <a 'java/lang/ClassNotFoundException'{0x00000000862f9b10}: org/thymeleaf/standard/expression/TokenBeanInfo> (0x00000000862f9b10) 
thrown [s\src\hotspot\share\classfile\systemDictionary.cpp, line 312]
Event: 18.165 Thread 0x000001986ee70540 Exception <a 'java/lang/ClassNotFoundException'{0x0000000086102648}: org/thymeleaf/standard/expression/TokenCustomizer> (0x0000000086102648) 
thrown [s\src\hotspot\share\classfile\systemDictionary.cpp, line 312]
Event: 18.168 Thread 0x000001986ee70540 Exception <a 'java/lang/ClassNotFoundException'{0x0000000086110740}: org/thymeleaf/standard/expression/GenericTokenExpressionCustomizer> (0x0000000086110740) 
thrown [s\src\hotspot\share\classfile\systemDictionary.cpp, line 312]
Event: 18.196 Thread 0x000001986ee70540 Exception <a 'java/lang/ClassNotFoundException'{0x00000000860c48d8}: nz/net/ultraq/thymeleaf/layoutdialect/fragments/FragmentParameterVariableUpdaterBeanInfo> (0x00000000860c48d8) 
thrown [s\src\hotspot\share\classfile\systemDictionary.cpp, line 312]
Event: 18.198 Thread 0x000001986ee70540 Exception <a 'java/lang/ClassNotFoundException'{0x00000000860ce760}: nz/net/ultraq/thymeleaf/layoutdialect/fragments/FragmentParameterVariableUpdaterCustomizer> (0x00000000860ce760) 
thrown [s\src\hotspot\share\classfile\systemDictionary.cpp, line 312]
Event: 18.199 Thread 0x000001986ee70540 Exception <a 'java/lang/NoSuchMethodError'{0x00000000860dc548}: 'void java.lang.invoke.DirectMethodHandle$Holder.invokeVirtual(java.lang.Object, java.lang.Object, java.lang.Object, java.lang.Object, java.lang.Object)'> (0x00000000860dc548) 
thrown [s\src\hotspot\share\interpreter\linkResolver.cpp, line 773]
Event: 18.212 Thread 0x000001986ee70540 Exception <a 'java/lang/NoSuchMethodError'{0x0000000085f47808}: 'java.lang.Object java.lang.invoke.Invokers$Holder.linkToCallSite(java.lang.Object, java.lang.Object, int, java.lang.Object)'> (0x0000000085f47808) 
thrown [s\src\hotspot\share\interpreter\linkResolver.cpp, line 773]
Event: 18.215 Thread 0x000001986ee70540 Exception <a 'java/lang/ClassNotFoundException'{0x0000000085f5eda8}: org/thymeleaf/engine/ElementTagStructureHandlerBeanInfo> (0x0000000085f5eda8) 
thrown [s\src\hotspot\share\classfile\systemDictionary.cpp, line 312]
Event: 18.217 Thread 0x000001986ee70540 Exception <a 'java/lang/ClassNotFoundException'{0x0000000085f67c48}: org/thymeleaf/engine/ElementTagStructureHandlerCustomizer> (0x0000000085f67c48) 
thrown [s\src\hotspot\share\classfile\systemDictionary.cpp, line 312]
Event: 18.218 Thread 0x000001986ee70540 Exception <a 'java/lang/NoSuchMethodError'{0x0000000085f7bc30}: 'void java.lang.invoke.DirectMethodHandle$Holder.invokeInterface(java.lang.Object, java.lang.Object, java.lang.Object, int)'> (0x0000000085f7bc30) 
thrown [s\src\hotspot\share\interpreter\linkResolver.cpp, line 773]
Event: 18.218 Thread 0x000001986ee70540 Exception <a 'java/lang/NoSuchMethodError'{0x0000000085f7fc70}: 'void java.lang.invoke.DirectMethodHandle$Holder.invokeSpecial(java.lang.Object, java.lang.Object, java.lang.Object, java.lang.Object, int)'> (0x0000000085f7fc70) 
thrown [s\src\hotspot\share\interpreter\linkResolver.cpp, line 773]
Event: 18.219 Thread 0x000001986ee70540 Exception <a 'java/lang/NoSuchMethodError'{0x0000000085f836d8}: 'void java.lang.invoke.DelegatingMethodHandle$Holder.reinvoke_L(java.lang.Object, java.lang.Object, java.lang.Object, int)'> (0x0000000085f836d8) 
thrown [s\src\hotspot\share\interpreter\linkResolver.cpp, line 773]
Event: 18.219 Thread 0x000001986ee70540 Exception <a 'java/lang/NoSuchMethodError'{0x0000000085f8d090}: 'java.lang.Object java.lang.invoke.DelegatingMethodHandle$Holder.delegate(java.lang.Object, java.lang.Object, java.lang.Object, java.lang.Object, int)'> (0x0000000085f8d090) 
thrown [s\src\hotspot\share\interpreter\linkResolver.cpp, line 773]
Event: 18.220 Thread 0x000001986ee70540 Exception <a 'java/lang/NoSuchMethodError'{0x0000000085f9c178}: 'int java.lang.invoke.DirectMethodHandle$Holder.invokeSpecial(java.lang.Object, java.lang.Object, java.lang.Object, java.lang.Object, int)'> (0x0000000085f9c178) 
thrown [s\src\hotspot\share\interpreter\linkResolver.cpp, line 773]
Event: 18.346 Thread 0x000001986ee73330 Exception <a 'java/lang/NoSuchMethodError'{0x000000008561cf80}: 'java.lang.Object java.lang.invoke.DirectMethodHandle$Holder.invokeStatic(java.lang.Object, int, int)'> (0x000000008561cf80) 
thrown [s\src\hotspot\share\interpreter\linkResolver.cpp, line 773]
Event: 1801.588 Thread 0x000001986ee718f0 Exception <a 'java/lang/NoSuchMethodError'{0x0000000087bbde18}: static [B.<clinit>()V> (0x0000000087bbde18) 
thrown [s\src\hotspot\share\prims\jni.cpp, line 1106]

ZGC Phase Switch (0 events):
No events

VM Operations (20 events):
Event: 3515.703 Executing VM operation: get/set locals
Event: 3515.703 Executing VM operation: get/set locals done
Event: 3515.704 Executing VM operation: get/set locals
Event: 3515.704 Executing VM operation: get/set locals done
Event: 3515.705 Executing VM operation: get/set locals
Event: 3515.705 Executing VM operation: get/set locals done
Event: 3515.707 Executing VM operation: get/set locals
Event: 3515.707 Executing VM operation: get/set locals done
Event: 3515.708 Executing VM operation: get/set locals
Event: 3515.708 Executing VM operation: get/set locals done
Event: 3519.504 Executing VM operation: ChangeSingleStep
Event: 3519.504 Executing VM operation: ChangeSingleStep done
Event: 3519.504 Executing VM operation: ChangeSingleStep
Event: 3519.504 Executing VM operation: ChangeSingleStep done
Event: 3519.524 Executing VM operation: RedefineClasses
Event: 3519.555 Executing VM operation: RedefineClasses done
Event: 3519.579 Executing VM operation: ChangeBreakpoints
Event: 3519.582 Executing VM operation: ChangeBreakpoints done
Event: 3519.591 Executing VM operation: ChangeSingleStep
Event: 3519.591 Executing VM operation: ChangeSingleStep done

Events (20 events):
Event: 1792.657 Thread 0x00000198711768b0 Thread added: 0x00000198711768b0
Event: 1800.917 Thread 0x0000019871177c60 Thread exited: 0x0000019871177c60
Event: 1801.027 Thread 0x00000198711768b0 Thread exited: 0x00000198711768b0
Event: 1803.303 Thread 0x00000198711796a0 Thread added: 0x00000198711796a0
Event: 1803.304 Thread 0x00000198711782f0 Thread added: 0x00000198711782f0
Event: 1809.353 Thread 0x00000198711796a0 Thread exited: 0x00000198711796a0
Event: 1809.624 Thread 0x00000198711782f0 Thread exited: 0x00000198711782f0
Event: 3515.218 Thread 0x0000019871174150 Thread added: 0x0000019871174150
Event: 3515.220 Thread 0x000001986ee6f820 Thread exited: 0x000001986ee6f820
Event: 3515.271 Thread 0x0000019871174e70 Thread exited: 0x0000019871174e70
Event: 3515.272 Thread 0x00000198711775d0 Thread exited: 0x00000198711775d0
Event: 3515.274 Thread 0x000001986ee739c0 Thread exited: 0x000001986ee739c0
Event: 3515.274 Thread 0x0000019871173430 Thread exited: 0x0000019871173430
Event: 3515.274 Thread 0x0000019871176f40 Thread exited: 0x0000019871176f40
Event: 3515.274 Thread 0x0000019871172710 Thread exited: 0x0000019871172710
Event: 3515.275 Thread 0x000001986ee6c3a0 Thread exited: 0x000001986ee6c3a0
Event: 3515.276 Thread 0x000001986ee71f80 Thread exited: 0x000001986ee71f80
Event: 3515.277 Thread 0x000001986ee70540 Thread exited: 0x000001986ee70540
Event: 3515.277 Thread 0x000001986ee73330 Thread exited: 0x000001986ee73330
Event: 3515.281 Thread 0x0000019871172080 Thread exited: 0x0000019871172080


Dynamic libraries:
0x00007ff622390000 - 0x00007ff62239e000 	C:\pleiades\2023-12\java\21\bin\javaw.exe
0x00007ff956e90000 - 0x00007ff957088000 	C:\WINDOWS\SYSTEM32\ntdll.dll
0x00007ff956760000 - 0x00007ff95681d000 	C:\WINDOWS\System32\KERNEL32.DLL
0x00007ff954560000 - 0x00007ff954856000 	C:\WINDOWS\System32\KERNELBASE.dll
0x00007ff954860000 - 0x00007ff954960000 	C:\WINDOWS\System32\ucrtbase.dll
0x00007ff94e3e0000 - 0x00007ff94e3fb000 	C:\pleiades\2023-12\java\21\bin\VCRUNTIME140.dll
0x00007ff94e3c0000 - 0x00007ff94e3d8000 	C:\pleiades\2023-12\java\21\bin\jli.dll
0x00007ff955a20000 - 0x00007ff955bbe000 	C:\WINDOWS\System32\USER32.dll
0x00007ff954eb0000 - 0x00007ff954ed2000 	C:\WINDOWS\System32\win32u.dll
0x00007ff955d20000 - 0x00007ff955d4c000 	C:\WINDOWS\System32\GDI32.dll
0x00007ff940660000 - 0x00007ff9408fa000 	C:\WINDOWS\WinSxS\amd64_microsoft.windows.common-controls_6595b64144ccf1df_6.0.19041.3636_none_60b6a03d71f818d5\COMCTL32.dll
0x00007ff954c00000 - 0x00007ff954d1a000 	C:\WINDOWS\System32\gdi32full.dll
0x00007ff955bc0000 - 0x00007ff955c5e000 	C:\WINDOWS\System32\msvcrt.dll
0x00007ff954b60000 - 0x00007ff954bfd000 	C:\WINDOWS\System32\msvcp_win.dll
0x00007ff955dd0000 - 0x00007ff955e00000 	C:\WINDOWS\System32\IMM32.DLL
0x00007ff9503a0000 - 0x00007ff9503ac000 	C:\pleiades\2023-12\java\21\bin\vcruntime140_1.dll
0x00007ff93a8a0000 - 0x00007ff93a92e000 	C:\pleiades\2023-12\java\21\bin\msvcp140.dll
0x00007ff91c4e0000 - 0x00007ff91d261000 	C:\pleiades\2023-12\java\21\bin\server\jvm.dll
0x00007ff955c60000 - 0x00007ff955d13000 	C:\WINDOWS\System32\ADVAPI32.dll
0x00007ff955180000 - 0x00007ff95521f000 	C:\WINDOWS\System32\sechost.dll
0x00007ff956980000 - 0x00007ff956aa6000 	C:\WINDOWS\System32\RPCRT4.dll
0x00007ff954960000 - 0x00007ff954987000 	C:\WINDOWS\System32\bcrypt.dll
0x00007ff955e60000 - 0x00007ff955ecb000 	C:\WINDOWS\System32\WS2_32.dll
0x00007ff942bb0000 - 0x00007ff942bd7000 	C:\WINDOWS\SYSTEM32\WINMM.dll
0x00007ff954440000 - 0x00007ff95448b000 	C:\WINDOWS\SYSTEM32\POWRPROF.dll
0x00007ff949d30000 - 0x00007ff949d3a000 	C:\WINDOWS\SYSTEM32\VERSION.dll
0x00007ff9543e0000 - 0x00007ff9543f2000 	C:\WINDOWS\SYSTEM32\UMPDC.dll
0x00007ff952410000 - 0x00007ff952422000 	C:\WINDOWS\SYSTEM32\kernel.appcore.dll
0x00007ff94e3b0000 - 0x00007ff94e3ba000 	C:\pleiades\2023-12\java\21\bin\jimage.dll
0x00007ff94be60000 - 0x00007ff94c044000 	C:\WINDOWS\SYSTEM32\DBGHELP.DLL
0x00007ff94a5e0000 - 0x00007ff94a614000 	C:\WINDOWS\SYSTEM32\dbgcore.DLL
0x00007ff954e20000 - 0x00007ff954ea2000 	C:\WINDOWS\System32\bcryptPrimitives.dll
0x00007ff94e370000 - 0x00007ff94e3ac000 	C:\pleiades\2023-12\java\21\bin\jdwp.dll
0x00007ff94e360000 - 0x00007ff94e36f000 	C:\pleiades\2023-12\java\21\bin\instrument.dll
0x00007ff94e340000 - 0x00007ff94e35f000 	C:\pleiades\2023-12\java\21\bin\java.dll
0x00007ff9552d0000 - 0x00007ff955a15000 	C:\WINDOWS\System32\SHELL32.dll
0x00007ff952610000 - 0x00007ff952dab000 	C:\WINDOWS\SYSTEM32\windows.storage.dll
0x00007ff955ed0000 - 0x00007ff956224000 	C:\WINDOWS\System32\combase.dll
0x00007ff953ec0000 - 0x00007ff953eed000 	C:\WINDOWS\SYSTEM32\Wldp.dll
0x00007ff955220000 - 0x00007ff9552cd000 	C:\WINDOWS\System32\SHCORE.dll
0x00007ff956230000 - 0x00007ff956285000 	C:\WINDOWS\System32\shlwapi.dll
0x00007ff954490000 - 0x00007ff9544b5000 	C:\WINDOWS\SYSTEM32\profapi.dll
0x00007ff94ae60000 - 0x00007ff94ae6c000 	C:\pleiades\2023-12\java\21\bin\dt_socket.dll
0x00007ff953910000 - 0x00007ff95394b000 	C:\WINDOWS\SYSTEM32\IPHLPAPI.DLL
0x00007ff953c20000 - 0x00007ff953c8a000 	C:\WINDOWS\system32\mswsock.dll
0x00007ff953950000 - 0x00007ff953a1a000 	C:\WINDOWS\SYSTEM32\DNSAPI.dll
0x00007ff956bd0000 - 0x00007ff956bd8000 	C:\WINDOWS\System32\NSI.dll
0x00007ff948e50000 - 0x00007ff948e5a000 	C:\Windows\System32\rasadhlp.dll
0x00007ff948e70000 - 0x00007ff948ef0000 	C:\WINDOWS\System32\fwpuclnt.dll
0x00007ff942280000 - 0x00007ff942298000 	C:\pleiades\2023-12\java\21\bin\zip.dll
0x00007ff94ae50000 - 0x00007ff94ae60000 	C:\pleiades\2023-12\java\21\bin\net.dll
0x00007ff94cc20000 - 0x00007ff94cd2a000 	C:\WINDOWS\SYSTEM32\WINHTTP.dll
0x00007ff9405f0000 - 0x00007ff940606000 	C:\pleiades\2023-12\java\21\bin\nio.dll
0x00007ff9405d0000 - 0x00007ff9405da000 	C:\pleiades\2023-12\java\21\bin\management.dll
0x00007ff9405b0000 - 0x00007ff9405bb000 	C:\pleiades\2023-12\java\21\bin\management_ext.dll
0x00007ff956be0000 - 0x00007ff956be8000 	C:\WINDOWS\System32\PSAPI.DLL
0x00007ff94d3b0000 - 0x00007ff94d3c7000 	C:\WINDOWS\system32\napinsp.dll
0x00007ff93f670000 - 0x00007ff93f68b000 	C:\WINDOWS\system32\pnrpnsp.dll
0x00007ff94e6c0000 - 0x00007ff94e6d5000 	C:\WINDOWS\system32\wshbth.dll
0x00007ff94e280000 - 0x00007ff94e29d000 	C:\WINDOWS\system32\NLAapi.dll
0x00007ff93f0a0000 - 0x00007ff93f0b2000 	C:\WINDOWS\System32\winrnr.dll
0x00007ff940590000 - 0x00007ff9405a0000 	C:\pleiades\2023-12\java\21\bin\verify.dll
0x00007ff953e20000 - 0x00007ff953e38000 	C:\WINDOWS\SYSTEM32\CRYPTSP.dll
0x00007ff953550000 - 0x00007ff953584000 	C:\WINDOWS\system32\rsaenh.dll
0x00007ff954400000 - 0x00007ff95442e000 	C:\WINDOWS\SYSTEM32\USERENV.dll
0x00007ff953e10000 - 0x00007ff953e1c000 	C:\WINDOWS\SYSTEM32\CRYPTBASE.dll
0x00007ff940580000 - 0x00007ff940587000 	C:\pleiades\2023-12\java\21\bin\extnet.dll
0x00007ff940400000 - 0x00007ff94040e000 	C:\pleiades\2023-12\java\21\bin\sunmscapi.dll
0x00007ff954990000 - 0x00007ff954aed000 	C:\WINDOWS\System32\CRYPT32.dll
0x00007ff953f30000 - 0x00007ff953f58000 	C:\WINDOWS\SYSTEM32\ncrypt.dll
0x00007ff953ef0000 - 0x00007ff953f2b000 	C:\WINDOWS\SYSTEM32\NTASN1.dll
0x00007ff93f2e0000 - 0x00007ff93f2e7000 	C:\WINDOWS\system32\wshunix.dll

dbghelp: loaded successfully - version: 4.0.5 - missing functions: none
symbol engine: initialized successfully - sym options: 0x614 - pdb path: .;C:\pleiades\2023-12\java\21\bin;C:\WINDOWS\SYSTEM32;C:\WINDOWS\WinSxS\amd64_microsoft.windows.common-controls_6595b64144ccf1df_6.0.19041.3636_none_60b6a03d71f818d5;C:\pleiades\2023-12\java\21\bin\server

VM Arguments:
jvm_args: -XX:+ShowCodeDetailsInExceptionMessages -agentlib:jdwp=transport=dt_socket,suspend=y,address=localhost:49719 -Dcom.sun.management.jmxremote -Dcom.sun.management.jmxremote.port=49718 -Dcom.sun.management.jmxremote.authenticate=false -Dcom.sun.management.jmxremote.ssl=false -Djava.rmi.server.hostname=localhost -Dspring.jmx.enabled=true -Dmanagement.endpoints.jmx.exposure.include=* -Dspring.application.admin.enabled=true -XX:TieredStopAtLevel=1 -Dspring.boot.project.name=triplanner -javaagent:C:\pleiades\2023-12\eclipse\configuration\org.eclipse.osgi\249\0\.cp\lib\javaagent-shaded.jar -Dfile.encoding=UTF-8 -Dstdout.encoding=UTF-8 -Dstderr.encoding=UTF-8 
java_command: com.example.triplanner.TriplannerApplication --spring.output.ansi.enabled=always
java_class_path (initial): C:\pleiades\2023-12\workspace\triplanner\target\classes;C:\Users\ketas\.m2\repository\org\springframework\boot\spring-boot-starter-thymeleaf\3.2.1\spring-boot-starter-thymeleaf-3.2.1.jar;C:\Users\ketas\.m2\repository\org\springframework\boot\spring-boot-starter\3.2.1\spring-boot-starter-3.2.1.jar;C:\Users\ketas\.m2\repository\org\springframework\boot\spring-boot-starter-logging\3.2.1\spring-boot-starter-logging-3.2.1.jar;C:\Users\ketas\.m2\repository\ch\qos\logback\logback-classic\1.4.14\logback-classic-1.4.14.jar;C:\Users\ketas\.m2\repository\ch\qos\logback\logback-core\1.4.14\logback-core-1.4.14.jar;C:\Users\ketas\.m2\repository\org\apache\logging\log4j\log4j-to-slf4j\2.21.1\log4j-to-slf4j-2.21.1.jar;C:\Users\ketas\.m2\repository\org\apache\logging\log4j\log4j-api\2.21.1\log4j-api-2.21.1.jar;C:\Users\ketas\.m2\repository\org\slf4j\jul-to-slf4j\2.0.9\jul-to-slf4j-2.0.9.jar;C:\Users\ketas\.m2\repository\jakarta\annotation\jakarta.annotation-api\2.1.1\jakarta.annotation-api-2.1.1.jar;C:\Users\ketas\.m2\repository\org\yaml\snakeyaml\2.2\snakeyaml-2.2.jar;C:\Users\ketas\.m2\repository\org\thymeleaf\thymeleaf-spring6\3.1.2.RELEASE\thymeleaf-spring6-3.1.2.RELEASE.jar;C:\Users\ketas\.m2\repository\org\springframework\boot\spring-boot-starter-web\3.2.1\spring-boot-starter-web-3.2.1.jar;C:\Users\ketas\.m2\repository\org\springframework\boot\spring-boot-starter-json\3.2.1\spring-boot-starter-json-3.2.1.jar;C:\Users\ketas\.m2\repository\com\fasterxml\jackson\core\jackson-databind\2.15.3\jackson-databind-2.15.3.jar;C:\Users\ketas\.m2\repository\com\fasterxml\jackson\core\jackson-annotations\2.15.3\jackson-annotations-2.15.3.jar;C:\Users\ketas\.m2\repository\com\fasterxml\jackson\core\jackson-core\2.15.3\jackson-core-2.15.3.jar;C:\Users\ketas\.m2\repository\com\fasterxml\jackson\datatype\jackson-datatype-jdk8\2.15.3\jackson-datatype-jdk8-2.15.3.jar;C:\Users\ketas\.m2\repository\com\fasterxml\jackson\datatype\jackson-datatype-jsr310\2.15.3\jackson-datatype-jsr310-2.15.3.jar;C:\Users\ketas\.m2\repository\com\fasterxml\jackson\module\jackson-module-parameter-names\2.15.3\jackson-module-parameter-names-2.15.3.jar;C:\Users\ketas\.m2\repository\org\springframework\boot\spring-boot-starter-tomcat\3.2.1\spring-boot-starter-tomcat-3.2.1.jar;C:\Users\ketas\.m2\repository\org\apache\tomcat\embed\tomcat-embed-core\10.1.17\tomcat-embed-core-10.1.17.jar;C:\Users\ketas\.m2\repository\org\apache\tomcat\embed\tomcat-embed-el\10.1.17\tomcat-embed-el-10.1.17.jar;C:\Users\ketas\.m2\repository\org\apache\tomcat\embed\tomcat-embed-websocket\10.1.17\tomcat-embed-websocket-10.1.17.jar;C:\Users\ketas\.m2\repository\org\springframework\spring-web\6.1.2\spring-web-6.1.2.jar;C:\Users\ketas\.m2\repository\org\springframework\spring-beans\6.1.2\spring-beans-6.1.2.jar;C:\Users\ketas\.m2\repository\io\micrometer\micrometer-observation\1.12.1\micrometer-observation-1.12.1.jar;C:\Users\ketas\.m2\repository\io\micrometer\micrometer-commons\1.12.1\micrometer-commons-1.12.1.jar;C:\Users\ketas\.m2\repository\org\springframework\spring-webmvc\6.1.2\spring-webmvc-6.1.2.jar;C:\Users\ketas\.m2\repository\org\springframework\spring-aop\6.1.2\spring-aop-6.1.2.jar;C:\Users\ketas\.m2\repository\org\springframework\spring-context\6.1.2\spring-context-6.1.2.jar;C:\Users\ketas\.m2\repository\org\springframework\spring-expression\6.1.2\spring-expression-6.1.2.jar;C:\Users\ketas\.m2\repository\org\springframework\boot\spring-boot-devtools\3.2.1\spring-boot-devtools-3.2.1.jar;C:\Users\ketas\.m2\repository\org\springframework\boot\spring-boot\3.2.1\spring-boot-3.2.1.jar;C:\Users\ketas\.m2\repository\org\springframework\boot\spring-boot-autoconfigure\3.2.1\spring-boot-autoconfigure-3.2.1.jar;C:\Users\ketas\.m2\repository\org\springframework\boot\spring-boot-starter-data-jpa\3.2.1\spring-boot-starter-data-jpa-3.2.1.jar;C:\Users\ketas\.m2\repository\org\springframework\boot\spring-boot-starter-aop\3.2.1\spring-boot-starter-aop-3.2.1.jar;C:\Users\ketas\.m2\repository\org\aspectj\aspectjweaver\1.9.21\aspectjweaver-1.9.21.jar;C:\Users\ketas\.m2\repository\org\springframework\boot\spring-boot-starter-jdbc\3.2.1\spring-boot-starter-jdbc-3.2.1.jar;C:\Users\ketas\.m2\repository\com\zaxxer\HikariCP\5.0.1\HikariCP-5.0.1.jar;C:\Users\ketas\.m2\repository\org\springframework\spring-jdbc\6.1.2\spring-jdbc-6.1.2.jar;C:\Users\ketas\.m2\repository\org\hibernate\orm\hibernate-core\6.4.1.Final\hibernate-core-6.4.1.Final.jar;C:\Users\ketas\.m2\repository\jakarta\persistence\jakarta.persistence-api\3.1.0\jakarta.persistence-api-3.1.0.jar;C:\Users\ketas\.m2\repository\jakarta\transaction\jakarta.transaction-api\2.0.1\jakarta.transaction-api-2.0.1.jar;C:\Users\ketas\.m2\repository\org\jboss\logging\jboss-logging\3.5.3.Final\jboss-logging-3.5.3.Final.jar;C:\Users\ketas\.m2\repository\org\hibernate\common\hibernate-commons-annotations\6.0.6.Final\hibernate-commons-annotations-6.0.6.Final.jar;C:\Users\ketas\.m2\repository\io\smallrye\jandex\3.1.2\jandex-3.1.2.jar;C:\Users\ketas\.m2\repository\com\fasterxml\classmate\1.6.0\classmate-1.6.0.jar;C:\Users\ketas\.m2\repository\net\bytebuddy\byte-buddy\1.14.10\byte-buddy-1.14.10.jar;C:\Users\ketas\.m2\repository\org\glassfish\jaxb\jaxb-runtime\4.0.4\jaxb-runtime-4.0.4.jar;C:\Users\ketas\.m2\repository\org\glassfish\jaxb\jaxb-core\4.0.4\jaxb-core-4.0.4.jar;C:\Users\ketas\.m2\repository\org\eclipse\angus\angus-activation\2.0.1\angus-activation-2.0.1.jar;C:\Users\ketas\.m2\repository\org\glassfish\jaxb\txw2\4.0.4\txw2-4.0.4.jar;C:\Users\ketas\.m2\repository\com\sun\istack\istack-commons-runtime\4.1.2\istack-commons-runtime-4.1.2.jar;C:\Users\ketas\.m2\repository\jakarta\inject\jakarta.inject-api\2.0.1\jakarta.inject-api-2.0.1.jar;C:\Users\ketas\.m2\repository\org\antlr\antlr4-runtime\4.13.0\antlr4-runtime-4.13.0.jar;C:\Users\ketas\.m2\repository\org\springframework\data\spring-data-jpa\3.2.1\spring-data-jpa-3.2.1.jar;C:\Users\ketas\.m2\repository\org\springframework\data\spring-data-commons\3.2.1\spring-data-commons-3.2.1.jar;C:\Users\ketas\.m2\repository\org\springframework\spring-orm\6.1.2\spring-orm-6.1.2.jar;C:\Users\ketas\.m2\repository\org\springframework\spring-tx\6.1.2\spring-tx-6.1.2.jar;C:\Users\ketas\.m2\repository\org\springframework\spring-aspects\6.1.2\spring-aspects-6.1.2.jar;C:\Users\ketas\.m2\repository\com\h2database\h2\2.2.224\h2-2.2.224.jar;C:\Users\ketas\.m2\repository\org\postgresql\postgresql\42.6.0\postgresql-42.6.0.jar;C:\Users\ketas\.m2\repository\org\checkerframework\checker-qual\3.31.0\checker-qual-3.31.0.jar;C:\Users\ketas\.m2\repository\org\projectlombok\lombok\1.18.30\lombok-1.18.30.jar;C:\Users\ketas\.m2\repository\jakarta\xml\bind\jakarta.xml.bind-api\4.0.1\jakarta.xml.bind-api-4.0.1.jar;C:\Users\ketas\.m2\repository\jakarta\activation\jakarta.activation-api\2.1.2\jakarta.activation-api-2.1.2.jar;C:\Users\ketas\.m2\repository\org\springframework\spring-core\6.1.2\spring-core-6.1.2.jar;C:\Users\ketas\.m2\repository\org\springframework\spring-jcl\6.1.2\spring-jcl-6.1.2.jar;C:\Users\ketas\.m2\repository\nz\net\ultraq\thymeleaf\thymeleaf-layout-dialect\3.3.0\thymeleaf-layout-dialect-3.3.0.jar;C:\Users\ketas\.m2\repository\org\apache\groovy\groovy\4.0.16\groovy-4.0.16.jar;C:\Users\ketas\.m2\repository\nz\net\ultraq\groovy\groovy-extensions\2.1.0\groovy-extensions-2.1.0.jar;C:\Users\ketas\.m2\repository\nz\net\ultraq\thymeleaf\thymeleaf-expression-processor\3.2.0\thymeleaf-expression-processor-3.2.0.jar;C:\Users\ketas\.m2\repository\org\thymeleaf\thymeleaf\3.1.2.RELEASE\thymeleaf-3.1.2.RELEASE.jar;C:\Users\ketas\.m2\repository\ognl\ognl\3.3.4\ognl-3.3.4.jar;C:\Users\ketas\.m2\repository\org\javassist\javassist\3.29.0-GA\javassist-3.29.0-GA.jar;C:\Users\ketas\.m2\repository\org\attoparser\attoparser\2.0.7.RELEASE\attoparser-2.0.7.RELEASE.jar;C:\Users\ketas\.m2\repository\org\unbescape\unbescape\1.1.6.RELEASE\unbescape-1.1.6.RELEASE.jar;C:\Users\ketas\.m2\repository\org\slf4j\slf4j-api\2.0.9\slf4j-api-2.0.9.jar;C:\Users\ketas\.m2\repository\jakarta\validation\jakarta.validation-api\3.0.2\jakarta.validation-api-3.0.2.jar;C:\Users\ketas\.m2\repository\org\thymeleaf\extras\thymeleaf-extras-java8time\3.0.4.RELEASE\thymeleaf-extras-java8time-3.0.4.RELEASE.jar
Launcher Type: SUN_STANDARD

[Global flags]
     intx CICompilerCount                          = 3                                         {product} {ergonomic}
     uint ConcGCThreads                            = 1                                         {product} {ergonomic}
     uint G1ConcRefinementThreads                  = 4                                         {product} {ergonomic}
   size_t G1HeapRegionSize                         = 1048576                                   {product} {ergonomic}
    uintx GCDrainStackTargetSize                   = 64                                        {product} {ergonomic}
   size_t InitialHeapSize                          = 134217728                                 {product} {ergonomic}
     bool ManagementServer                         = true                                      {product} {command line}
   size_t MarkStackSize                            = 4194304                                   {product} {ergonomic}
   size_t MaxHeapSize                              = 2126512128                                {product} {ergonomic}
   size_t MaxNewSize                               = 1275068416                                {product} {ergonomic}
   size_t MinHeapDeltaBytes                        = 1048576                                   {product} {ergonomic}
   size_t MinHeapSize                              = 8388608                                   {product} {ergonomic}
    uintx NonNMethodCodeHeapSize                   = 4096                                   {pd product} {ergonomic}
    uintx NonProfiledCodeHeapSize                  = 0                                      {pd product} {ergonomic}
     bool ProfileInterpreter                       = false                                  {pd product} {command line}
    uintx ProfiledCodeHeapSize                     = 0                                      {pd product} {ergonomic}
     bool ShowCodeDetailsInExceptionMessages       = true                                   {manageable} {command line}
   size_t SoftMaxHeapSize                          = 2126512128                             {manageable} {ergonomic}
     intx TieredStopAtLevel                        = 1                                         {product} {command line}
     bool UseCompressedOops                        = true                           {product lp64_product} {ergonomic}
     bool UseG1GC                                  = true                                      {product} {ergonomic}
     bool UseLargePagesIndividualAllocation        = false                                  {pd product} {ergonomic}

Logging:
Log output configuration:
 #0: stdout all=warning uptime,level,tags foldmultilines=false
 #1: stderr all=off uptime,level,tags foldmultilines=false

Environment Variables:
JAVA_HOME=C:\Program Files\Java\jdk-16.0.2
PATH=C:/pleiades/2023-12/java/17/bin/server;C:/pleiades/2023-12/java/17/bin;C:\Program Files\Common Files\Oracle\Java\javapath;C:\Program Files (x86)\Intel\iCLS Client\;C:\Program Files\Intel\iCLS Client\;C:\WINDOWS\system32;C:\WINDOWS;C:\WINDOWS\System32\Wbem;C:\WINDOWS\System32\WindowsPowerShell\v1.0\;C:\Program Files\Intel\Intel(R) Management Engine Components\DAL;C:\Program Files (x86)\Intel\Intel(R) Management Engine Components\DAL;C:\Program Files\Intel\Intel(R) Management Engine Components\IPT;C:\Program Files (x86)\Intel\Intel(R) Management Engine Components\IPT;C:\WINDOWS\System32\OpenSSH\;C:\Program Files\Intel\WiFi\bin\;C:\Program Files\Common Files\Intel\WirelessCommon\;C:\Program Files\Git\cmd;C:\Program Files\Java\jdk-16.0.2\bin;C:\Users\ketas\scoop\shims;C:\Users\ketas\AppData\Local\Microsoft\WindowsApps;C:\Users\ketas\AppData\Local\atom\bin;C:\Users\ketas\AppData\Local\Programs\Microsoft VS Code\bin;C:\Program Files\PostgreSQL\13\bin;;C:\pleiades\2023-12\eclipse;
USERNAME=ketas
OS=Windows_NT
PROCESSOR_IDENTIFIER=Intel64 Family 6 Model 61 Stepping 4, GenuineIntel
TMP=C:\Users\ketas\AppData\Local\Temp
TEMP=C:\Users\ketas\AppData\Local\Temp




Periodic native trim disabled

---------------  S Y S T E M  ---------------

OS:
 Windows 10 , 64 bit Build 19041 (10.0.19041.3636)
OS uptime: 2 days 18:35 hours

CPU: total 4 (initial active 4) (2 cores per cpu, 2 threads per core) family 6 model 61 stepping 4 microcode 0x2d, cx8, cmov, fxsr, ht, mmx, 3dnowpref, sse, sse2, sse3, ssse3, sse4.1, sse4.2, popcnt, lzcnt, tsc, tscinvbit, avx, avx2, aes, erms, clmul, bmi1, bmi2, adx, fma, vzeroupper, clflush, rdtscp, f16c
Processor Information for all 4 processors :
  Max Mhz: 2401, Current Mhz: 2400, Mhz Limit: 2376

Memory: 4k page, system-wide physical 8107M (992M free)
TotalPageFile size 10941M (AvailPageFile size 2119M)
current process WorkingSet (physical memory assigned to process): 288M, peak: 289M
current process commit charge ("private bytes"): 321M, peak: 322M

vm_info: OpenJDK 64-Bit Server VM (21.0.1+12-LTS) for windows-amd64 JRE (21.0.1+12-LTS), built on 2023-10-17T00:00:00Z by "admin" with unknown MS VC++:1937

END.
