#
# A fatal error has been detected by the Java Runtime Environment:
#
#  EXCEPTION_ACCESS_VIOLATION (0xc0000005) at pc=0x0000028311a70f84, pid=6224, tid=2708
#
# JRE version: OpenJDK Runtime Environment Temurin-21.0.1+12 (21.0.1+12) (build 21.0.1+12-LTS)
# Java VM: OpenJDK 64-Bit Server VM Temurin-21.0.1+12 (21.0.1+12-LTS, mixed mode, emulated-client, sharing, tiered, compressed oops, compressed class ptrs, g1 gc, windows-amd64)
# Problematic frame:
# v  ~BufferBlob::MethodHandles adapters 0x0000028311a70f84
#
# No core dump will be written. Minidumps are not enabled by default on client versions of Windows
#
# If you would like to submit a bug report, please visit:
#   https://github.com/adoptium/adoptium-support/issues
#

---------------  S U M M A R Y ------------

Command Line: -XX:+ShowCodeDetailsInExceptionMessages -agentlib:jdwp=transport=dt_socket,suspend=y,address=localhost:50302 -Dcom.sun.management.jmxremote -Dcom.sun.management.jmxremote.port=50301 -Dcom.sun.management.jmxremote.authenticate=false -Dcom.sun.management.jmxremote.ssl=false -Djava.rmi.server.hostname=localhost -Dspring.jmx.enabled=true -Dmanagement.endpoints.jmx.exposure.include=* -Dspring.application.admin.enabled=true -XX:TieredStopAtLevel=1 -Dspring.boot.project.name=triplanner -javaagent:C:\pleiades\2023-12\eclipse\configuration\org.eclipse.osgi\249\0\.cp\lib\javaagent-shaded.jar -Dfile.encoding=UTF-8 -Dstdout.encoding=UTF-8 -Dstderr.encoding=UTF-8 com.example.triplanner.TriplannerApplication --spring.output.ansi.enabled=always

Host: Intel(R) Core(TM) i7-5500U CPU @ 2.40GHz, 4 cores, 7G,  Windows 10 , 64 bit Build 19041 (10.0.19041.3636)
Time: Wed Feb 14 19:37:36 2024  Windows 10 , 64 bit Build 19041 (10.0.19041.3636) elapsed time: 154.467644 seconds (0d 0h 2m 34s)

---------------  T H R E A D  ---------------

Current thread (0x000002836259f970):  JavaThread "http-nio-8080-exec-9" daemon [_thread_in_Java, id=2708, stack(0x000000cc63d00000,0x000000cc63e00000) (1024K)]

Stack: [0x000000cc63d00000,0x000000cc63e00000],  sp=0x000000cc63dfd8b8,  free space=1014k
Native frames: (J=compiled Java code, j=interpreted, Vv=VM code, C=native code)
C  0x0000028311a70f84

The last pc belongs to _linkToVirtual (printed below).

siginfo: EXCEPTION_ACCESS_VIOLATION (0xc0000005), reading address 0x000002937641843e


Registers:
RAX=0x0000028311a4958b, RBX=0x000000008798f308, RCX=0x000000cc63dfd8d0, RDX=0x0000000000000004
RSP=0x000000cc63dfd8b8, RBP=0x000000cc63dfd918, RSI=0x0000028361e52be8, RDI=0x00000283624a7bc0
R8 =0x0000000000000004, R9 =0x0000000000000004, R10=0x0000028376418276, R11=0x0000000200000000
R12=0x0000000000000000, R13=0x000000cc63dfd8b8, R14=0x000000cc63dfd948, R15=0x000002836259f970
RIP=0x0000028311a70f84, EFLAGS=0x0000000000010202


Register to memory mapping:

RAX=0x0000028311a4958b is at code_begin+4363 in an Interpreter codelet
return entry points  [0x0000028311a48480, 0x0000028311a4a298]  7704 bytes
RBX=0x000000008798f308 is an oop: org.springframework.validation.support.BindingAwareModelMap 
{0x000000008798f308} - klass: 'org/springframework/validation/support/BindingAwareModelMap'
 - ---- fields (total size 8 words):
 - transient 'keySet' 'Ljava/util/Set;' @12  null (0x00000000)
 - transient 'values' 'Ljava/util/Collection;' @16  null (0x00000000)
 - transient 'size' 'I' @20  2 (0x00000002)
 - transient 'modCount' 'I' @24  2 (0x00000002)
 - 'threshold' 'I' @28  3 (0x00000003)
 - final 'loadFactor' 'F' @32  0.750000 (0x3f400000)
 - transient 'table' '[Ljava/util/HashMap$Node;' @36  a 'java/util/HashMap$Node'[4] {0x0000000087594d68} (0x87594d68)
 - transient 'entrySet' 'Ljava/util/Set;' @40  null (0x00000000)
 - transient 'putMode' 'I' @44  0 (0x00000000)
 - final 'accessOrder' 'Z' @48  false (0x00)
 - transient 'head' 'Ljava/util/LinkedHashMap$Entry;' @52  a 'java/util/LinkedHashMap$Entry'{0x0000000087594d88} (0x87594d88)
 - transient 'tail' 'Ljava/util/LinkedHashMap$Entry;' @56  a 'java/util/LinkedHashMap$Entry'{0x0000000087594db0} (0x87594db0)
RCX=0x000000cc63dfd8d0 is pointing into the stack for thread: 0x000002836259f970
RDX=0x0000000000000004 is an unknown value
RSP=0x000000cc63dfd8b8 is pointing into the stack for thread: 0x000002836259f970
RBP=0x000000cc63dfd918 is pointing into the stack for thread: 0x000002836259f970
RSI=0x0000028361e52be8 points into unknown readable memory: 0x80001f6570a62f2d | 2d 2f a6 70 65 1f 00 80
RDI=0x00000283624a7bc0 points into unknown readable memory: 0x0000002800000080 | 80 00 00 00 28 00 00 00
R8 =0x0000000000000004 is an unknown value
R9 =0x0000000000000004 is an unknown value
R10=0x0000028376418276 is an unknown value
R11=0x0000000200000000 is an unknown value
R12=0x0 is null
R13=0x000000cc63dfd8b8 is pointing into the stack for thread: 0x000002836259f970
R14=0x000000cc63dfd948 is pointing into the stack for thread: 0x000002836259f970
R15=0x000002836259f970 is a thread

Top of Stack: (sp=0x000000cc63dfd8b8)
0x000000cc63dfd8b8:   0000028311a4958b 0000000087995a60
0x000000cc63dfd8c8:   0000000082e116c8 000000cc63dfd8d0
0x000000cc63dfd8d8:   000002835c418276 0000000000000006
0x000000cc63dfd8e8:   000002835c4183c8 000000cc63dfd9b8
0x000000cc63dfd8f8:   0000000081b18c80 000002835c418288
0x000000cc63dfd908:   000000cc63dfd8b8 000000cc63dfd950
0x000000cc63dfd918:   000000cc63dfd9b8 0000028311a4958b
0x000000cc63dfd928:   0000000087594f58 000000008798f308
0x000000cc63dfd938:   0000000087995a60 0000000082e116c8
0x000000cc63dfd948:   00000000875950d8 000000008798f308
0x000000cc63dfd958:   0000000087995a60 0000000082e116c8
0x000000cc63dfd968:   00000000875950d8 000000cc63dfd970
0x000000cc63dfd978:   000002835cab5301 000000000000000c
0x000000cc63dfd988:   000002835cab5450 0000000000000000
0x000000cc63dfd998:   00000000826e3d88 000002835cab5310
0x000000cc63dfd9a8:   000000cc63dfd950 000000cc63dfda20
0x000000cc63dfd9b8:   000000cc63dfdcd0 00000283124b9eca
0x000000cc63dfd9c8:   00000000875950d8 0000000082e116c8
0x000000cc63dfd9d8:   00000000875952d8 0000000087995a60
0x000000cc63dfd9e8:   00000000875953d8 000000008798f308
0x000000cc63dfd9f8:   00000000875954e0 000000008798f308
0x000000cc63dfda08:   0000000087995a60 0000000082e116c8
0x000000cc63dfda18:   0000000087595530 0000000200000000
0x000000cc63dfda28:   0000000082c648b0 00000000823151f0
0x000000cc63dfda38:   0000000087595560 0000000087595530
0x000000cc63dfda48:   0000000000000001 00000000823151f0
0x000000cc63dfda58:   0000000083279a10 0000000082d7dd60
0x000000cc63dfda68:   0000000000000009 000000cc63dfdcd0
0x000000cc63dfda78:   0000028311dec56c 0000000000000000
0x000000cc63dfda88:   00007ff91ca747de 000000cc63dfdcd0
0x000000cc63dfda98:   000002831264536c 0000000000000000
0x000000cc63dfdaa8:   0000000000000000 0000000000000000 

Instructions: (pc=0x0000028311a70f84)
0x0000028311a70e84:   00 00 00 00 01 00 00 00 00 00 00 00 10 e6 ed 1c
0x0000028311a70e94:   f9 7f 00 00 00 0f a7 11 83 02 00 00 80 1f a7 11
0x0000028311a70ea4:   83 02 00 00 00 0f a7 11 83 02 00 00 80 1f a7 11
0x0000028311a70eb4:   83 02 00 00 f0 0e a7 11 83 02 00 00 f0 0e a7 11
0x0000028311a70ec4:   83 02 00 00 00 00 00 00 00 00 00 00 a8 e6 ed 1c
0x0000028311a70ed4:   f9 7f 00 00 f0 10 00 00 60 00 00 00 ff ff ff ff
0x0000028311a70ee4:   f0 10 00 00 00 00 00 00 00 00 00 00 00 00 00 00
0x0000028311a70ef4:   00 00 00 00 00 00 00 00 00 00 00 00 f4 66 66 66
0x0000028311a70f04:   0f 1f 84 00 00 00 00 00 66 66 66 90 66 66 66 0f
0x0000028311a70f14:   1f 84 00 00 00 00 00 66 66 66 90 90 48 8b 53 08
0x0000028311a70f24:   0f b7 52 2e 48 8b 0c d4 8b 59 14 8b 5b 28 8b 5b
0x0000028311a70f34:   24 48 8b 5b 10 48 85 db 0f 84 10 00 00 00 41 80
0x0000028311a70f44:   bf e0 05 00 00 00 74 03 ff 63 38 ff 63 50 e9 a9
0x0000028311a70f54:   16 00 00 66 0f 1f 84 00 00 00 00 00 48 8b 53 08
0x0000028311a70f64:   0f b7 52 2e 48 8b 0c d4 58 5b 50 44 8b 51 08 49
0x0000028311a70f74:   bb 00 00 00 1a 83 02 00 00 4d 03 d3 4c 8b 5b 10
0x0000028311a70f84:   4b 8b 9c da c8 01 00 00 48 85 db 0f 84 10 00 00
0x0000028311a70f94:   00 41 80 bf e0 05 00 00 00 74 03 ff 63 38 ff 63
0x0000028311a70fa4:   50 e9 56 16 00 00 66 66 66 0f 1f 84 00 00 00 00
0x0000028311a70fb4:   00 66 66 66 90 0f 1f 80 00 00 00 00 58 5b 50 8b
0x0000028311a70fc4:   5b 24 48 8b 5b 10 48 85 db 0f 84 10 00 00 00 41
0x0000028311a70fd4:   80 bf e0 05 00 00 00 74 03 ff 63 38 ff 63 50 e9
0x0000028311a70fe4:   18 16 00 00 66 66 66 0f 1f 84 00 00 00 00 00 66
0x0000028311a70ff4:   66 66 90 66 0f 1f 84 00 00 00 00 00 48 8b 53 08
0x0000028311a71004:   0f b7 52 2e 48 8b 0c d4 58 5b 50 48 3b 01 8b 5b
0x0000028311a71014:   24 48 8b 5b 10 48 85 db 0f 84 10 00 00 00 41 80
0x0000028311a71024:   bf e0 05 00 00 00 74 03 ff 63 38 ff 63 50 e9 c9
0x0000028311a71034:   15 00 00 66 0f 1f 84 00 00 00 00 00 48 8b 53 08
0x0000028311a71044:   0f b7 52 2e 48 8b 0c d4 58 5b 50 44 8b 51 08 49
0x0000028311a71054:   bb 00 00 00 1a 83 02 00 00 4d 03 d3 8b 43 18 48
0x0000028311a71064:   8b 40 10 48 8b 5b 10 45 8b 9a a0 00 00 00 4f 8d
0x0000028311a71074:   9c da c8 01 00 00 4d 8d 14 da 49 8b 1b 48 3b c3 


Stack slot to memory mapping:

stack at sp + 0 slots: 0x0000028311a4958b is at code_begin+4363 in an Interpreter codelet
return entry points  [0x0000028311a48480, 0x0000028311a4a298]  7704 bytes
stack at sp + 1 slots: 0x0000000087995a60 is an oop: com.example.triplanner.form.ItineraryForm 
{0x0000000087995a60} - klass: 'com/example/triplanner/form/ItineraryForm'
 - ---- fields (total size 6 words):
 - private 'rowSequences' 'Ljava/util/List;' @12  a 'java/util/ArrayList'{0x000000008758b448} (0x8758b448)
 - private 'purposeIds' 'Ljava/util/List;' @16  null (0x00000000)
 - private 'startTimes' 'Ljava/util/List;' @20  a 'java/util/ArrayList'{0x000000008758e810} (0x8758e810)
 - private 'endTimes' 'Ljava/util/List;' @24  a 'java/util/ArrayList'{0x0000000087578f38} (0x87578f38)
 - private 'departureNames' 'Ljava/util/List;' @28  a 'java/util/ArrayList'{0x0000000087576000} (0x87576000)
 - private 'departurePrefectureIds' 'Ljava/util/List;' @32  null (0x00000000)
 - private 'arrivalNames' 'Ljava/util/List;' @36  a 'java/util/ArrayList'{0x00000000875730b8} (0x875730b8)
 - private 'titles' 'Ljava/util/List;' @40  null (0x00000000)
 - private 'descriptions' 'Ljava/util/List;' @44  null (0x00000000)
stack at sp + 2 slots: 0x0000000082e116c8 is an oop: com.example.triplanner.controller.TripsController 
{0x0000000082e116c8} - klass: 'com/example/triplanner/controller/TripsController'
 - ---- fields (total size 3 words):
 - private 'tagRepository' 'Lcom/example/triplanner/repository/TagRepository;' @12  a 'jdk/proxy4/$Proxy116'{0x00000000830f6fb0} (0x830f6fb0)
 - private 'regionRepository' 'Lcom/example/triplanner/repository/RegionRepository;' @16  a 'jdk/proxy4/$Proxy119'{0x00000000834e9c00} (0x834e9c00)
 - private 'prefectureRepository' 'Lcom/example/triplanner/repository/PrefectureRepository;' @20  a 'jdk/proxy4/$Proxy120'{0x00000000832ba8c8} (0x832ba8c8)
stack at sp + 3 slots: 0x000000cc63dfd8d0 is pointing into the stack for thread: 0x000002836259f970
stack at sp + 4 slots: 0x000002835c418276 is pointing into metadata
stack at sp + 5 slots: 0x0000000000000006 is an unknown value
stack at sp + 6 slots: 0x000002835c4183c8 is pointing into metadata
stack at sp + 7 slots: 0x000000cc63dfd9b8 is pointing into the stack for thread: 0x000002836259f970

MethodHandle::interpreter_entry::_linkToVirtual [0x0000028311a70f57, 0x0000028311a70faa] (83 bytes)
[MachCode]
  0x0000028311a70f57: 660f 1f84 | 0000 0000 | 0048 8b53 | 080f b752 | 2e48 8b0c | d458 5b50 | 448b 5108 | 49bb 0000 
  0x0000028311a70f77: 001a 8302 | 0000 4d03 | d34c 8b5b | 104b 8b9c | dac8 0100 | 0048 85db | 0f84 1000 | 0000 4180 
  0x0000028311a70f97: bfe0 0500 | 0000 7403 | ff63 38ff | 6350 e956 | 
[/MachCode]

---------------  P R O C E S S  ---------------

Threads class SMR info:
_java_thread_list=0x0000028362a06760, length=27, elements={
0x0000028319cfa470, 0x0000028319cfb390, 0x0000028319cfe340, 0x0000028319cffdb0,
0x0000028319d0a830, 0x0000028319d103b0, 0x0000028319d10a20, 0x000002835f0ed8a0,
0x000002835f1529f0, 0x000002835f157080, 0x000002835f157b10, 0x000002835f9956a0,
0x000002835fb3a910, 0x000002835f9fea50, 0x000002835fc31f10, 0x000002835ffe92d0,
0x000002836005f290, 0x0000028360048f40, 0x0000028360093cd0, 0x00000283600949f0,
0x0000028360095080, 0x0000028360095710, 0x0000028360095da0, 0x00000283625a0690,
0x000002836259f970, 0x0000028362599d90, 0x000002836259d8a0
}

Java Threads: ( => current thread )
  0x0000028319cfa470 JavaThread "Reference Handler"          daemon [_thread_blocked, id=7900, stack(0x000000cc61200000,0x000000cc61300000) (1024K)]
  0x0000028319cfb390 JavaThread "Finalizer"                  daemon [_thread_blocked, id=14404, stack(0x000000cc61300000,0x000000cc61400000) (1024K)]
  0x0000028319cfe340 JavaThread "Signal Dispatcher"          daemon [_thread_blocked, id=10504, stack(0x000000cc61400000,0x000000cc61500000) (1024K)]
  0x0000028319cffdb0 JavaThread "Attach Listener"            daemon [_thread_blocked, id=7648, stack(0x000000cc61500000,0x000000cc61600000) (1024K)]
  0x0000028319d0a830 JavaThread "Service Thread"             daemon [_thread_blocked, id=10688, stack(0x000000cc61600000,0x000000cc61700000) (1024K)]
  0x0000028319d103b0 JavaThread "Monitor Deflation Thread"   daemon [_thread_blocked, id=10908, stack(0x000000cc61700000,0x000000cc61800000) (1024K)]
  0x0000028319d10a20 JavaThread "C1 CompilerThread0"         daemon [_thread_blocked, id=3224, stack(0x000000cc61800000,0x000000cc61900000) (1024K)]
  0x000002835f0ed8a0 JavaThread "Common-Cleaner"             daemon [_thread_blocked, id=1404, stack(0x000000cc61900000,0x000000cc61a00000) (1024K)]
  0x000002835f1529f0 JavaThread "JDWP Transport Listener: dt_socket" daemon [_thread_blocked, id=9312, stack(0x000000cc61b00000,0x000000cc61c00000) (1024K)]
  0x000002835f157080 JavaThread "JDWP Event Helper Thread"   daemon [_thread_blocked, id=252, stack(0x000000cc61c00000,0x000000cc61d00000) (1024K)]
  0x000002835f157b10 JavaThread "JDWP Command Reader"        daemon [_thread_in_native, id=15028, stack(0x000000cc61d00000,0x000000cc61e00000) (1024K)]
  0x000002835f9956a0 JavaThread "Notification Thread"        daemon [_thread_blocked, id=15144, stack(0x000000cc61e00000,0x000000cc61f00000) (1024K)]
  0x000002835fb3a910 JavaThread "RMI TCP Accept-0"           daemon [_thread_in_native, id=10328, stack(0x000000cc62300000,0x000000cc62400000) (1024K)]
  0x000002835f9fea50 JavaThread "RMI TCP Accept-50301"       daemon [_thread_in_native, id=4900, stack(0x000000cc62400000,0x000000cc62500000) (1024K)]
  0x000002835fc31f10 JavaThread "RMI TCP Accept-0"           daemon [_thread_in_native, id=10760, stack(0x000000cc62500000,0x000000cc62600000) (1024K)]
  0x000002835ffe92d0 JavaThread "RMI Scheduler(0)"           daemon [_thread_blocked, id=2500, stack(0x000000cc62700000,0x000000cc62800000) (1024K)]
  0x000002836005f290 JavaThread "RMI TCP Connection(idle)"   daemon [_thread_blocked, id=7888, stack(0x000000cc62800000,0x000000cc62900000) (1024K)]
  0x0000028360048f40 JavaThread "JMX server connection timeout 33" daemon [_thread_blocked, id=7820, stack(0x000000cc62900000,0x000000cc62a00000) (1024K)]
  0x0000028360093cd0 JavaThread "PostgreSQL-JDBC-Cleaner"    daemon [_thread_blocked, id=12824, stack(0x000000cc62d00000,0x000000cc62e00000) (1024K)]
  0x00000283600949f0 JavaThread "HikariPool-1 housekeeper"   daemon [_thread_blocked, id=11092, stack(0x000000cc62e00000,0x000000cc62f00000) (1024K)]
  0x0000028360095080 JavaThread "Catalina-utility-1"                [_thread_blocked, id=15352, stack(0x000000cc62f00000,0x000000cc63000000) (1024K)]
  0x0000028360095710 JavaThread "Catalina-utility-2"                [_thread_blocked, id=10180, stack(0x000000cc63000000,0x000000cc63100000) (1024K)]
  0x0000028360095da0 JavaThread "container-0"                       [_thread_blocked, id=7620, stack(0x000000cc63100000,0x000000cc63200000) (1024K)]
  0x00000283625a0690 JavaThread "Live Reload Server"         daemon [_thread_in_native, id=3036, stack(0x000000cc63500000,0x000000cc63600000) (1024K)]
=>0x000002836259f970 JavaThread "http-nio-8080-exec-9"       daemon [_thread_in_Java, id=2708, stack(0x000000cc63d00000,0x000000cc63e00000) (1024K)]
  0x0000028362599d90 JavaThread "DestroyJavaVM"                     [_thread_blocked, id=14232, stack(0x000000cc60a00000,0x000000cc60b00000) (1024K)]
  0x000002836259d8a0 JavaThread "Thread-5"                          [_thread_blocked, id=6504, stack(0x000000cc60700000,0x000000cc60800000) (1024K)]
Total: 27

Other Threads:
  0x0000028319cdcd80 VMThread "VM Thread"                           [id=12312, stack(0x000000cc61100000,0x000000cc61200000) (1024K)]
  0x0000028319cc7260 WatcherThread "VM Periodic Task Thread"        [id=9132, stack(0x000000cc61000000,0x000000cc61100000) (1024K)]
  0x0000028307bf4e60 WorkerThread "GC Thread#0"                     [id=9052, stack(0x000000cc60b00000,0x000000cc60c00000) (1024K)]
  0x000002835f9e9f70 WorkerThread "GC Thread#1"                     [id=12884, stack(0x000000cc61f00000,0x000000cc62000000) (1024K)]
  0x000002835f9f0f70 WorkerThread "GC Thread#2"                     [id=15200, stack(0x000000cc62000000,0x000000cc62100000) (1024K)]
  0x000002835fa03eb0 WorkerThread "GC Thread#3"                     [id=5100, stack(0x000000cc62100000,0x000000cc62200000) (1024K)]
  0x0000028307c44010 ConcurrentGCThread "G1 Main Marker"            [id=1460, stack(0x000000cc60c00000,0x000000cc60d00000) (1024K)]
  0x0000028307c45a30 WorkerThread "G1 Conc#0"                       [id=15176, stack(0x000000cc60d00000,0x000000cc60e00000) (1024K)]
  0x0000028319b8a440 ConcurrentGCThread "G1 Refine#0"               [id=13424, stack(0x000000cc60e00000,0x000000cc60f00000) (1024K)]
  0x0000028319b8aec0 ConcurrentGCThread "G1 Service"                [id=7636, stack(0x000000cc60f00000,0x000000cc61000000) (1024K)]
Total: 10

Threads with active compile tasks:
Total: 0

VM state: not at safepoint (normal execution)

VM Mutex/Monitor currently owned by a thread: None

Heap address: 0x0000000081400000, size: 2028 MB, Compressed Oops mode: 32-bit

CDS archive(s) mapped at: [0x000002831a000000-0x000002831ac90000-0x000002831ac90000), size 13172736, SharedBaseAddress: 0x000002831a000000, ArchiveRelocationMode: 1.
Compressed class space mapped at: 0x000002831b000000-0x000002835b000000, reserved size: 1073741824
Narrow klass base: 0x000002831a000000, Narrow klass shift: 0, Narrow klass range: 0x100000000

GC Precious Log:
 CardTable entry size: 512
 Card Set container configuration: InlinePtr #cards 5 size 8 Array Of Cards #cards 12 size 40 Howl #buckets 4 coarsen threshold 1843 Howl Bitmap #cards 512 size 80 coarsen threshold 460 Card regions per heap region 1 cards per card region 2048
 CPUs: 4 total, 4 available
 Memory: 8107M
 Large Page Support: Disabled
 NUMA Support: Disabled
 Compressed Oops: Enabled (32-bit)
 Heap Region Size: 1M
 Heap Min Capacity: 8M
 Heap Initial Capacity: 128M
 Heap Max Capacity: 2028M
 Pre-touch: Disabled
 Parallel Workers: 4
 Concurrent Workers: 1
 Concurrent Refinement Workers: 4
 Periodic GC: Disabled

Heap:
 garbage-first heap   total 108544K, used 56743K [0x0000000081400000, 0x0000000100000000)
  region size 1024K, 21 young (21504K), 6 survivors (6144K)
 Metaspace       used 72530K, committed 73664K, reserved 1114112K
  class space    used 9992K, committed 10496K, reserved 1048576K

Heap Regions: E=young(eden), S=young(survivor), O=old, HS=humongous(starts), HC=humongous(continues), CS=collection set, F=free, TAMS=top-at-mark-start, PB=parsable bottom
|   0|0x0000000081400000, 0x0000000081500000, 0x0000000081500000|100%|HS|  |TAMS 0x0000000081400000| PB 0x0000000081400000| Complete 
|   1|0x0000000081500000, 0x0000000081600000, 0x0000000081600000|100%| O|  |TAMS 0x0000000081500000| PB 0x0000000081500000| Untracked 
|   2|0x0000000081600000, 0x0000000081700000, 0x0000000081700000|100%| O|  |TAMS 0x0000000081600000| PB 0x0000000081600000| Untracked 
|   3|0x0000000081700000, 0x0000000081800000, 0x0000000081800000|100%| O|  |TAMS 0x0000000081700000| PB 0x0000000081700000| Untracked 
|   4|0x0000000081800000, 0x0000000081900000, 0x0000000081900000|100%| O|  |TAMS 0x0000000081800000| PB 0x0000000081800000| Untracked 
|   5|0x0000000081900000, 0x0000000081a00000, 0x0000000081a00000|100%| O|  |TAMS 0x0000000081900000| PB 0x0000000081900000| Untracked 
|   6|0x0000000081a00000, 0x0000000081b00000, 0x0000000081b00000|100%| O|  |TAMS 0x0000000081a00000| PB 0x0000000081a00000| Untracked 
|   7|0x0000000081b00000, 0x0000000081c00000, 0x0000000081c00000|100%| O|  |TAMS 0x0000000081b00000| PB 0x0000000081b00000| Untracked 
|   8|0x0000000081c00000, 0x0000000081d00000, 0x0000000081d00000|100%| O|  |TAMS 0x0000000081c00000| PB 0x0000000081c00000| Untracked 
|   9|0x0000000081d00000, 0x0000000081e00000, 0x0000000081e00000|100%| O|  |TAMS 0x0000000081d00000| PB 0x0000000081d00000| Untracked 
|  10|0x0000000081e00000, 0x0000000081f00000, 0x0000000081f00000|100%| O|  |TAMS 0x0000000081e00000| PB 0x0000000081e00000| Untracked 
|  11|0x0000000081f00000, 0x0000000082000000, 0x0000000082000000|100%| O|  |TAMS 0x0000000081f00000| PB 0x0000000081f00000| Untracked 
|  12|0x0000000082000000, 0x0000000082100000, 0x0000000082100000|100%| O|  |TAMS 0x0000000082000000| PB 0x0000000082000000| Untracked 
|  13|0x0000000082100000, 0x0000000082200000, 0x0000000082200000|100%| O|  |TAMS 0x0000000082100000| PB 0x0000000082100000| Untracked 
|  14|0x0000000082200000, 0x0000000082300000, 0x0000000082300000|100%| O|  |TAMS 0x0000000082200000| PB 0x0000000082200000| Untracked 
|  15|0x0000000082300000, 0x0000000082400000, 0x0000000082400000|100%| O|  |TAMS 0x0000000082300000| PB 0x0000000082300000| Untracked 
|  16|0x0000000082400000, 0x0000000082500000, 0x0000000082500000|100%| O|  |TAMS 0x0000000082400000| PB 0x0000000082400000| Untracked 
|  17|0x0000000082500000, 0x0000000082600000, 0x0000000082600000|100%| O|  |TAMS 0x0000000082500000| PB 0x0000000082500000| Untracked 
|  18|0x0000000082600000, 0x0000000082700000, 0x0000000082700000|100%| O|  |TAMS 0x0000000082600000| PB 0x0000000082600000| Untracked 
|  19|0x0000000082700000, 0x0000000082800000, 0x0000000082800000|100%| O|  |TAMS 0x0000000082700000| PB 0x0000000082700000| Untracked 
|  20|0x0000000082800000, 0x0000000082900000, 0x0000000082900000|100%| O|  |TAMS 0x0000000082800000| PB 0x0000000082800000| Untracked 
|  21|0x0000000082900000, 0x0000000082a00000, 0x0000000082a00000|100%| O|  |TAMS 0x0000000082900000| PB 0x0000000082900000| Untracked 
|  22|0x0000000082a00000, 0x0000000082b00000, 0x0000000082b00000|100%| O|  |TAMS 0x0000000082a00000| PB 0x0000000082a00000| Untracked 
|  23|0x0000000082b00000, 0x0000000082c00000, 0x0000000082c00000|100%| O|  |TAMS 0x0000000082b00000| PB 0x0000000082b00000| Untracked 
|  24|0x0000000082c00000, 0x0000000082d00000, 0x0000000082d00000|100%| O|  |TAMS 0x0000000082c00000| PB 0x0000000082c00000| Untracked 
|  25|0x0000000082d00000, 0x0000000082e00000, 0x0000000082e00000|100%| O|  |TAMS 0x0000000082d00000| PB 0x0000000082d00000| Untracked 
|  26|0x0000000082e00000, 0x0000000082f00000, 0x0000000082f00000|100%| O|  |TAMS 0x0000000082e00000| PB 0x0000000082e00000| Untracked 
|  27|0x0000000082f00000, 0x0000000083000000, 0x0000000083000000|100%| O|  |TAMS 0x0000000082f00000| PB 0x0000000082f00000| Untracked 
|  28|0x0000000083000000, 0x0000000083100000, 0x0000000083100000|100%| O|  |TAMS 0x0000000083000000| PB 0x0000000083000000| Untracked 
|  29|0x0000000083100000, 0x0000000083200000, 0x0000000083200000|100%| O|  |TAMS 0x0000000083100000| PB 0x0000000083100000| Untracked 
|  30|0x0000000083200000, 0x0000000083300000, 0x0000000083300000|100%| O|  |TAMS 0x0000000083200000| PB 0x0000000083200000| Untracked 
|  31|0x0000000083300000, 0x0000000083400000, 0x0000000083400000|100%| O|  |TAMS 0x0000000083300000| PB 0x0000000083300000| Untracked 
|  32|0x0000000083400000, 0x0000000083500000, 0x0000000083500000|100%| O|  |TAMS 0x0000000083400000| PB 0x0000000083400000| Untracked 
|  33|0x0000000083500000, 0x0000000083600000, 0x0000000083600000|100%| O|  |TAMS 0x0000000083500000| PB 0x0000000083500000| Untracked 
|  34|0x0000000083600000, 0x00000000836f7d80, 0x0000000083700000| 96%| O|  |TAMS 0x0000000083600000| PB 0x0000000083600000| Untracked 
|  35|0x0000000083700000, 0x0000000083700000, 0x0000000083800000|  0%| F|  |TAMS 0x0000000083700000| PB 0x0000000083700000| Untracked 
|  36|0x0000000083800000, 0x0000000083872150, 0x0000000083900000| 44%| S|CS|TAMS 0x0000000083800000| PB 0x0000000083800000| Complete 
|  37|0x0000000083900000, 0x0000000083a00000, 0x0000000083a00000|100%| S|CS|TAMS 0x0000000083900000| PB 0x0000000083900000| Complete 
|  38|0x0000000083a00000, 0x0000000083b00000, 0x0000000083b00000|100%| S|CS|TAMS 0x0000000083a00000| PB 0x0000000083a00000| Complete 
|  39|0x0000000083b00000, 0x0000000083c00000, 0x0000000083c00000|100%| S|CS|TAMS 0x0000000083b00000| PB 0x0000000083b00000| Complete 
|  40|0x0000000083c00000, 0x0000000083d00000, 0x0000000083d00000|100%| S|CS|TAMS 0x0000000083c00000| PB 0x0000000083c00000| Complete 
|  41|0x0000000083d00000, 0x0000000083e00000, 0x0000000083e00000|100%| S|CS|TAMS 0x0000000083d00000| PB 0x0000000083d00000| Complete 
|  42|0x0000000083e00000, 0x0000000083e00000, 0x0000000083f00000|  0%| F|  |TAMS 0x0000000083e00000| PB 0x0000000083e00000| Untracked 
|  43|0x0000000083f00000, 0x0000000083f00000, 0x0000000084000000|  0%| F|  |TAMS 0x0000000083f00000| PB 0x0000000083f00000| Untracked 
|  44|0x0000000084000000, 0x0000000084000000, 0x0000000084100000|  0%| F|  |TAMS 0x0000000084000000| PB 0x0000000084000000| Untracked 
|  45|0x0000000084100000, 0x0000000084100000, 0x0000000084200000|  0%| F|  |TAMS 0x0000000084100000| PB 0x0000000084100000| Untracked 
|  46|0x0000000084200000, 0x0000000084200000, 0x0000000084300000|  0%| F|  |TAMS 0x0000000084200000| PB 0x0000000084200000| Untracked 
|  47|0x0000000084300000, 0x0000000084300000, 0x0000000084400000|  0%| F|  |TAMS 0x0000000084300000| PB 0x0000000084300000| Untracked 
|  48|0x0000000084400000, 0x0000000084400000, 0x0000000084500000|  0%| F|  |TAMS 0x0000000084400000| PB 0x0000000084400000| Untracked 
|  49|0x0000000084500000, 0x0000000084500000, 0x0000000084600000|  0%| F|  |TAMS 0x0000000084500000| PB 0x0000000084500000| Untracked 
|  50|0x0000000084600000, 0x0000000084600000, 0x0000000084700000|  0%| F|  |TAMS 0x0000000084600000| PB 0x0000000084600000| Untracked 
|  51|0x0000000084700000, 0x0000000084700000, 0x0000000084800000|  0%| F|  |TAMS 0x0000000084700000| PB 0x0000000084700000| Untracked 
|  52|0x0000000084800000, 0x0000000084800000, 0x0000000084900000|  0%| F|  |TAMS 0x0000000084800000| PB 0x0000000084800000| Untracked 
|  53|0x0000000084900000, 0x0000000084900000, 0x0000000084a00000|  0%| F|  |TAMS 0x0000000084900000| PB 0x0000000084900000| Untracked 
|  54|0x0000000084a00000, 0x0000000084a00000, 0x0000000084b00000|  0%| F|  |TAMS 0x0000000084a00000| PB 0x0000000084a00000| Untracked 
|  55|0x0000000084b00000, 0x0000000084b00000, 0x0000000084c00000|  0%| F|  |TAMS 0x0000000084b00000| PB 0x0000000084b00000| Untracked 
|  56|0x0000000084c00000, 0x0000000084c00000, 0x0000000084d00000|  0%| F|  |TAMS 0x0000000084c00000| PB 0x0000000084c00000| Untracked 
|  57|0x0000000084d00000, 0x0000000084d00000, 0x0000000084e00000|  0%| F|  |TAMS 0x0000000084d00000| PB 0x0000000084d00000| Untracked 
|  58|0x0000000084e00000, 0x0000000084e00000, 0x0000000084f00000|  0%| F|  |TAMS 0x0000000084e00000| PB 0x0000000084e00000| Untracked 
|  59|0x0000000084f00000, 0x0000000084f00000, 0x0000000085000000|  0%| F|  |TAMS 0x0000000084f00000| PB 0x0000000084f00000| Untracked 
|  60|0x0000000085000000, 0x0000000085000000, 0x0000000085100000|  0%| F|  |TAMS 0x0000000085000000| PB 0x0000000085000000| Untracked 
|  61|0x0000000085100000, 0x0000000085100000, 0x0000000085200000|  0%| F|  |TAMS 0x0000000085100000| PB 0x0000000085100000| Untracked 
|  62|0x0000000085200000, 0x0000000085200000, 0x0000000085300000|  0%| F|  |TAMS 0x0000000085200000| PB 0x0000000085200000| Untracked 
|  63|0x0000000085300000, 0x0000000085300000, 0x0000000085400000|  0%| F|  |TAMS 0x0000000085300000| PB 0x0000000085300000| Untracked 
|  64|0x0000000085400000, 0x0000000085400000, 0x0000000085500000|  0%| F|  |TAMS 0x0000000085400000| PB 0x0000000085400000| Untracked 
|  65|0x0000000085500000, 0x0000000085500000, 0x0000000085600000|  0%| F|  |TAMS 0x0000000085500000| PB 0x0000000085500000| Untracked 
|  66|0x0000000085600000, 0x0000000085600000, 0x0000000085700000|  0%| F|  |TAMS 0x0000000085600000| PB 0x0000000085600000| Untracked 
|  67|0x0000000085700000, 0x0000000085700000, 0x0000000085800000|  0%| F|  |TAMS 0x0000000085700000| PB 0x0000000085700000| Untracked 
|  68|0x0000000085800000, 0x0000000085800000, 0x0000000085900000|  0%| F|  |TAMS 0x0000000085800000| PB 0x0000000085800000| Untracked 
|  69|0x0000000085900000, 0x0000000085900000, 0x0000000085a00000|  0%| F|  |TAMS 0x0000000085900000| PB 0x0000000085900000| Untracked 
|  70|0x0000000085a00000, 0x0000000085a00000, 0x0000000085b00000|  0%| F|  |TAMS 0x0000000085a00000| PB 0x0000000085a00000| Untracked 
|  71|0x0000000085b00000, 0x0000000085b00000, 0x0000000085c00000|  0%| F|  |TAMS 0x0000000085b00000| PB 0x0000000085b00000| Untracked 
|  72|0x0000000085c00000, 0x0000000085c00000, 0x0000000085d00000|  0%| F|  |TAMS 0x0000000085c00000| PB 0x0000000085c00000| Untracked 
|  73|0x0000000085d00000, 0x0000000085d00000, 0x0000000085e00000|  0%| F|  |TAMS 0x0000000085d00000| PB 0x0000000085d00000| Untracked 
|  74|0x0000000085e00000, 0x0000000085e00000, 0x0000000085f00000|  0%| F|  |TAMS 0x0000000085e00000| PB 0x0000000085e00000| Untracked 
|  75|0x0000000085f00000, 0x0000000085f00000, 0x0000000086000000|  0%| F|  |TAMS 0x0000000085f00000| PB 0x0000000085f00000| Untracked 
|  76|0x0000000086000000, 0x0000000086000000, 0x0000000086100000|  0%| F|  |TAMS 0x0000000086000000| PB 0x0000000086000000| Untracked 
|  77|0x0000000086100000, 0x0000000086100000, 0x0000000086200000|  0%| F|  |TAMS 0x0000000086100000| PB 0x0000000086100000| Untracked 
|  78|0x0000000086200000, 0x0000000086200000, 0x0000000086300000|  0%| F|  |TAMS 0x0000000086200000| PB 0x0000000086200000| Untracked 
|  79|0x0000000086300000, 0x0000000086300000, 0x0000000086400000|  0%| F|  |TAMS 0x0000000086300000| PB 0x0000000086300000| Untracked 
|  80|0x0000000086400000, 0x0000000086400000, 0x0000000086500000|  0%| F|  |TAMS 0x0000000086400000| PB 0x0000000086400000| Untracked 
|  81|0x0000000086500000, 0x0000000086500000, 0x0000000086600000|  0%| F|  |TAMS 0x0000000086500000| PB 0x0000000086500000| Untracked 
|  82|0x0000000086600000, 0x0000000086600000, 0x0000000086700000|  0%| F|  |TAMS 0x0000000086600000| PB 0x0000000086600000| Untracked 
|  83|0x0000000086700000, 0x0000000086700000, 0x0000000086800000|  0%| F|  |TAMS 0x0000000086700000| PB 0x0000000086700000| Untracked 
|  84|0x0000000086800000, 0x0000000086800000, 0x0000000086900000|  0%| F|  |TAMS 0x0000000086800000| PB 0x0000000086800000| Untracked 
|  85|0x0000000086900000, 0x0000000086900000, 0x0000000086a00000|  0%| F|  |TAMS 0x0000000086900000| PB 0x0000000086900000| Untracked 
|  86|0x0000000086a00000, 0x0000000086a00000, 0x0000000086b00000|  0%| F|  |TAMS 0x0000000086a00000| PB 0x0000000086a00000| Untracked 
|  87|0x0000000086b00000, 0x0000000086b00000, 0x0000000086c00000|  0%| F|  |TAMS 0x0000000086b00000| PB 0x0000000086b00000| Untracked 
|  88|0x0000000086c00000, 0x0000000086c00000, 0x0000000086d00000|  0%| F|  |TAMS 0x0000000086c00000| PB 0x0000000086c00000| Untracked 
|  89|0x0000000086d00000, 0x0000000086d00000, 0x0000000086e00000|  0%| F|  |TAMS 0x0000000086d00000| PB 0x0000000086d00000| Untracked 
|  90|0x0000000086e00000, 0x0000000086ed6028, 0x0000000086f00000| 83%| E|  |TAMS 0x0000000086e00000| PB 0x0000000086e00000| Complete 
|  91|0x0000000086f00000, 0x0000000087000000, 0x0000000087000000|100%| E|CS|TAMS 0x0000000086f00000| PB 0x0000000086f00000| Complete 
|  92|0x0000000087000000, 0x0000000087100000, 0x0000000087100000|100%| E|CS|TAMS 0x0000000087000000| PB 0x0000000087000000| Complete 
|  93|0x0000000087100000, 0x0000000087200000, 0x0000000087200000|100%| E|CS|TAMS 0x0000000087100000| PB 0x0000000087100000| Complete 
|  94|0x0000000087200000, 0x0000000087300000, 0x0000000087300000|100%| E|CS|TAMS 0x0000000087200000| PB 0x0000000087200000| Complete 
|  95|0x0000000087300000, 0x0000000087400000, 0x0000000087400000|100%| E|CS|TAMS 0x0000000087300000| PB 0x0000000087300000| Complete 
|  96|0x0000000087400000, 0x0000000087500000, 0x0000000087500000|100%| E|CS|TAMS 0x0000000087400000| PB 0x0000000087400000| Complete 
|  97|0x0000000087500000, 0x0000000087600000, 0x0000000087600000|100%| E|CS|TAMS 0x0000000087500000| PB 0x0000000087500000| Complete 
|  98|0x0000000087600000, 0x0000000087700000, 0x0000000087700000|100%| E|CS|TAMS 0x0000000087600000| PB 0x0000000087600000| Complete 
|  99|0x0000000087700000, 0x0000000087800000, 0x0000000087800000|100%| E|CS|TAMS 0x0000000087700000| PB 0x0000000087700000| Complete 
| 100|0x0000000087800000, 0x0000000087900000, 0x0000000087900000|100%| E|CS|TAMS 0x0000000087800000| PB 0x0000000087800000| Complete 
| 101|0x0000000087900000, 0x0000000087a00000, 0x0000000087a00000|100%| E|CS|TAMS 0x0000000087900000| PB 0x0000000087900000| Complete 
| 125|0x0000000089100000, 0x0000000089200000, 0x0000000089200000|100%| E|CS|TAMS 0x0000000089100000| PB 0x0000000089100000| Complete 
| 126|0x0000000089200000, 0x0000000089300000, 0x0000000089300000|100%| E|CS|TAMS 0x0000000089200000| PB 0x0000000089200000| Complete 
| 127|0x0000000089300000, 0x0000000089400000, 0x0000000089400000|100%| E|CS|TAMS 0x0000000089300000| PB 0x0000000089300000| Complete 
|2027|0x00000000fff00000, 0x0000000100000000, 0x0000000100000000|100%| O|  |TAMS 0x00000000fff00000| PB 0x00000000fff00000| Untracked 

Card table byte_map: [0x00000283152e0000,0x00000283156e0000] _byte_map_base: 0x0000028314ed6000

Marking Bits: (CMBitMap*) 0x0000028307bf5470
 Bits: [0x00000283156e0000, 0x0000028317690000)

Polling page: 0x0000028307960000

Metaspace:

Usage:
  Non-class:     61.07 MB used.
      Class:      9.76 MB used.
       Both:     70.83 MB used.

Virtual space:
  Non-class space:       64.00 MB reserved,      61.69 MB ( 96%) committed,  1 nodes.
      Class space:        1.00 GB reserved,      10.25 MB (  1%) committed,  1 nodes.
             Both:        1.06 GB reserved,      71.94 MB (  7%) committed. 

Chunk freelists:
   Non-Class:  2.22 MB
       Class:  5.63 MB
        Both:  7.85 MB

MaxMetaspaceSize: unlimited
CompressedClassSpaceSize: 1.00 GB
Initial GC threshold: 21.00 MB
Current GC threshold: 97.81 MB
CDS: on
 - commit_granule_bytes: 65536.
 - commit_granule_words: 8192.
 - virtual_space_node_default_size: 8388608.
 - enlarge_chunks_in_place: 1.
 - use_allocation_guard: 0.


Internal statistics:

num_allocs_failed_limit: 6.
num_arena_births: 1782.
num_arena_deaths: 0.
num_vsnodes_births: 2.
num_vsnodes_deaths: 0.
num_space_committed: 1151.
num_space_uncommitted: 0.
num_chunks_returned_to_freelist: 6.
num_chunks_taken_from_freelist: 4481.
num_chunk_merges: 3.
num_chunk_splits: 3156.
num_chunks_enlarged: 2306.
num_inconsistent_stats: 0.

CodeCache: size=49152Kb used=15116Kb max_used=16117Kb free=34036Kb
 bounds [0x0000028311a40000, 0x0000028312a00000, 0x0000028314a40000]
 total_blobs=8335 nmethods=7373 adapters=886
 compilation: enabled
              stopped_count=0, restarted_count=0
 full_count=0

Compilation events (20 events):
Event: 145.921 Thread 0x0000028319d10a20 7434       1       org.springframework.boot.devtools.filewatch.FileSystemWatcher$Watcher::isDifferent (105 bytes)
Event: 145.922 Thread 0x0000028319d10a20 nmethod 7434 0x000002831284d090 code [0x000002831284d300, 0x000002831284d778]
Event: 145.922 Thread 0x0000028319d10a20 7435       1       org.springframework.boot.devtools.filewatch.DirectorySnapshot::equals (46 bytes)
Event: 145.923 Thread 0x0000028319d10a20 nmethod 7435 0x000002831284c990 code [0x000002831284cb60, 0x000002831284ce28]
Event: 145.923 Thread 0x0000028319d10a20 7436       1       java.util.Collections$UnmodifiableSet::equals (24 bytes)
Event: 145.923 Thread 0x0000028319d10a20 nmethod 7436 0x000002831284c610 code [0x000002831284c7c0, 0x000002831284c8f0]
Event: 150.739 Thread 0x0000028319d10a20 7437       1       java.util.regex.Pattern$CharPropertyGreedy::match (160 bytes)
Event: 150.740 Thread 0x0000028319d10a20 nmethod 7437 0x000002831284be90 code [0x000002831284c080, 0x000002831284c440]
Event: 150.741 Thread 0x0000028319d10a20 7438       1       java.util.Formatter$FixedString::<init> (20 bytes)
Event: 150.741 Thread 0x0000028319d10a20 nmethod 7438 0x000002831284bb90 code [0x000002831284bd20, 0x000002831284be38]
Event: 150.741 Thread 0x0000028319d10a20 7439       1       java.util.Formatter$FixedString::print (23 bytes)
Event: 150.741 Thread 0x0000028319d10a20 nmethod 7439 0x000002831284b810 code [0x000002831284b9c0, 0x000002831284bae8]
Event: 150.741 Thread 0x0000028319d10a20 7440       1       java.lang.StringBuilder::append (8 bytes)
Event: 150.741 Thread 0x0000028319d10a20 nmethod 7440 0x000002831284b490 code [0x000002831284b640, 0x000002831284b758]
Event: 150.777 Thread 0x0000028319d10a20 7441       1       org.springframework.context.event.AbstractApplicationEventMulticaster::supportsEvent (56 bytes)
Event: 150.778 Thread 0x0000028319d10a20 nmethod 7441 0x000002831284ac90 code [0x000002831284ae80, 0x000002831284b2d8]
Event: 150.778 Thread 0x0000028319d10a20 7442       1       org.springframework.context.event.GenericApplicationListenerAdapter::resolveDeclaredEventType (57 bytes)
Event: 150.778 Thread 0x0000028319d10a20 nmethod 7442 0x000002831284a590 code [0x000002831284a780, 0x000002831284aab0]
Event: 150.796 Thread 0x0000028319d10a20 7443       1       org.apache.tomcat.util.net.AbstractEndpoint::isPaused (5 bytes)
Event: 150.797 Thread 0x0000028319d10a20 nmethod 7443 0x000002831284a290 code [0x000002831284a420, 0x000002831284a4f0]

GC Heap History (20 events):
Event: 6.288 GC heap before
{Heap before GC invocations=14 (full 0):
 garbage-first heap   total 70656K, used 60413K [0x0000000081400000, 0x0000000100000000)
  region size 1024K, 41 young (41984K), 5 survivors (5120K)
 Metaspace       used 42220K, committed 42816K, reserved 1114112K
  class space    used 5530K, committed 5760K, reserved 1048576K
}
Event: 6.296 GC heap after
{Heap after GC invocations=15 (full 0):
 garbage-first heap   total 70656K, used 24075K [0x0000000081400000, 0x0000000100000000)
  region size 1024K, 3 young (3072K), 3 survivors (3072K)
 Metaspace       used 42220K, committed 42816K, reserved 1114112K
  class space    used 5530K, committed 5760K, reserved 1048576K
}
Event: 6.838 GC heap before
{Heap before GC invocations=15 (full 0):
 garbage-first heap   total 70656K, used 62987K [0x0000000081400000, 0x0000000100000000)
  region size 1024K, 41 young (41984K), 3 survivors (3072K)
 Metaspace       used 45532K, committed 46144K, reserved 1114112K
  class space    used 6083K, committed 6336K, reserved 1048576K
}
Event: 6.843 GC heap after
{Heap after GC invocations=16 (full 0):
 garbage-first heap   total 84992K, used 25041K [0x0000000081400000, 0x0000000100000000)
  region size 1024K, 4 young (4096K), 4 survivors (4096K)
 Metaspace       used 45532K, committed 46144K, reserved 1114112K
  class space    used 6083K, committed 6336K, reserved 1048576K
}
Event: 7.286 GC heap before
{Heap before GC invocations=16 (full 0):
 garbage-first heap   total 84992K, used 70097K [0x0000000081400000, 0x0000000100000000)
  region size 1024K, 49 young (50176K), 4 survivors (4096K)
 Metaspace       used 49790K, committed 50432K, reserved 1114112K
  class space    used 6630K, committed 6912K, reserved 1048576K
}
Event: 7.292 GC heap after
{Heap after GC invocations=17 (full 0):
 garbage-first heap   total 84992K, used 26025K [0x0000000081400000, 0x0000000100000000)
  region size 1024K, 5 young (5120K), 5 survivors (5120K)
 Metaspace       used 49790K, committed 50432K, reserved 1114112K
  class space    used 6630K, committed 6912K, reserved 1048576K
}
Event: 7.784 GC heap before
{Heap before GC invocations=17 (full 0):
 garbage-first heap   total 84992K, used 71081K [0x0000000081400000, 0x0000000100000000)
  region size 1024K, 49 young (50176K), 5 survivors (5120K)
 Metaspace       used 54750K, committed 55360K, reserved 1114112K
  class space    used 7510K, committed 7808K, reserved 1048576K
}
Event: 7.791 GC heap after
{Heap after GC invocations=18 (full 0):
 garbage-first heap   total 84992K, used 26267K [0x0000000081400000, 0x0000000100000000)
  region size 1024K, 5 young (5120K), 5 survivors (5120K)
 Metaspace       used 54750K, committed 55360K, reserved 1114112K
  class space    used 7510K, committed 7808K, reserved 1048576K
}
Event: 8.305 GC heap before
{Heap before GC invocations=18 (full 0):
 garbage-first heap   total 84992K, used 71323K [0x0000000081400000, 0x0000000100000000)
  region size 1024K, 49 young (50176K), 5 survivors (5120K)
 Metaspace       used 58670K, committed 59328K, reserved 1114112K
  class space    used 8022K, committed 8320K, reserved 1048576K
}
Event: 8.313 GC heap after
{Heap after GC invocations=19 (full 0):
 garbage-first heap   total 84992K, used 28206K [0x0000000081400000, 0x0000000100000000)
  region size 1024K, 5 young (5120K), 5 survivors (5120K)
 Metaspace       used 58670K, committed 59328K, reserved 1114112K
  class space    used 8022K, committed 8320K, reserved 1048576K
}
Event: 8.363 GC heap before
{Heap before GC invocations=19 (full 0):
 garbage-first heap   total 84992K, used 32302K [0x0000000081400000, 0x0000000100000000)
  region size 1024K, 10 young (10240K), 5 survivors (5120K)
 Metaspace       used 59138K, committed 59776K, reserved 1114112K
  class space    used 8082K, committed 8384K, reserved 1048576K
}
Event: 8.370 GC heap after
{Heap after GC invocations=20 (full 0):
 garbage-first heap   total 84992K, used 28002K [0x0000000081400000, 0x0000000100000000)
  region size 1024K, 3 young (3072K), 3 survivors (3072K)
 Metaspace       used 59138K, committed 59776K, reserved 1114112K
  class space    used 8082K, committed 8384K, reserved 1048576K
}
Event: 8.918 GC heap before
{Heap before GC invocations=21 (full 0):
 garbage-first heap   total 84992K, used 75106K [0x0000000081400000, 0x0000000100000000)
  region size 1024K, 49 young (50176K), 3 survivors (3072K)
 Metaspace       used 61453K, committed 62144K, reserved 1114112K
  class space    used 8500K, committed 8832K, reserved 1048576K
}
Event: 8.925 GC heap after
{Heap after GC invocations=22 (full 0):
 garbage-first heap   total 84992K, used 29997K [0x0000000081400000, 0x0000000100000000)
  region size 1024K, 5 young (5120K), 5 survivors (5120K)
 Metaspace       used 61453K, committed 62144K, reserved 1114112K
  class space    used 8500K, committed 8832K, reserved 1048576K
}
Event: 12.177 GC heap before
{Heap before GC invocations=22 (full 0):
 garbage-first heap   total 84992K, used 73005K [0x0000000081400000, 0x0000000100000000)
  region size 1024K, 48 young (49152K), 5 survivors (5120K)
 Metaspace       used 64527K, committed 65280K, reserved 1114112K
  class space    used 8935K, committed 9280K, reserved 1048576K
}
Event: 12.190 GC heap after
{Heap after GC invocations=23 (full 0):
 garbage-first heap   total 102400K, used 32092K [0x0000000081400000, 0x0000000100000000)
  region size 1024K, 5 young (5120K), 5 survivors (5120K)
 Metaspace       used 64527K, committed 65280K, reserved 1114112K
  class space    used 8935K, committed 9280K, reserved 1048576K
}
Event: 13.209 GC heap before
{Heap before GC invocations=23 (full 0):
 garbage-first heap   total 102400K, used 97628K [0x0000000081400000, 0x0000000100000000)
  region size 1024K, 60 young (61440K), 5 survivors (5120K)
 Metaspace       used 69498K, committed 70528K, reserved 1114112K
  class space    used 9580K, committed 10048K, reserved 1048576K
}
Event: 13.224 GC heap after
{Heap after GC invocations=24 (full 0):
 garbage-first heap   total 108544K, used 36473K [0x0000000081400000, 0x0000000100000000)
  region size 1024K, 8 young (8192K), 8 survivors (8192K)
 Metaspace       used 69498K, committed 70528K, reserved 1114112K
  class space    used 9580K, committed 10048K, reserved 1048576K
}
Event: 13.936 GC heap before
{Heap before GC invocations=24 (full 0):
 garbage-first heap   total 108544K, used 91769K [0x0000000081400000, 0x0000000100000000)
  region size 1024K, 63 young (64512K), 8 survivors (8192K)
 Metaspace       used 72079K, committed 73280K, reserved 1114112K
  class space    used 9933K, committed 10496K, reserved 1048576K
}
Event: 13.954 GC heap after
{Heap after GC invocations=25 (full 0):
 garbage-first heap   total 108544K, used 42407K [0x0000000081400000, 0x0000000100000000)
  region size 1024K, 6 young (6144K), 6 survivors (6144K)
 Metaspace       used 72079K, committed 73280K, reserved 1114112K
  class space    used 9933K, committed 10496K, reserved 1048576K
}

Dll operation events (12 events):
Event: 0.017 Loaded shared library C:\pleiades\2023-12\java\21\bin\java.dll
Event: 0.399 Loaded shared library C:\pleiades\2023-12\java\21\bin\zip.dll
Event: 0.408 Loaded shared library C:\pleiades\2023-12\java\21\bin\instrument.dll
Event: 0.416 Loaded shared library C:\pleiades\2023-12\java\21\bin\net.dll
Event: 0.418 Loaded shared library C:\pleiades\2023-12\java\21\bin\nio.dll
Event: 0.423 Loaded shared library C:\pleiades\2023-12\java\21\bin\zip.dll
Event: 0.621 Loaded shared library C:\pleiades\2023-12\java\21\bin\jimage.dll
Event: 0.686 Loaded shared library C:\pleiades\2023-12\java\21\bin\management.dll
Event: 0.699 Loaded shared library C:\pleiades\2023-12\java\21\bin\management_ext.dll
Event: 0.997 Loaded shared library C:\pleiades\2023-12\java\21\bin\verify.dll
Event: 1.148 Loaded shared library C:\pleiades\2023-12\java\21\bin\extnet.dll
Event: 2.745 Loaded shared library C:\pleiades\2023-12\java\21\bin\sunmscapi.dll

Deoptimization events (20 events):
Event: 150.734 Thread 0x0000028362599070 DEOPT PACKING pc=0x000002831223e45c sp=0x000000cc633feab0
Event: 150.734 Thread 0x0000028362599070 DEOPT UNPACKING pc=0x0000028311a94e42 sp=0x000000cc633fe0d0 mode 1
Event: 150.737 Thread 0x0000028362599070 DEOPT PACKING pc=0x0000028311f031d9 sp=0x000000cc633fdf10
Event: 150.737 Thread 0x0000028362599070 DEOPT UNPACKING pc=0x0000028311a94e42 sp=0x000000cc633fd368 mode 1
Event: 150.738 Thread 0x0000028362599070 DEOPT PACKING pc=0x0000028311eea32c sp=0x000000cc633fdfa0
Event: 150.738 Thread 0x0000028362599070 DEOPT UNPACKING pc=0x0000028311a94e42 sp=0x000000cc633fd448 mode 1
Event: 150.738 Thread 0x0000028362599070 DEOPT PACKING pc=0x0000028311ec0a94 sp=0x000000cc633fea20
Event: 150.738 Thread 0x0000028362599070 DEOPT UNPACKING pc=0x0000028311a94e42 sp=0x000000cc633fdee8 mode 1
Event: 150.738 Thread 0x0000028362599070 DEOPT PACKING pc=0x000002831223e45c sp=0x000000cc633feab0
Event: 150.738 Thread 0x0000028362599070 DEOPT UNPACKING pc=0x0000028311a94e42 sp=0x000000cc633fe0d0 mode 1
Event: 150.738 Thread 0x0000028362599070 DEOPT PACKING pc=0x0000028311f031d9 sp=0x000000cc633fdf10
Event: 150.738 Thread 0x0000028362599070 DEOPT UNPACKING pc=0x0000028311a94e42 sp=0x000000cc633fd368 mode 1
Event: 150.738 Thread 0x0000028362599070 DEOPT PACKING pc=0x0000028311eea32c sp=0x000000cc633fdfa0
Event: 150.738 Thread 0x0000028362599070 DEOPT UNPACKING pc=0x0000028311a94e42 sp=0x000000cc633fd448 mode 1
Event: 150.738 Thread 0x0000028362599070 DEOPT PACKING pc=0x0000028311ec0a94 sp=0x000000cc633fea20
Event: 150.738 Thread 0x0000028362599070 DEOPT UNPACKING pc=0x0000028311a94e42 sp=0x000000cc633fdee8 mode 1
Event: 150.738 Thread 0x0000028362599070 DEOPT PACKING pc=0x000002831223e45c sp=0x000000cc633feab0
Event: 150.738 Thread 0x0000028362599070 DEOPT UNPACKING pc=0x0000028311a94e42 sp=0x000000cc633fe0d0 mode 1
Event: 154.382 Thread 0x000002836259f970 DEOPT PACKING pc=0x000002831291cd44 sp=0x000000cc63dfd8d0
Event: 154.382 Thread 0x000002836259f970 DEOPT UNPACKING pc=0x0000028311a94e42 sp=0x000000cc63dfcd78 mode 0

Classes loaded (20 events):
Event: 13.731 Loading class java/util/Collections$UnmodifiableRandomAccessListCustomizer
Event: 13.731 Loading class java/util/Collections$UnmodifiableRandomAccessListCustomizer done
Event: 13.732 Loading class java/util/Collections$UnmodifiableRandomAccessListCustomizer
Event: 13.732 Loading class java/util/Collections$UnmodifiableRandomAccessListCustomizer done
Event: 14.031 Loading class java/util/ArrayList$SubList$2
Event: 14.031 Loading class java/util/ArrayList$SubList$2 done
Event: 14.059 Loading class java/time/format/DateTimeFormatterBuilder$ZoneTextPrinterParser
Event: 14.059 Loading class java/time/format/DateTimeFormatterBuilder$ZoneTextPrinterParser done
Event: 14.060 Loading class java/time/format/DateTimeFormatterBuilder$ReducedPrinterParser
Event: 14.060 Loading class java/time/format/DateTimeFormatterBuilder$ReducedPrinterParser done
Event: 14.077 Loading class java/util/concurrent/locks/ReentrantReadWriteLock$Sync$HoldCounter
Event: 14.077 Loading class java/util/concurrent/locks/ReentrantReadWriteLock$Sync$HoldCounter done
Event: 16.791 Loading class java/time/format/DateTimeParseContext
Event: 16.792 Loading class java/time/format/DateTimeParseContext done
Event: 16.792 Loading class java/time/format/Parsed
Event: 16.792 Loading class java/time/format/Parsed done
Event: 16.793 Loading class sun/util/locale/provider/JavaTimeDateTimePatternImpl
Event: 16.793 Loading class sun/util/locale/provider/JavaTimeDateTimePatternImpl done
Event: 150.800 Loading class java/util/concurrent/locks/AbstractQueuedSynchronizer$SharedNode
Event: 150.800 Loading class java/util/concurrent/locks/AbstractQueuedSynchronizer$SharedNode done

Classes unloaded (0 events):
No events

Classes redefined (1 events):
Event: 154.408 Thread 0x0000028319cdcd80 redefined class name=com.example.triplanner.controller.TripsController, count=1

Internal exceptions (20 events):
Event: 13.726 Thread 0x000002836259e5c0 Exception <a 'java/lang/ClassNotFoundException'{0x0000000084ddbeb0}: java/util/Collections$UnmodifiableRandomAccessListBeanInfo> (0x0000000084ddbeb0) 
thrown [s\src\hotspot\share\classfile\systemDictionary.cpp, line 312]
Event: 13.728 Thread 0x000002836259e5c0 Exception <a 'java/lang/ClassNotFoundException'{0x0000000084de0780}: java/util/Collections$UnmodifiableListBeanInfo> (0x0000000084de0780) 
thrown [s\src\hotspot\share\classfile\systemDictionary.cpp, line 312]
Event: 13.729 Thread 0x000002836259e5c0 Exception <a 'java/lang/ClassNotFoundException'{0x0000000084de5090}: java/util/Collections$UnmodifiableListCustomizer> (0x0000000084de5090) 
thrown [s\src\hotspot\share\classfile\systemDictionary.cpp, line 312]
Event: 13.732 Thread 0x000002836259e5c0 Exception <a 'java/lang/ClassNotFoundException'{0x0000000084c26fb0}: java/util/Collections$UnmodifiableRandomAccessListCustomizer> (0x0000000084c26fb0) 
thrown [s\src\hotspot\share\classfile\systemDictionary.cpp, line 312]
Event: 13.822 Thread 0x000002836259e5c0 Exception <a 'java/lang/ClassNotFoundException'{0x0000000084aa69e8}: org/thymeleaf/standard/expression/GenericTokenExpressionBeanInfo> (0x0000000084aa69e8) 
thrown [s\src\hotspot\share\classfile\systemDictionary.cpp, line 312]
Event: 13.824 Thread 0x000002836259e5c0 Exception <a 'java/lang/ClassNotFoundException'{0x0000000084aaf750}: org/thymeleaf/standard/expression/TokenBeanInfo> (0x0000000084aaf750) 
thrown [s\src\hotspot\share\classfile\systemDictionary.cpp, line 312]
Event: 13.826 Thread 0x000002836259e5c0 Exception <a 'java/lang/ClassNotFoundException'{0x0000000084ab8250}: org/thymeleaf/standard/expression/TokenCustomizer> (0x0000000084ab8250) 
thrown [s\src\hotspot\share\classfile\systemDictionary.cpp, line 312]
Event: 13.827 Thread 0x000002836259e5c0 Exception <a 'java/lang/ClassNotFoundException'{0x0000000084ac6348}: org/thymeleaf/standard/expression/GenericTokenExpressionCustomizer> (0x0000000084ac6348) 
thrown [s\src\hotspot\share\classfile\systemDictionary.cpp, line 312]
Event: 13.854 Thread 0x000002836259e5c0 Exception <a 'java/lang/ClassNotFoundException'{0x000000008487b8d8}: nz/net/ultraq/thymeleaf/layoutdialect/fragments/FragmentParameterVariableUpdaterBeanInfo> (0x000000008487b8d8) 
thrown [s\src\hotspot\share\classfile\systemDictionary.cpp, line 312]
Event: 13.856 Thread 0x000002836259e5c0 Exception <a 'java/lang/ClassNotFoundException'{0x0000000084885760}: nz/net/ultraq/thymeleaf/layoutdialect/fragments/FragmentParameterVariableUpdaterCustomizer> (0x0000000084885760) 
thrown [s\src\hotspot\share\classfile\systemDictionary.cpp, line 312]
Event: 13.857 Thread 0x000002836259e5c0 Exception <a 'java/lang/NoSuchMethodError'{0x0000000084893548}: 'void java.lang.invoke.DirectMethodHandle$Holder.invokeVirtual(java.lang.Object, java.lang.Object, java.lang.Object, java.lang.Object, java.lang.Object)'> (0x0000000084893548) 
thrown [s\src\hotspot\share\interpreter\linkResolver.cpp, line 773]
Event: 13.869 Thread 0x000002836259e5c0 Exception <a 'java/lang/NoSuchMethodError'{0x00000000848fe7c0}: 'java.lang.Object java.lang.invoke.Invokers$Holder.linkToCallSite(java.lang.Object, java.lang.Object, int, java.lang.Object)'> (0x00000000848fe7c0) 
thrown [s\src\hotspot\share\interpreter\linkResolver.cpp, line 773]
Event: 13.873 Thread 0x000002836259e5c0 Exception <a 'java/lang/ClassNotFoundException'{0x0000000084715fb8}: org/thymeleaf/engine/ElementTagStructureHandlerBeanInfo> (0x0000000084715fb8) 
thrown [s\src\hotspot\share\classfile\systemDictionary.cpp, line 312]
Event: 13.874 Thread 0x000002836259e5c0 Exception <a 'java/lang/ClassNotFoundException'{0x000000008471ee58}: org/thymeleaf/engine/ElementTagStructureHandlerCustomizer> (0x000000008471ee58) 
thrown [s\src\hotspot\share\classfile\systemDictionary.cpp, line 312]
Event: 13.875 Thread 0x000002836259e5c0 Exception <a 'java/lang/NoSuchMethodError'{0x0000000084732d90}: 'void java.lang.invoke.DirectMethodHandle$Holder.invokeInterface(java.lang.Object, java.lang.Object, java.lang.Object, int)'> (0x0000000084732d90) 
thrown [s\src\hotspot\share\interpreter\linkResolver.cpp, line 773]
Event: 13.875 Thread 0x000002836259e5c0 Exception <a 'java/lang/NoSuchMethodError'{0x0000000084736dd0}: 'void java.lang.invoke.DirectMethodHandle$Holder.invokeSpecial(java.lang.Object, java.lang.Object, java.lang.Object, java.lang.Object, int)'> (0x0000000084736dd0) 
thrown [s\src\hotspot\share\interpreter\linkResolver.cpp, line 773]
Event: 13.875 Thread 0x000002836259e5c0 Exception <a 'java/lang/NoSuchMethodError'{0x000000008473a818}: 'void java.lang.invoke.DelegatingMethodHandle$Holder.reinvoke_L(java.lang.Object, java.lang.Object, java.lang.Object, int)'> (0x000000008473a818) 
thrown [s\src\hotspot\share\interpreter\linkResolver.cpp, line 773]
Event: 13.876 Thread 0x000002836259e5c0 Exception <a 'java/lang/NoSuchMethodError'{0x00000000847441d0}: 'java.lang.Object java.lang.invoke.DelegatingMethodHandle$Holder.delegate(java.lang.Object, java.lang.Object, java.lang.Object, java.lang.Object, int)'> (0x00000000847441d0) 
thrown [s\src\hotspot\share\interpreter\linkResolver.cpp, line 773]
Event: 13.876 Thread 0x000002836259e5c0 Exception <a 'java/lang/NoSuchMethodError'{0x00000000847532b8}: 'int java.lang.invoke.DirectMethodHandle$Holder.invokeSpecial(java.lang.Object, java.lang.Object, java.lang.Object, java.lang.Object, int)'> (0x00000000847532b8) 
thrown [s\src\hotspot\share\interpreter\linkResolver.cpp, line 773]
Event: 14.029 Thread 0x000002836259a420 Exception <a 'java/lang/NoSuchMethodError'{0x00000000892cf060}: 'java.lang.Object java.lang.invoke.DirectMethodHandle$Holder.invokeStatic(java.lang.Object, int, int)'> (0x00000000892cf060) 
thrown [s\src\hotspot\share\interpreter\linkResolver.cpp, line 773]

ZGC Phase Switch (0 events):
No events

VM Operations (20 events):
Event: 151.044 Executing VM operation: get/set locals
Event: 151.045 Executing VM operation: get/set locals done
Event: 151.047 Executing VM operation: get/set locals
Event: 151.047 Executing VM operation: get/set locals done
Event: 151.048 Executing VM operation: get/set locals
Event: 151.049 Executing VM operation: get/set locals done
Event: 151.050 Executing VM operation: get/set locals
Event: 151.050 Executing VM operation: get/set locals done
Event: 151.051 Executing VM operation: get/set locals
Event: 151.052 Executing VM operation: get/set locals done
Event: 154.382 Executing VM operation: ChangeSingleStep
Event: 154.382 Executing VM operation: ChangeSingleStep done
Event: 154.382 Executing VM operation: ChangeSingleStep
Event: 154.382 Executing VM operation: ChangeSingleStep done
Event: 154.398 Executing VM operation: RedefineClasses
Event: 154.428 Executing VM operation: RedefineClasses done
Event: 154.449 Executing VM operation: ChangeBreakpoints
Event: 154.454 Executing VM operation: ChangeBreakpoints done
Event: 154.462 Executing VM operation: ChangeSingleStep
Event: 154.462 Executing VM operation: ChangeSingleStep done

Events (20 events):
Event: 13.258 Thread 0x000002836259d8a0 Thread added: 0x000002836259d8a0
Event: 13.292 Thread 0x000002835f1386c0 Thread added: 0x000002835f1386c0
Event: 18.833 Thread 0x000002835f1386c0 Thread exited: 0x000002835f1386c0
Event: 18.833 Thread 0x0000028361e529b0 Thread exited: 0x0000028361e529b0
Event: 73.393 Thread 0x000002836259df30 Thread exited: 0x000002836259df30
Event: 91.526 Thread 0x000002835fd97af0 Thread exited: 0x000002835fd97af0
Event: 133.405 Thread 0x000002836259d8a0 Thread exited: 0x000002836259d8a0
Event: 150.743 Thread 0x000002836259d8a0 Thread added: 0x000002836259d8a0
Event: 150.744 Thread 0x0000028362599070 Thread exited: 0x0000028362599070
Event: 150.802 Thread 0x00000283625a0000 Thread exited: 0x00000283625a0000
Event: 150.804 Thread 0x000002836259d210 Thread exited: 0x000002836259d210
Event: 150.810 Thread 0x000002836259e5c0 Thread exited: 0x000002836259e5c0
Event: 150.810 Thread 0x0000028362599700 Thread exited: 0x0000028362599700
Event: 150.811 Thread 0x000002836259c4f0 Thread exited: 0x000002836259c4f0
Event: 150.815 Thread 0x000002836259cb80 Thread exited: 0x000002836259cb80
Event: 150.815 Thread 0x000002836259b7d0 Thread exited: 0x000002836259b7d0
Event: 150.816 Thread 0x000002836259a420 Thread exited: 0x000002836259a420
Event: 150.816 Thread 0x000002836259be60 Thread exited: 0x000002836259be60
Event: 150.818 Thread 0x000002836259aab0 Thread exited: 0x000002836259aab0
Event: 150.818 Thread 0x000002836259b140 Thread exited: 0x000002836259b140


Dynamic libraries:
0x00007ff622390000 - 0x00007ff62239e000 	C:\pleiades\2023-12\java\21\bin\javaw.exe
0x00007ff956e90000 - 0x00007ff957088000 	C:\WINDOWS\SYSTEM32\ntdll.dll
0x00007ff956760000 - 0x00007ff95681d000 	C:\WINDOWS\System32\KERNEL32.DLL
0x00007ff954560000 - 0x00007ff954856000 	C:\WINDOWS\System32\KERNELBASE.dll
0x00007ff954860000 - 0x00007ff954960000 	C:\WINDOWS\System32\ucrtbase.dll
0x00007ff94e3e0000 - 0x00007ff94e3f8000 	C:\pleiades\2023-12\java\21\bin\jli.dll
0x00007ff955a20000 - 0x00007ff955bbe000 	C:\WINDOWS\System32\USER32.dll
0x00007ff954eb0000 - 0x00007ff954ed2000 	C:\WINDOWS\System32\win32u.dll
0x00007ff955d20000 - 0x00007ff955d4c000 	C:\WINDOWS\System32\GDI32.dll
0x00007ff954c00000 - 0x00007ff954d1a000 	C:\WINDOWS\System32\gdi32full.dll
0x00007ff954b60000 - 0x00007ff954bfd000 	C:\WINDOWS\System32\msvcp_win.dll
0x00007ff94e3c0000 - 0x00007ff94e3db000 	C:\pleiades\2023-12\java\21\bin\VCRUNTIME140.dll
0x00007ff940660000 - 0x00007ff9408fa000 	C:\WINDOWS\WinSxS\amd64_microsoft.windows.common-controls_6595b64144ccf1df_6.0.19041.3636_none_60b6a03d71f818d5\COMCTL32.dll
0x00007ff955bc0000 - 0x00007ff955c5e000 	C:\WINDOWS\System32\msvcrt.dll
0x00007ff955dd0000 - 0x00007ff955e00000 	C:\WINDOWS\System32\IMM32.DLL
0x00007ff9503a0000 - 0x00007ff9503ac000 	C:\pleiades\2023-12\java\21\bin\vcruntime140_1.dll
0x00007ff93a8a0000 - 0x00007ff93a92e000 	C:\pleiades\2023-12\java\21\bin\msvcp140.dll
0x00007ff91c4e0000 - 0x00007ff91d261000 	C:\pleiades\2023-12\java\21\bin\server\jvm.dll
0x00007ff955c60000 - 0x00007ff955d13000 	C:\WINDOWS\System32\ADVAPI32.dll
0x00007ff955180000 - 0x00007ff95521f000 	C:\WINDOWS\System32\sechost.dll
0x00007ff956980000 - 0x00007ff956aa6000 	C:\WINDOWS\System32\RPCRT4.dll
0x00007ff954960000 - 0x00007ff954987000 	C:\WINDOWS\System32\bcrypt.dll
0x00007ff955e60000 - 0x00007ff955ecb000 	C:\WINDOWS\System32\WS2_32.dll
0x00007ff954440000 - 0x00007ff95448b000 	C:\WINDOWS\SYSTEM32\POWRPROF.dll
0x00007ff942bb0000 - 0x00007ff942bd7000 	C:\WINDOWS\SYSTEM32\WINMM.dll
0x00007ff949d30000 - 0x00007ff949d3a000 	C:\WINDOWS\SYSTEM32\VERSION.dll
0x00007ff9543e0000 - 0x00007ff9543f2000 	C:\WINDOWS\SYSTEM32\UMPDC.dll
0x00007ff952410000 - 0x00007ff952422000 	C:\WINDOWS\SYSTEM32\kernel.appcore.dll
0x00007ff94e3b0000 - 0x00007ff94e3ba000 	C:\pleiades\2023-12\java\21\bin\jimage.dll
0x00007ff94be60000 - 0x00007ff94c044000 	C:\WINDOWS\SYSTEM32\DBGHELP.DLL
0x00007ff94a5e0000 - 0x00007ff94a614000 	C:\WINDOWS\SYSTEM32\dbgcore.DLL
0x00007ff954e20000 - 0x00007ff954ea2000 	C:\WINDOWS\System32\bcryptPrimitives.dll
0x00007ff94e370000 - 0x00007ff94e3ac000 	C:\pleiades\2023-12\java\21\bin\jdwp.dll
0x00007ff94e360000 - 0x00007ff94e36f000 	C:\pleiades\2023-12\java\21\bin\instrument.dll
0x00007ff94e340000 - 0x00007ff94e35f000 	C:\pleiades\2023-12\java\21\bin\java.dll
0x00007ff9552d0000 - 0x00007ff955a15000 	C:\WINDOWS\System32\SHELL32.dll
0x00007ff952610000 - 0x00007ff952dab000 	C:\WINDOWS\SYSTEM32\windows.storage.dll
0x00007ff955ed0000 - 0x00007ff956224000 	C:\WINDOWS\System32\combase.dll
0x00007ff953ec0000 - 0x00007ff953eed000 	C:\WINDOWS\SYSTEM32\Wldp.dll
0x00007ff955220000 - 0x00007ff9552cd000 	C:\WINDOWS\System32\SHCORE.dll
0x00007ff956230000 - 0x00007ff956285000 	C:\WINDOWS\System32\shlwapi.dll
0x00007ff954490000 - 0x00007ff9544b5000 	C:\WINDOWS\SYSTEM32\profapi.dll
0x00007ff94ae60000 - 0x00007ff94ae6c000 	C:\pleiades\2023-12\java\21\bin\dt_socket.dll
0x00007ff953910000 - 0x00007ff95394b000 	C:\WINDOWS\SYSTEM32\IPHLPAPI.DLL
0x00007ff953c20000 - 0x00007ff953c8a000 	C:\WINDOWS\system32\mswsock.dll
0x00007ff953950000 - 0x00007ff953a1a000 	C:\WINDOWS\SYSTEM32\DNSAPI.dll
0x00007ff956bd0000 - 0x00007ff956bd8000 	C:\WINDOWS\System32\NSI.dll
0x00007ff948e50000 - 0x00007ff948e5a000 	C:\Windows\System32\rasadhlp.dll
0x00007ff948e70000 - 0x00007ff948ef0000 	C:\WINDOWS\System32\fwpuclnt.dll
0x00007ff942280000 - 0x00007ff942298000 	C:\pleiades\2023-12\java\21\bin\zip.dll
0x00007ff94ae50000 - 0x00007ff94ae60000 	C:\pleiades\2023-12\java\21\bin\net.dll
0x00007ff94cc20000 - 0x00007ff94cd2a000 	C:\WINDOWS\SYSTEM32\WINHTTP.dll
0x00007ff93ec70000 - 0x00007ff93ec86000 	C:\pleiades\2023-12\java\21\bin\nio.dll
0x00007ff940600000 - 0x00007ff94060a000 	C:\pleiades\2023-12\java\21\bin\management.dll
0x00007ff9405b0000 - 0x00007ff9405bb000 	C:\pleiades\2023-12\java\21\bin\management_ext.dll
0x00007ff956be0000 - 0x00007ff956be8000 	C:\WINDOWS\System32\PSAPI.DLL
0x00007ff94d3b0000 - 0x00007ff94d3c7000 	C:\WINDOWS\system32\napinsp.dll
0x00007ff93f670000 - 0x00007ff93f68b000 	C:\WINDOWS\system32\pnrpnsp.dll
0x00007ff94e6c0000 - 0x00007ff94e6d5000 	C:\WINDOWS\system32\wshbth.dll
0x00007ff94e280000 - 0x00007ff94e29d000 	C:\WINDOWS\system32\NLAapi.dll
0x00007ff93f0a0000 - 0x00007ff93f0b2000 	C:\WINDOWS\System32\winrnr.dll
0x00007ff9404c0000 - 0x00007ff9404d0000 	C:\pleiades\2023-12\java\21\bin\verify.dll
0x00007ff953e20000 - 0x00007ff953e38000 	C:\WINDOWS\SYSTEM32\CRYPTSP.dll
0x00007ff953550000 - 0x00007ff953584000 	C:\WINDOWS\system32\rsaenh.dll
0x00007ff954400000 - 0x00007ff95442e000 	C:\WINDOWS\SYSTEM32\USERENV.dll
0x00007ff953e10000 - 0x00007ff953e1c000 	C:\WINDOWS\SYSTEM32\CRYPTBASE.dll
0x00007ff940470000 - 0x00007ff940477000 	C:\pleiades\2023-12\java\21\bin\extnet.dll
0x00007ff940400000 - 0x00007ff94040e000 	C:\pleiades\2023-12\java\21\bin\sunmscapi.dll
0x00007ff954990000 - 0x00007ff954aed000 	C:\WINDOWS\System32\CRYPT32.dll
0x00007ff953f30000 - 0x00007ff953f58000 	C:\WINDOWS\SYSTEM32\ncrypt.dll
0x00007ff953ef0000 - 0x00007ff953f2b000 	C:\WINDOWS\SYSTEM32\NTASN1.dll
0x00007ff93f2e0000 - 0x00007ff93f2e7000 	C:\WINDOWS\system32\wshunix.dll

dbghelp: loaded successfully - version: 4.0.5 - missing functions: none
symbol engine: initialized successfully - sym options: 0x614 - pdb path: .;C:\pleiades\2023-12\java\21\bin;C:\WINDOWS\SYSTEM32;C:\WINDOWS\WinSxS\amd64_microsoft.windows.common-controls_6595b64144ccf1df_6.0.19041.3636_none_60b6a03d71f818d5;C:\pleiades\2023-12\java\21\bin\server

VM Arguments:
jvm_args: -XX:+ShowCodeDetailsInExceptionMessages -agentlib:jdwp=transport=dt_socket,suspend=y,address=localhost:50302 -Dcom.sun.management.jmxremote -Dcom.sun.management.jmxremote.port=50301 -Dcom.sun.management.jmxremote.authenticate=false -Dcom.sun.management.jmxremote.ssl=false -Djava.rmi.server.hostname=localhost -Dspring.jmx.enabled=true -Dmanagement.endpoints.jmx.exposure.include=* -Dspring.application.admin.enabled=true -XX:TieredStopAtLevel=1 -Dspring.boot.project.name=triplanner -javaagent:C:\pleiades\2023-12\eclipse\configuration\org.eclipse.osgi\249\0\.cp\lib\javaagent-shaded.jar -Dfile.encoding=UTF-8 -Dstdout.encoding=UTF-8 -Dstderr.encoding=UTF-8 
java_command: com.example.triplanner.TriplannerApplication --spring.output.ansi.enabled=always
java_class_path (initial): C:\pleiades\2023-12\workspace\triplanner\target\classes;C:\Users\ketas\.m2\repository\org\springframework\boot\spring-boot-starter-thymeleaf\3.2.1\spring-boot-starter-thymeleaf-3.2.1.jar;C:\Users\ketas\.m2\repository\org\springframework\boot\spring-boot-starter\3.2.1\spring-boot-starter-3.2.1.jar;C:\Users\ketas\.m2\repository\org\springframework\boot\spring-boot-starter-logging\3.2.1\spring-boot-starter-logging-3.2.1.jar;C:\Users\ketas\.m2\repository\ch\qos\logback\logback-classic\1.4.14\logback-classic-1.4.14.jar;C:\Users\ketas\.m2\repository\ch\qos\logback\logback-core\1.4.14\logback-core-1.4.14.jar;C:\Users\ketas\.m2\repository\org\apache\logging\log4j\log4j-to-slf4j\2.21.1\log4j-to-slf4j-2.21.1.jar;C:\Users\ketas\.m2\repository\org\apache\logging\log4j\log4j-api\2.21.1\log4j-api-2.21.1.jar;C:\Users\ketas\.m2\repository\org\slf4j\jul-to-slf4j\2.0.9\jul-to-slf4j-2.0.9.jar;C:\Users\ketas\.m2\repository\jakarta\annotation\jakarta.annotation-api\2.1.1\jakarta.annotation-api-2.1.1.jar;C:\Users\ketas\.m2\repository\org\yaml\snakeyaml\2.2\snakeyaml-2.2.jar;C:\Users\ketas\.m2\repository\org\thymeleaf\thymeleaf-spring6\3.1.2.RELEASE\thymeleaf-spring6-3.1.2.RELEASE.jar;C:\Users\ketas\.m2\repository\org\springframework\boot\spring-boot-starter-web\3.2.1\spring-boot-starter-web-3.2.1.jar;C:\Users\ketas\.m2\repository\org\springframework\boot\spring-boot-starter-json\3.2.1\spring-boot-starter-json-3.2.1.jar;C:\Users\ketas\.m2\repository\com\fasterxml\jackson\core\jackson-databind\2.15.3\jackson-databind-2.15.3.jar;C:\Users\ketas\.m2\repository\com\fasterxml\jackson\core\jackson-annotations\2.15.3\jackson-annotations-2.15.3.jar;C:\Users\ketas\.m2\repository\com\fasterxml\jackson\core\jackson-core\2.15.3\jackson-core-2.15.3.jar;C:\Users\ketas\.m2\repository\com\fasterxml\jackson\datatype\jackson-datatype-jdk8\2.15.3\jackson-datatype-jdk8-2.15.3.jar;C:\Users\ketas\.m2\repository\com\fasterxml\jackson\datatype\jackson-datatype-jsr310\2.15.3\jackson-datatype-jsr310-2.15.3.jar;C:\Users\ketas\.m2\repository\com\fasterxml\jackson\module\jackson-module-parameter-names\2.15.3\jackson-module-parameter-names-2.15.3.jar;C:\Users\ketas\.m2\repository\org\springframework\boot\spring-boot-starter-tomcat\3.2.1\spring-boot-starter-tomcat-3.2.1.jar;C:\Users\ketas\.m2\repository\org\apache\tomcat\embed\tomcat-embed-core\10.1.17\tomcat-embed-core-10.1.17.jar;C:\Users\ketas\.m2\repository\org\apache\tomcat\embed\tomcat-embed-el\10.1.17\tomcat-embed-el-10.1.17.jar;C:\Users\ketas\.m2\repository\org\apache\tomcat\embed\tomcat-embed-websocket\10.1.17\tomcat-embed-websocket-10.1.17.jar;C:\Users\ketas\.m2\repository\org\springframework\spring-web\6.1.2\spring-web-6.1.2.jar;C:\Users\ketas\.m2\repository\org\springframework\spring-beans\6.1.2\spring-beans-6.1.2.jar;C:\Users\ketas\.m2\repository\io\micrometer\micrometer-observation\1.12.1\micrometer-observation-1.12.1.jar;C:\Users\ketas\.m2\repository\io\micrometer\micrometer-commons\1.12.1\micrometer-commons-1.12.1.jar;C:\Users\ketas\.m2\repository\org\springframework\spring-webmvc\6.1.2\spring-webmvc-6.1.2.jar;C:\Users\ketas\.m2\repository\org\springframework\spring-aop\6.1.2\spring-aop-6.1.2.jar;C:\Users\ketas\.m2\repository\org\springframework\spring-context\6.1.2\spring-context-6.1.2.jar;C:\Users\ketas\.m2\repository\org\springframework\spring-expression\6.1.2\spring-expression-6.1.2.jar;C:\Users\ketas\.m2\repository\org\springframework\boot\spring-boot-devtools\3.2.1\spring-boot-devtools-3.2.1.jar;C:\Users\ketas\.m2\repository\org\springframework\boot\spring-boot\3.2.1\spring-boot-3.2.1.jar;C:\Users\ketas\.m2\repository\org\springframework\boot\spring-boot-autoconfigure\3.2.1\spring-boot-autoconfigure-3.2.1.jar;C:\Users\ketas\.m2\repository\org\springframework\boot\spring-boot-starter-data-jpa\3.2.1\spring-boot-starter-data-jpa-3.2.1.jar;C:\Users\ketas\.m2\repository\org\springframework\boot\spring-boot-starter-aop\3.2.1\spring-boot-starter-aop-3.2.1.jar;C:\Users\ketas\.m2\repository\org\aspectj\aspectjweaver\1.9.21\aspectjweaver-1.9.21.jar;C:\Users\ketas\.m2\repository\org\springframework\boot\spring-boot-starter-jdbc\3.2.1\spring-boot-starter-jdbc-3.2.1.jar;C:\Users\ketas\.m2\repository\com\zaxxer\HikariCP\5.0.1\HikariCP-5.0.1.jar;C:\Users\ketas\.m2\repository\org\springframework\spring-jdbc\6.1.2\spring-jdbc-6.1.2.jar;C:\Users\ketas\.m2\repository\org\hibernate\orm\hibernate-core\6.4.1.Final\hibernate-core-6.4.1.Final.jar;C:\Users\ketas\.m2\repository\jakarta\persistence\jakarta.persistence-api\3.1.0\jakarta.persistence-api-3.1.0.jar;C:\Users\ketas\.m2\repository\jakarta\transaction\jakarta.transaction-api\2.0.1\jakarta.transaction-api-2.0.1.jar;C:\Users\ketas\.m2\repository\org\jboss\logging\jboss-logging\3.5.3.Final\jboss-logging-3.5.3.Final.jar;C:\Users\ketas\.m2\repository\org\hibernate\common\hibernate-commons-annotations\6.0.6.Final\hibernate-commons-annotations-6.0.6.Final.jar;C:\Users\ketas\.m2\repository\io\smallrye\jandex\3.1.2\jandex-3.1.2.jar;C:\Users\ketas\.m2\repository\com\fasterxml\classmate\1.6.0\classmate-1.6.0.jar;C:\Users\ketas\.m2\repository\net\bytebuddy\byte-buddy\1.14.10\byte-buddy-1.14.10.jar;C:\Users\ketas\.m2\repository\org\glassfish\jaxb\jaxb-runtime\4.0.4\jaxb-runtime-4.0.4.jar;C:\Users\ketas\.m2\repository\org\glassfish\jaxb\jaxb-core\4.0.4\jaxb-core-4.0.4.jar;C:\Users\ketas\.m2\repository\org\eclipse\angus\angus-activation\2.0.1\angus-activation-2.0.1.jar;C:\Users\ketas\.m2\repository\org\glassfish\jaxb\txw2\4.0.4\txw2-4.0.4.jar;C:\Users\ketas\.m2\repository\com\sun\istack\istack-commons-runtime\4.1.2\istack-commons-runtime-4.1.2.jar;C:\Users\ketas\.m2\repository\jakarta\inject\jakarta.inject-api\2.0.1\jakarta.inject-api-2.0.1.jar;C:\Users\ketas\.m2\repository\org\antlr\antlr4-runtime\4.13.0\antlr4-runtime-4.13.0.jar;C:\Users\ketas\.m2\repository\org\springframework\data\spring-data-jpa\3.2.1\spring-data-jpa-3.2.1.jar;C:\Users\ketas\.m2\repository\org\springframework\data\spring-data-commons\3.2.1\spring-data-commons-3.2.1.jar;C:\Users\ketas\.m2\repository\org\springframework\spring-orm\6.1.2\spring-orm-6.1.2.jar;C:\Users\ketas\.m2\repository\org\springframework\spring-tx\6.1.2\spring-tx-6.1.2.jar;C:\Users\ketas\.m2\repository\org\springframework\spring-aspects\6.1.2\spring-aspects-6.1.2.jar;C:\Users\ketas\.m2\repository\com\h2database\h2\2.2.224\h2-2.2.224.jar;C:\Users\ketas\.m2\repository\org\postgresql\postgresql\42.6.0\postgresql-42.6.0.jar;C:\Users\ketas\.m2\repository\org\checkerframework\checker-qual\3.31.0\checker-qual-3.31.0.jar;C:\Users\ketas\.m2\repository\org\projectlombok\lombok\1.18.30\lombok-1.18.30.jar;C:\Users\ketas\.m2\repository\jakarta\xml\bind\jakarta.xml.bind-api\4.0.1\jakarta.xml.bind-api-4.0.1.jar;C:\Users\ketas\.m2\repository\jakarta\activation\jakarta.activation-api\2.1.2\jakarta.activation-api-2.1.2.jar;C:\Users\ketas\.m2\repository\org\springframework\spring-core\6.1.2\spring-core-6.1.2.jar;C:\Users\ketas\.m2\repository\org\springframework\spring-jcl\6.1.2\spring-jcl-6.1.2.jar;C:\Users\ketas\.m2\repository\nz\net\ultraq\thymeleaf\thymeleaf-layout-dialect\3.3.0\thymeleaf-layout-dialect-3.3.0.jar;C:\Users\ketas\.m2\repository\org\apache\groovy\groovy\4.0.16\groovy-4.0.16.jar;C:\Users\ketas\.m2\repository\nz\net\ultraq\groovy\groovy-extensions\2.1.0\groovy-extensions-2.1.0.jar;C:\Users\ketas\.m2\repository\nz\net\ultraq\thymeleaf\thymeleaf-expression-processor\3.2.0\thymeleaf-expression-processor-3.2.0.jar;C:\Users\ketas\.m2\repository\org\thymeleaf\thymeleaf\3.1.2.RELEASE\thymeleaf-3.1.2.RELEASE.jar;C:\Users\ketas\.m2\repository\ognl\ognl\3.3.4\ognl-3.3.4.jar;C:\Users\ketas\.m2\repository\org\javassist\javassist\3.29.0-GA\javassist-3.29.0-GA.jar;C:\Users\ketas\.m2\repository\org\attoparser\attoparser\2.0.7.RELEASE\attoparser-2.0.7.RELEASE.jar;C:\Users\ketas\.m2\repository\org\unbescape\unbescape\1.1.6.RELEASE\unbescape-1.1.6.RELEASE.jar;C:\Users\ketas\.m2\repository\org\slf4j\slf4j-api\2.0.9\slf4j-api-2.0.9.jar;C:\Users\ketas\.m2\repository\jakarta\validation\jakarta.validation-api\3.0.2\jakarta.validation-api-3.0.2.jar;C:\Users\ketas\.m2\repository\org\thymeleaf\extras\thymeleaf-extras-java8time\3.0.4.RELEASE\thymeleaf-extras-java8time-3.0.4.RELEASE.jar
Launcher Type: SUN_STANDARD

[Global flags]
     intx CICompilerCount                          = 3                                         {product} {ergonomic}
     uint ConcGCThreads                            = 1                                         {product} {ergonomic}
     uint G1ConcRefinementThreads                  = 4                                         {product} {ergonomic}
   size_t G1HeapRegionSize                         = 1048576                                   {product} {ergonomic}
    uintx GCDrainStackTargetSize                   = 64                                        {product} {ergonomic}
   size_t InitialHeapSize                          = 134217728                                 {product} {ergonomic}
     bool ManagementServer                         = true                                      {product} {command line}
   size_t MarkStackSize                            = 4194304                                   {product} {ergonomic}
   size_t MaxHeapSize                              = 2126512128                                {product} {ergonomic}
   size_t MaxNewSize                               = 1275068416                                {product} {ergonomic}
   size_t MinHeapDeltaBytes                        = 1048576                                   {product} {ergonomic}
   size_t MinHeapSize                              = 8388608                                   {product} {ergonomic}
    uintx NonNMethodCodeHeapSize                   = 4096                                   {pd product} {ergonomic}
    uintx NonProfiledCodeHeapSize                  = 0                                      {pd product} {ergonomic}
     bool ProfileInterpreter                       = false                                  {pd product} {command line}
    uintx ProfiledCodeHeapSize                     = 0                                      {pd product} {ergonomic}
     bool ShowCodeDetailsInExceptionMessages       = true                                   {manageable} {command line}
   size_t SoftMaxHeapSize                          = 2126512128                             {manageable} {ergonomic}
     intx TieredStopAtLevel                        = 1                                         {product} {command line}
     bool UseCompressedOops                        = true                           {product lp64_product} {ergonomic}
     bool UseG1GC                                  = true                                      {product} {ergonomic}
     bool UseLargePagesIndividualAllocation        = false                                  {pd product} {ergonomic}

Logging:
Log output configuration:
 #0: stdout all=warning uptime,level,tags foldmultilines=false
 #1: stderr all=off uptime,level,tags foldmultilines=false

Environment Variables:
JAVA_HOME=C:\Program Files\Java\jdk-16.0.2
PATH=C:/pleiades/2023-12/java/17/bin/server;C:/pleiades/2023-12/java/17/bin;C:\Program Files\Common Files\Oracle\Java\javapath;C:\Program Files (x86)\Intel\iCLS Client\;C:\Program Files\Intel\iCLS Client\;C:\WINDOWS\system32;C:\WINDOWS;C:\WINDOWS\System32\Wbem;C:\WINDOWS\System32\WindowsPowerShell\v1.0\;C:\Program Files\Intel\Intel(R) Management Engine Components\DAL;C:\Program Files (x86)\Intel\Intel(R) Management Engine Components\DAL;C:\Program Files\Intel\Intel(R) Management Engine Components\IPT;C:\Program Files (x86)\Intel\Intel(R) Management Engine Components\IPT;C:\WINDOWS\System32\OpenSSH\;C:\Program Files\Intel\WiFi\bin\;C:\Program Files\Common Files\Intel\WirelessCommon\;C:\Program Files\Git\cmd;C:\Program Files\Java\jdk-16.0.2\bin;C:\Users\ketas\scoop\shims;C:\Users\ketas\AppData\Local\Microsoft\WindowsApps;C:\Users\ketas\AppData\Local\atom\bin;C:\Users\ketas\AppData\Local\Programs\Microsoft VS Code\bin;C:\Program Files\PostgreSQL\13\bin;;C:\pleiades\2023-12\eclipse;
USERNAME=ketas
OS=Windows_NT
PROCESSOR_IDENTIFIER=Intel64 Family 6 Model 61 Stepping 4, GenuineIntel
TMP=C:\Users\ketas\AppData\Local\Temp
TEMP=C:\Users\ketas\AppData\Local\Temp




Periodic native trim disabled

---------------  S Y S T E M  ---------------

OS:
 Windows 10 , 64 bit Build 19041 (10.0.19041.3636)
OS uptime: 2 days 18:40 hours

CPU: total 4 (initial active 4) (2 cores per cpu, 2 threads per core) family 6 model 61 stepping 4 microcode 0x2d, cx8, cmov, fxsr, ht, mmx, 3dnowpref, sse, sse2, sse3, ssse3, sse4.1, sse4.2, popcnt, lzcnt, tsc, tscinvbit, avx, avx2, aes, erms, clmul, bmi1, bmi2, adx, fma, vzeroupper, clflush, rdtscp, f16c
Processor Information for all 4 processors :
  Max Mhz: 2401, Current Mhz: 2400, Mhz Limit: 2376

Memory: 4k page, system-wide physical 8107M (793M free)
TotalPageFile size 10916M (AvailPageFile size 1920M)
current process WorkingSet (physical memory assigned to process): 282M, peak: 282M
current process commit charge ("private bytes"): 315M, peak: 316M

vm_info: OpenJDK 64-Bit Server VM (21.0.1+12-LTS) for windows-amd64 JRE (21.0.1+12-LTS), built on 2023-10-17T00:00:00Z by "admin" with unknown MS VC++:1937

END.
